Change number: 0
Animal was moved from (1,7)  to (2,8)
 y\x  0 1 2 3 4 5 6 7 8 9
 10: ---------------------
  9: | | | | | | | | | | |
  8: | | |NE| | |SW| | | | |
  7: | | | | | |SW| | | | |
  6: | | | | | | | | | | |
  5: |*|*|*|*|W| |*|*| |*|
  4: |NW| | | | | | | | | |
  3: |E| | |NE| | | | |*| |
  2: | | | |NE| |W| | | |*|
  1: | | | | | | | | | | |
  0: | | | | |SE| | | | | |
 -1: ---------------------

Change number: 1
Animal was moved from (4,0)  to (4,1)
 y\x  0 1 2 3 4 5 6 7 8 9
 10: ---------------------
  9: | | | | | | | | | | |
  8: | | |NE| | |SW| | | | |
  7: | | | | | |SW| | | | |
  6: | | | | | | | | | | |
  5: |*|*|*|*|W| |*|*| |*|
  4: |NW| | | | | | | | | |
  3: |E| | |NE| | | | |*| |
  2: | | | |NE| |W| | | |*|
  1: | | | | |N| | | | | |
  0: | | | | | | | | | | |
 -1: ---------------------

Change number: 2
Animal was moved from (3,2)  to (2,2)
 y\x  0 1 2 3 4 5 6 7 8 9
 10: ---------------------
  9: | | | | | | | | | | |
  8: | | |NE| | |SW| | | | |
  7: | | | | | |SW| | | | |
  6: | | | | | | | | | | |
  5: |*|*|*|*|W| |*|*| |*|
  4: |NW| | | | | | | | | |
  3: |E| | |NE| | | | |*| |
  2: | | |W| | |W| | | |*|
  1: | | | | |N| | | | | |
  0: | | | | | | | | | | |
 -1: ---------------------

Change number: 3
Animal was moved from (3,3)  to (4,2)
 y\x  0 1 2 3 4 5 6 7 8 9
 10: ---------------------
  9: | | | | | | | | | | |
  8: | | |NE| | |SW| | | | |
  7: | | | | | |SW| | | | |
  6: | | | | | | | | | | |
  5: |*|*|*|*|W| |*|*| |*|
  4: |NW| | | | | | | | | |
  3: |E| | | | | | | |*| |
  2: | | |W| |SE|W| | | |*|
  1: | | | | |N| | | | | |
  0: | | | | | | | | | | |
 -1: ---------------------

Change number: 4
Animal was moved from (0,3)  to (1,4)
 y\x  0 1 2 3 4 5 6 7 8 9
 10: ---------------------
  9: | | | | | | | | | | |
  8: | | |NE| | |SW| | | | |
  7: | | | | | |SW| | | | |
  6: | | | | | | | | | | |
  5: |*|*|*|*|W| |*|*| |*|
  4: |NW|NE| | | | | | | | |
  3: | | | | | | | | |*| |
  2: | | |W| |SE|W| | | |*|
  1: | | | | |N| | | | | |
  0: | | | | | | | | | | |
 -1: ---------------------

Change number: 5
Animal was moved from (4,5)  to (4,4)
 y\x  0 1 2 3 4 5 6 7 8 9
 10: ---------------------
  9: | | | | | | | | | | |
  8: | | |NE| | |SW| | | | |
  7: | | | | | |SW| | | | |
  6: | | | | | | | | | | |
  5: |*|*|*|*|*| |*|*| |*|
  4: |NW|NE| | |S| | | | | |
  3: | | | | | | | | |*| |
  2: | | |W| |SE|W| | | |*|
  1: | | | | |N| | | | | |
  0: | | | | | | | | | | |
 -1: ---------------------

Change number: 6
Animal was moved from (5,2)  to (6,2)
 y\x  0 1 2 3 4 5 6 7 8 9
 10: ---------------------
  9: | | | | | | | | | | |
  8: | | |NE| | |SW| | | | |
  7: | | | | | |SW| | | | |
  6: | | | | | | | | | | |
  5: |*|*|*|*|*| |*|*| |*|
  4: |NW|NE| | |S| | | | | |
  3: | | | | | | | | |*| |
  2: | | |W| |SE| |E| | |*|
  1: | | | | |N| | | | | |
  0: | | | | | | | | | | |
 -1: ---------------------

Change number: 7
Animal was moved from (5,7)  to (6,6)
 y\x  0 1 2 3 4 5 6 7 8 9
 10: ---------------------
  9: | | | | | | | | | | |
  8: | | |NE| | |SW| | | | |
  7: | | | | | | | | | | |
  6: | | | | | | |SE| | | |
  5: |*|*|*|*|*| |*|*| |*|
  4: |NW|NE| | |S| | | | | |
  3: | | | | | | | | |*| |
  2: | | |W| |SE| |E| | |*|
  1: | | | | |N| | | | | |
  0: | | | | | | | | | | |
 -1: ---------------------

Change number: 8
Animal was moved from (5,8)  to (4,8)
 y\x  0 1 2 3 4 5 6 7 8 9
 10: ---------------------
  9: | | | | | | | | | | |
  8: | | |NE| |W| | | | | |
  7: | | | | | | | | | | |
  6: | | | | | | |SE| | | |
  5: |*|*|*|*|*| |*|*| |*|
  4: |NW|NE| | |S| | | | | |
  3: | | | | | | | | |*| |
  2: | | |W| |SE| |E| | |*|
  1: | | | | |N| | | | | |
  0: | | | | | | | | | | |
 -1: ---------------------

Change number: 9
Animal was moved from (0,4)  to (0,5)
 y\x  0 1 2 3 4 5 6 7 8 9
 10: ---------------------
  9: | | | | | | | | | | |
  8: | | |NE| |W| | | | | |
  7: | | | | | | | | | | |
  6: | | | | | | |SE| | | |
  5: |N|*|*|*|*| |*|*| |*|
  4: | |NE| | |S| | | | | |
  3: | | | | | | | | |*| |
  2: | | |W| |SE| |E| | |*|
  1: | | | | |N| | | | | |
  0: | | | | | | | | | | |
 -1: ---------------------

Change number: 10
Plant * has been eaten at (0,5)
 y\x  0 1 2 3 4 5 6 7 8 9
 10: ---------------------
  9: | | | | | | | | | | |
  8: | | |NE| |W| | | | | |
  7: | | | | | | | | | | |
  6: | | | | | | |SE| | | |
  5: |N|*|*|*|*| |*|*| |*|
  4: | |NE| | |S| | | | | |
  3: | | | | | | | | |*| |
  2: | | |W| |SE| |E| | |*|
  1: | | | | |N| | | | | |
  0: | | | | | | | | | | |
 -1: ---------------------

Change number: 11
New plant * has grown at (0,1)
 y\x  0 1 2 3 4 5 6 7 8 9
 10: ---------------------
  9: | | | | | | | | | | |
  8: | | |NE| |W| | | | | |
  7: | | | | | | | | | | |
  6: | | | | | | |SE| | | |
  5: |N|*|*|*|*| |*|*| |*|
  4: | |NE| | |S| | | | | |
  3: | | | | | | | | |*| |
  2: | | |W| |SE| |E| | |*|
  1: |*| | | |N| | | | | |
  0: | | | | | | | | | | |
 -1: ---------------------

Change number: 12
New plant * has grown at (3,6)
 y\x  0 1 2 3 4 5 6 7 8 9
 10: ---------------------
  9: | | | | | | | | | | |
  8: | | |NE| |W| | | | | |
  7: | | | | | | | | | | |
  6: | | | |*| | |SE| | | |
  5: |N|*|*|*|*| |*|*| |*|
  4: | |NE| | |S| | | | | |
  3: | | | | | | | | |*| |
  2: | | |W| |SE| |E| | |*|
  1: |*| | | |N| | | | | |
  0: | | | | | | | | | | |
 -1: ---------------------

Change number: 13
New plant * has grown at (2,1)
 y\x  0 1 2 3 4 5 6 7 8 9
 10: ---------------------
  9: | | | | | | | | | | |
  8: | | |NE| |W| | | | | |
  7: | | | | | | | | | | |
  6: | | | |*| | |SE| | | |
  5: |N|*|*|*|*| |*|*| |*|
  4: | |NE| | |S| | | | | |
  3: | | | | | | | | |*| |
  2: | | |W| |SE| |E| | |*|
  1: |*| |*| |N| | | | | |
  0: | | | | | | | | | | |
 -1: ---------------------

Change number: 14
New plant * has grown at (5,5)
 y\x  0 1 2 3 4 5 6 7 8 9
 10: ---------------------
  9: | | | | | | | | | | |
  8: | | |NE| |W| | | | | |
  7: | | | | | | | | | | |
  6: | | | |*| | |SE| | | |
  5: |N|*|*|*|*|*|*|*| |*|
  4: | |NE| | |S| | | | | |
  3: | | | | | | | | |*| |
  2: | | |W| |SE| |E| | |*|
  1: |*| |*| |N| | | | | |
  0: | | | | | | | | | | |
 -1: ---------------------

Change number: 15
New plant * has grown at (1,8)
 y\x  0 1 2 3 4 5 6 7 8 9
 10: ---------------------
  9: | | | | | | | | | | |
  8: | |*|NE| |W| | | | | |
  7: | | | | | | | | | | |
  6: | | | |*| | |SE| | | |
  5: |N|*|*|*|*|*|*|*| |*|
  4: | |NE| | |S| | | | | |
  3: | | | | | | | | |*| |
  2: | | |W| |SE| |E| | |*|
  1: |*| |*| |N| | | | | |
  0: | | | | | | | | | | |
 -1: ---------------------

Change number: 16
New plant * has grown at (7,0)
 y\x  0 1 2 3 4 5 6 7 8 9
 10: ---------------------
  9: | | | | | | | | | | |
  8: | |*|NE| |W| | | | | |
  7: | | | | | | | | | | |
  6: | | | |*| | |SE| | | |
  5: |N|*|*|*|*|*|*|*| |*|
  4: | |NE| | |S| | | | | |
  3: | | | | | | | | |*| |
  2: | | |W| |SE| |E| | |*|
  1: |*| |*| |N| | | | | |
  0: | | | | | | | |*| | |
 -1: ---------------------

Change number: 17
New plant * has grown at (6,6)
 y\x  0 1 2 3 4 5 6 7 8 9
 10: ---------------------
  9: | | | | | | | | | | |
  8: | |*|NE| |W| | | | | |
  7: | | | | | | | | | | |
  6: | | | |*| | |SE| | | |
  5: |N|*|*|*|*|*|*|*| |*|
  4: | |NE| | |S| | | | | |
  3: | | | | | | | | |*| |
  2: | | |W| |SE| |E| | |*|
  1: |*| |*| |N| | | | | |
  0: | | | | | | | |*| | |
 -1: ---------------------

Change number: 18
New plant * has grown at (2,8)
 y\x  0 1 2 3 4 5 6 7 8 9
 10: ---------------------
  9: | | | | | | | | | | |
  8: | |*|NE| |W| | | | | |
  7: | | | | | | | | | | |
  6: | | | |*| | |SE| | | |
  5: |N|*|*|*|*|*|*|*| |*|
  4: | |NE| | |S| | | | | |
  3: | | | | | | | | |*| |
  2: | | |W| |SE| |E| | |*|
  1: |*| |*| |N| | | | | |
  0: | | | | | | | |*| | |
 -1: ---------------------

Change number: 19
New plant * has grown at (3,2)
 y\x  0 1 2 3 4 5 6 7 8 9
 10: ---------------------
  9: | | | | | | | | | | |
  8: | |*|NE| |W| | | | | |
  7: | | | | | | | | | | |
  6: | | | |*| | |SE| | | |
  5: |N|*|*|*|*|*|*|*| |*|
  4: | |NE| | |S| | | | | |
  3: | | | | | | | | |*| |
  2: | | |W|*|SE| |E| | |*|
  1: |*| |*| |N| | | | | |
  0: | | | | | | | |*| | |
 -1: ---------------------

Change number: 20
New plant * has grown at (0,2)
 y\x  0 1 2 3 4 5 6 7 8 9
 10: ---------------------
  9: | | | | | | | | | | |
  8: | |*|NE| |W| | | | | |
  7: | | | | | | | | | | |
  6: | | | |*| | |SE| | | |
  5: |N|*|*|*|*|*|*|*| |*|
  4: | |NE| | |S| | | | | |
  3: | | | | | | | | |*| |
  2: |*| |W|*|SE| |E| | |*|
  1: |*| |*| |N| | | | | |
  0: | | | | | | | |*| | |
 -1: ---------------------

Change number: 21
Animal was moved from (2,8)  to (3,9)
 y\x  0 1 2 3 4 5 6 7 8 9
 10: ---------------------
  9: | | | |NE| | | | | | |
  8: | |*|*| |W| | | | | |
  7: | | | | | | | | | | |
  6: | | | |*| | |SE| | | |
  5: |N|*|*|*|*|*|*|*| |*|
  4: | |NE| | |S| | | | | |
  3: | | | | | | | | |*| |
  2: |*| |W|*|SE| |E| | |*|
  1: |*| |*| |N| | | | | |
  0: | | | | | | | |*| | |
 -1: ---------------------

Change number: 22
Animal was moved from (4,1)  to (5,2)
 y\x  0 1 2 3 4 5 6 7 8 9
 10: ---------------------
  9: | | | |NE| | | | | | |
  8: | |*|*| |W| | | | | |
  7: | | | | | | | | | | |
  6: | | | |*| | |SE| | | |
  5: |N|*|*|*|*|*|*|*| |*|
  4: | |NE| | |S| | | | | |
  3: | | | | | | | | |*| |
  2: |*| |W|*|SE|NE|E| | |*|
  1: |*| |*| | | | | | | |
  0: | | | | | | | |*| | |
 -1: ---------------------

Change number: 23
Animal was moved from (2,2)  to (3,3)
 y\x  0 1 2 3 4 5 6 7 8 9
 10: ---------------------
  9: | | | |NE| | | | | | |
  8: | |*|*| |W| | | | | |
  7: | | | | | | | | | | |
  6: | | | |*| | |SE| | | |
  5: |N|*|*|*|*|*|*|*| |*|
  4: | |NE| | |S| | | | | |
  3: | | | |NE| | | | |*| |
  2: |*| | |*|SE|NE|E| | |*|
  1: |*| |*| | | | | | | |
  0: | | | | | | | |*| | |
 -1: ---------------------

Change number: 24
Animal was moved from (4,2)  to (3,2)
 y\x  0 1 2 3 4 5 6 7 8 9
 10: ---------------------
  9: | | | |NE| | | | | | |
  8: | |*|*| |W| | | | | |
  7: | | | | | | | | | | |
  6: | | | |*| | |SE| | | |
  5: |N|*|*|*|*|*|*|*| |*|
  4: | |NE| | |S| | | | | |
  3: | | | |NE| | | | |*| |
  2: |*| | |W| |NE|E| | |*|
  1: |*| |*| | | | | | | |
  0: | | | | | | | |*| | |
 -1: ---------------------

Change number: 25
Animal was moved from (1,4)  to (1,5)
 y\x  0 1 2 3 4 5 6 7 8 9
 10: ---------------------
  9: | | | |NE| | | | | | |
  8: | |*|*| |W| | | | | |
  7: | | | | | | | | | | |
  6: | | | |*| | |SE| | | |
  5: |N|N|*|*|*|*|*|*| |*|
  4: | | | | |S| | | | | |
  3: | | | |NE| | | | |*| |
  2: |*| | |W| |NE|E| | |*|
  1: |*| |*| | | | | | | |
  0: | | | | | | | |*| | |
 -1: ---------------------

Change number: 26
Animal was moved from (4,4)  to (4,5)
 y\x  0 1 2 3 4 5 6 7 8 9
 10: ---------------------
  9: | | | |NE| | | | | | |
  8: | |*|*| |W| | | | | |
  7: | | | | | | | | | | |
  6: | | | |*| | |SE| | | |
  5: |N|N|*|*|N|*|*|*| |*|
  4: | | | | | | | | | | |
  3: | | | |NE| | | | |*| |
  2: |*| | |W| |NE|E| | |*|
  1: |*| |*| | | | | | | |
  0: | | | | | | | |*| | |
 -1: ---------------------

Change number: 27
Animal was moved from (6,2)  to (7,3)
 y\x  0 1 2 3 4 5 6 7 8 9
 10: ---------------------
  9: | | | |NE| | | | | | |
  8: | |*|*| |W| | | | | |
  7: | | | | | | | | | | |
  6: | | | |*| | |SE| | | |
  5: |N|N|*|*|N|*|*|*| |*|
  4: | | | | | | | | | | |
  3: | | | |NE| | | |NE|*| |
  2: |*| | |W| |NE| | | |*|
  1: |*| |*| | | | | | | |
  0: | | | | | | | |*| | |
 -1: ---------------------

Change number: 28
Animal was moved from (6,6)  to (5,7)
 y\x  0 1 2 3 4 5 6 7 8 9
 10: ---------------------
  9: | | | |NE| | | | | | |
  8: | |*|*| |W| | | | | |
  7: | | | | | |NW| | | | |
  6: | | | |*| | |*| | | |
  5: |N|N|*|*|N|*|*|*| |*|
  4: | | | | | | | | | | |
  3: | | | |NE| | | |NE|*| |
  2: |*| | |W| |NE| | | |*|
  1: |*| |*| | | | | | | |
  0: | | | | | | | |*| | |
 -1: ---------------------

Change number: 29
Animal was moved from (4,8)  to (4,9)
 y\x  0 1 2 3 4 5 6 7 8 9
 10: ---------------------
  9: | | | |NE|N| | | | | |
  8: | |*|*| | | | | | | |
  7: | | | | | |NW| | | | |
  6: | | | |*| | |*| | | |
  5: |N|N|*|*|N|*|*|*| |*|
  4: | | | | | | | | | | |
  3: | | | |NE| | | |NE|*| |
  2: |*| | |W| |NE| | | |*|
  1: |*| |*| | | | | | | |
  0: | | | | | | | |*| | |
 -1: ---------------------

Change number: 30
Animal was moved from (0,5)  to (0,6)
 y\x  0 1 2 3 4 5 6 7 8 9
 10: ---------------------
  9: | | | |NE|N| | | | | |
  8: | |*|*| | | | | | | |
  7: | | | | | |NW| | | | |
  6: |N| | |*| | |*| | | |
  5: | |N|*|*|N|*|*|*| |*|
  4: | | | | | | | | | | |
  3: | | | |NE| | | |NE|*| |
  2: |*| | |W| |NE| | | |*|
  1: |*| |*| | | | | | | |
  0: | | | | | | | |*| | |
 -1: ---------------------

Change number: 31
Plant * has been eaten at (3,2)
 y\x  0 1 2 3 4 5 6 7 8 9
 10: ---------------------
  9: | | | |NE|N| | | | | |
  8: | |*|*| | | | | | | |
  7: | | | | | |NW| | | | |
  6: |N| | |*| | |*| | | |
  5: | |N|*|*|N|*|*|*| |*|
  4: | | | | | | | | | | |
  3: | | | |NE| | | |NE|*| |
  2: |*| | |W| |NE| | | |*|
  1: |*| |*| | | | | | | |
  0: | | | | | | | |*| | |
 -1: ---------------------

Change number: 32
Plant * has been eaten at (4,5)
 y\x  0 1 2 3 4 5 6 7 8 9
 10: ---------------------
  9: | | | |NE|N| | | | | |
  8: | |*|*| | | | | | | |
  7: | | | | | |NW| | | | |
  6: |N| | |*| | |*| | | |
  5: | |N|*|*|N|*|*|*| |*|
  4: | | | | | | | | | | |
  3: | | | |NE| | | |NE|*| |
  2: |*| | |W| |NE| | | |*|
  1: |*| |*| | | | | | | |
  0: | | | | | | | |*| | |
 -1: ---------------------

Change number: 33
Plant * has been eaten at (1,5)
 y\x  0 1 2 3 4 5 6 7 8 9
 10: ---------------------
  9: | | | |NE|N| | | | | |
  8: | |*|*| | | | | | | |
  7: | | | | | |NW| | | | |
  6: |N| | |*| | |*| | | |
  5: | |N|*|*|N|*|*|*| |*|
  4: | | | | | | | | | | |
  3: | | | |NE| | | |NE|*| |
  2: |*| | |W| |NE| | | |*|
  1: |*| |*| | | | | | | |
  0: | | | | | | | |*| | |
 -1: ---------------------

Change number: 34
New plant * has grown at (6,4)
 y\x  0 1 2 3 4 5 6 7 8 9
 10: ---------------------
  9: | | | |NE|N| | | | | |
  8: | |*|*| | | | | | | |
  7: | | | | | |NW| | | | |
  6: |N| | |*| | |*| | | |
  5: | |N|*|*|N|*|*|*| |*|
  4: | | | | | | |*| | | |
  3: | | | |NE| | | |NE|*| |
  2: |*| | |W| |NE| | | |*|
  1: |*| |*| | | | | | | |
  0: | | | | | | | |*| | |
 -1: ---------------------

Change number: 35
New plant * has grown at (6,1)
 y\x  0 1 2 3 4 5 6 7 8 9
 10: ---------------------
  9: | | | |NE|N| | | | | |
  8: | |*|*| | | | | | | |
  7: | | | | | |NW| | | | |
  6: |N| | |*| | |*| | | |
  5: | |N|*|*|N|*|*|*| |*|
  4: | | | | | | |*| | | |
  3: | | | |NE| | | |NE|*| |
  2: |*| | |W| |NE| | | |*|
  1: |*| |*| | | |*| | | |
  0: | | | | | | | |*| | |
 -1: ---------------------

Change number: 36
New plant * has grown at (7,9)
 y\x  0 1 2 3 4 5 6 7 8 9
 10: ---------------------
  9: | | | |NE|N| | |*| | |
  8: | |*|*| | | | | | | |
  7: | | | | | |NW| | | | |
  6: |N| | |*| | |*| | | |
  5: | |N|*|*|N|*|*|*| |*|
  4: | | | | | | |*| | | |
  3: | | | |NE| | | |NE|*| |
  2: |*| | |W| |NE| | | |*|
  1: |*| |*| | | |*| | | |
  0: | | | | | | | |*| | |
 -1: ---------------------

Change number: 37
New plant * has grown at (7,8)
 y\x  0 1 2 3 4 5 6 7 8 9
 10: ---------------------
  9: | | | |NE|N| | |*| | |
  8: | |*|*| | | | |*| | |
  7: | | | | | |NW| | | | |
  6: |N| | |*| | |*| | | |
  5: | |N|*|*|N|*|*|*| |*|
  4: | | | | | | |*| | | |
  3: | | | |NE| | | |NE|*| |
  2: |*| | |W| |NE| | | |*|
  1: |*| |*| | | |*| | | |
  0: | | | | | | | |*| | |
 -1: ---------------------

Change number: 38
New plant * has grown at (2,4)
 y\x  0 1 2 3 4 5 6 7 8 9
 10: ---------------------
  9: | | | |NE|N| | |*| | |
  8: | |*|*| | | | |*| | |
  7: | | | | | |NW| | | | |
  6: |N| | |*| | |*| | | |
  5: | |N|*|*|N|*|*|*| |*|
  4: | | |*| | | |*| | | |
  3: | | | |NE| | | |NE|*| |
  2: |*| | |W| |NE| | | |*|
  1: |*| |*| | | |*| | | |
  0: | | | | | | | |*| | |
 -1: ---------------------

Change number: 39
New plant * has grown at (1,3)
 y\x  0 1 2 3 4 5 6 7 8 9
 10: ---------------------
  9: | | | |NE|N| | |*| | |
  8: | |*|*| | | | |*| | |
  7: | | | | | |NW| | | | |
  6: |N| | |*| | |*| | | |
  5: | |N|*|*|N|*|*|*| |*|
  4: | | |*| | | |*| | | |
  3: | |*| |NE| | | |NE|*| |
  2: |*| | |W| |NE| | | |*|
  1: |*| |*| | | |*| | | |
  0: | | | | | | | |*| | |
 -1: ---------------------

Change number: 40
New plant * has grown at (5,9)
 y\x  0 1 2 3 4 5 6 7 8 9
 10: ---------------------
  9: | | | |NE|N|*| |*| | |
  8: | |*|*| | | | |*| | |
  7: | | | | | |NW| | | | |
  6: |N| | |*| | |*| | | |
  5: | |N|*|*|N|*|*|*| |*|
  4: | | |*| | | |*| | | |
  3: | |*| |NE| | | |NE|*| |
  2: |*| | |W| |NE| | | |*|
  1: |*| |*| | | |*| | | |
  0: | | | | | | | |*| | |
 -1: ---------------------

Change number: 41
New plant * has grown at (7,6)
 y\x  0 1 2 3 4 5 6 7 8 9
 10: ---------------------
  9: | | | |NE|N|*| |*| | |
  8: | |*|*| | | | |*| | |
  7: | | | | | |NW| | | | |
  6: |N| | |*| | |*|*| | |
  5: | |N|*|*|N|*|*|*| |*|
  4: | | |*| | | |*| | | |
  3: | |*| |NE| | | |NE|*| |
  2: |*| | |W| |NE| | | |*|
  1: |*| |*| | | |*| | | |
  0: | | | | | | | |*| | |
 -1: ---------------------

Change number: 42
New plant * has grown at (5,4)
 y\x  0 1 2 3 4 5 6 7 8 9
 10: ---------------------
  9: | | | |NE|N|*| |*| | |
  8: | |*|*| | | | |*| | |
  7: | | | | | |NW| | | | |
  6: |N| | |*| | |*|*| | |
  5: | |N|*|*|N|*|*|*| |*|
  4: | | |*| | |*|*| | | |
  3: | |*| |NE| | | |NE|*| |
  2: |*| | |W| |NE| | | |*|
  1: |*| |*| | | |*| | | |
  0: | | | | | | | |*| | |
 -1: ---------------------

Change number: 43
New plant * has grown at (4,8)
 y\x  0 1 2 3 4 5 6 7 8 9
 10: ---------------------
  9: | | | |NE|N|*| |*| | |
  8: | |*|*| |*| | |*| | |
  7: | | | | | |NW| | | | |
  6: |N| | |*| | |*|*| | |
  5: | |N|*|*|N|*|*|*| |*|
  4: | | |*| | |*|*| | | |
  3: | |*| |NE| | | |NE|*| |
  2: |*| | |W| |NE| | | |*|
  1: |*| |*| | | |*| | | |
  0: | | | | | | | |*| | |
 -1: ---------------------

Change number: 44
Animal was moved from (3,9)  to (2,9)
 y\x  0 1 2 3 4 5 6 7 8 9
 10: ---------------------
  9: | | |W| |N|*| |*| | |
  8: | |*|*| |*| | |*| | |
  7: | | | | | |NW| | | | |
  6: |N| | |*| | |*|*| | |
  5: | |N|*|*|N|*|*|*| |*|
  4: | | |*| | |*|*| | | |
  3: | |*| |NE| | | |NE|*| |
  2: |*| | |W| |NE| | | |*|
  1: |*| |*| | | |*| | | |
  0: | | | | | | | |*| | |
 -1: ---------------------

Change number: 45
Animal was moved from (5,2)  to (6,1)
 y\x  0 1 2 3 4 5 6 7 8 9
 10: ---------------------
  9: | | |W| |N|*| |*| | |
  8: | |*|*| |*| | |*| | |
  7: | | | | | |NW| | | | |
  6: |N| | |*| | |*|*| | |
  5: | |N|*|*|N|*|*|*| |*|
  4: | | |*| | |*|*| | | |
  3: | |*| |NE| | | |NE|*| |
  2: |*| | |W| | | | | |*|
  1: |*| |*| | | |SE| | | |
  0: | | | | | | | |*| | |
 -1: ---------------------

Change number: 46
Animal was moved from (3,3)  to (2,3)
 y\x  0 1 2 3 4 5 6 7 8 9
 10: ---------------------
  9: | | |W| |N|*| |*| | |
  8: | |*|*| |*| | |*| | |
  7: | | | | | |NW| | | | |
  6: |N| | |*| | |*|*| | |
  5: | |N|*|*|N|*|*|*| |*|
  4: | | |*| | |*|*| | | |
  3: | |*|W| | | | |NE|*| |
  2: |*| | |W| | | | | |*|
  1: |*| |*| | | |SE| | | |
  0: | | | | | | | |*| | |
 -1: ---------------------

Change number: 47
Animal was moved from (3,2)  to (2,2)
 y\x  0 1 2 3 4 5 6 7 8 9
 10: ---------------------
  9: | | |W| |N|*| |*| | |
  8: | |*|*| |*| | |*| | |
  7: | | | | | |NW| | | | |
  6: |N| | |*| | |*|*| | |
  5: | |N|*|*|N|*|*|*| |*|
  4: | | |*| | |*|*| | | |
  3: | |*|W| | | | |NE|*| |
  2: |*| |W| | | | | | |*|
  1: |*| |*| | | |SE| | | |
  0: | | | | | | | |*| | |
 -1: ---------------------

Change number: 48
Animal was moved from (1,5)  to (0,4)
 y\x  0 1 2 3 4 5 6 7 8 9
 10: ---------------------
  9: | | |W| |N|*| |*| | |
  8: | |*|*| |*| | |*| | |
  7: | | | | | |NW| | | | |
  6: |N| | |*| | |*|*| | |
  5: | | |*|*|N|*|*|*| |*|
  4: |SW| |*| | |*|*| | | |
  3: | |*|W| | | | |NE|*| |
  2: |*| |W| | | | | | |*|
  1: |*| |*| | | |SE| | | |
  0: | | | | | | | |*| | |
 -1: ---------------------

Change number: 49
Animal was moved from (4,5)  to (3,5)
 y\x  0 1 2 3 4 5 6 7 8 9
 10: ---------------------
  9: | | |W| |N|*| |*| | |
  8: | |*|*| |*| | |*| | |
  7: | | | | | |NW| | | | |
  6: |N| | |*| | |*|*| | |
  5: | | |*|W| |*|*|*| |*|
  4: |SW| |*| | |*|*| | | |
  3: | |*|W| | | | |NE|*| |
  2: |*| |W| | | | | | |*|
  1: |*| |*| | | |SE| | | |
  0: | | | | | | | |*| | |
 -1: ---------------------

Change number: 50
Animal was moved from (7,3)  to (7,2)
 y\x  0 1 2 3 4 5 6 7 8 9
 10: ---------------------
  9: | | |W| |N|*| |*| | |
  8: | |*|*| |*| | |*| | |
  7: | | | | | |NW| | | | |
  6: |N| | |*| | |*|*| | |
  5: | | |*|W| |*|*|*| |*|
  4: |SW| |*| | |*|*| | | |
  3: | |*|W| | | | | |*| |
  2: |*| |W| | | | |S| |*|
  1: |*| |*| | | |SE| | | |
  0: | | | | | | | |*| | |
 -1: ---------------------

Change number: 51
Animal was moved from (5,7)  to (6,8)
 y\x  0 1 2 3 4 5 6 7 8 9
 10: ---------------------
  9: | | |W| |N|*| |*| | |
  8: | |*|*| |*| |NE|*| | |
  7: | | | | | | | | | | |
  6: |N| | |*| | |*|*| | |
  5: | | |*|W| |*|*|*| |*|
  4: |SW| |*| | |*|*| | | |
  3: | |*|W| | | | | |*| |
  2: |*| |W| | | | |S| |*|
  1: |*| |*| | | |SE| | | |
  0: | | | | | | | |*| | |
 -1: ---------------------

Change number: 52
Animal was moved from (4,9)  to (5,9)
 y\x  0 1 2 3 4 5 6 7 8 9
 10: ---------------------
  9: | | |W| | |E| |*| | |
  8: | |*|*| |*| |NE|*| | |
  7: | | | | | | | | | | |
  6: |N| | |*| | |*|*| | |
  5: | | |*|W| |*|*|*| |*|
  4: |SW| |*| | |*|*| | | |
  3: | |*|W| | | | | |*| |
  2: |*| |W| | | | |S| |*|
  1: |*| |*| | | |SE| | | |
  0: | | | | | | | |*| | |
 -1: ---------------------

Change number: 53
Animal was moved from (0,6)  to (0,5)
 y\x  0 1 2 3 4 5 6 7 8 9
 10: ---------------------
  9: | | |W| | |E| |*| | |
  8: | |*|*| |*| |NE|*| | |
  7: | | | | | | | | | | |
  6: | | | |*| | |*|*| | |
  5: |S| |*|W| |*|*|*| |*|
  4: |SW| |*| | |*|*| | | |
  3: | |*|W| | | | | |*| |
  2: |*| |W| | | | |S| |*|
  1: |*| |*| | | |SE| | | |
  0: | | | | | | | |*| | |
 -1: ---------------------

Change number: 54
Plant * has been eaten at (3,5)
 y\x  0 1 2 3 4 5 6 7 8 9
 10: ---------------------
  9: | | |W| | |E| |*| | |
  8: | |*|*| |*| |NE|*| | |
  7: | | | | | | | | | | |
  6: | | | |*| | |*|*| | |
  5: |S| |*|W| |*|*|*| |*|
  4: |SW| |*| | |*|*| | | |
  3: | |*|W| | | | | |*| |
  2: |*| |W| | | | |S| |*|
  1: |*| |*| | | |SE| | | |
  0: | | | | | | | |*| | |
 -1: ---------------------

Change number: 55
Plant * has been eaten at (5,9)
 y\x  0 1 2 3 4 5 6 7 8 9
 10: ---------------------
  9: | | |W| | |E| |*| | |
  8: | |*|*| |*| |NE|*| | |
  7: | | | | | | | | | | |
  6: | | | |*| | |*|*| | |
  5: |S| |*|W| |*|*|*| |*|
  4: |SW| |*| | |*|*| | | |
  3: | |*|W| | | | | |*| |
  2: |*| |W| | | | |S| |*|
  1: |*| |*| | | |SE| | | |
  0: | | | | | | | |*| | |
 -1: ---------------------

Change number: 56
Plant * has been eaten at (6,1)
 y\x  0 1 2 3 4 5 6 7 8 9
 10: ---------------------
  9: | | |W| | |E| |*| | |
  8: | |*|*| |*| |NE|*| | |
  7: | | | | | | | | | | |
  6: | | | |*| | |*|*| | |
  5: |S| |*|W| |*|*|*| |*|
  4: |SW| |*| | |*|*| | | |
  3: | |*|W| | | | | |*| |
  2: |*| |W| | | | |S| |*|
  1: |*| |*| | | |SE| | | |
  0: | | | | | | | |*| | |
 -1: ---------------------

Change number: 57
New plant * has grown at (1,9)
 y\x  0 1 2 3 4 5 6 7 8 9
 10: ---------------------
  9: | |*|W| | |E| |*| | |
  8: | |*|*| |*| |NE|*| | |
  7: | | | | | | | | | | |
  6: | | | |*| | |*|*| | |
  5: |S| |*|W| |*|*|*| |*|
  4: |SW| |*| | |*|*| | | |
  3: | |*|W| | | | | |*| |
  2: |*| |W| | | | |S| |*|
  1: |*| |*| | | |SE| | | |
  0: | | | | | | | |*| | |
 -1: ---------------------

Change number: 58
New plant * has grown at (3,4)
 y\x  0 1 2 3 4 5 6 7 8 9
 10: ---------------------
  9: | |*|W| | |E| |*| | |
  8: | |*|*| |*| |NE|*| | |
  7: | | | | | | | | | | |
  6: | | | |*| | |*|*| | |
  5: |S| |*|W| |*|*|*| |*|
  4: |SW| |*|*| |*|*| | | |
  3: | |*|W| | | | | |*| |
  2: |*| |W| | | | |S| |*|
  1: |*| |*| | | |SE| | | |
  0: | | | | | | | |*| | |
 -1: ---------------------

Change number: 59
New plant * has grown at (3,1)
 y\x  0 1 2 3 4 5 6 7 8 9
 10: ---------------------
  9: | |*|W| | |E| |*| | |
  8: | |*|*| |*| |NE|*| | |
  7: | | | | | | | | | | |
  6: | | | |*| | |*|*| | |
  5: |S| |*|W| |*|*|*| |*|
  4: |SW| |*|*| |*|*| | | |
  3: | |*|W| | | | | |*| |
  2: |*| |W| | | | |S| |*|
  1: |*| |*|*| | |SE| | | |
  0: | | | | | | | |*| | |
 -1: ---------------------

Change number: 60
New plant * has grown at (0,3)
 y\x  0 1 2 3 4 5 6 7 8 9
 10: ---------------------
  9: | |*|W| | |E| |*| | |
  8: | |*|*| |*| |NE|*| | |
  7: | | | | | | | | | | |
  6: | | | |*| | |*|*| | |
  5: |S| |*|W| |*|*|*| |*|
  4: |SW| |*|*| |*|*| | | |
  3: |*|*|W| | | | | |*| |
  2: |*| |W| | | | |S| |*|
  1: |*| |*|*| | |SE| | | |
  0: | | | | | | | |*| | |
 -1: ---------------------

Change number: 61
New plant * has grown at (2,2)
 y\x  0 1 2 3 4 5 6 7 8 9
 10: ---------------------
  9: | |*|W| | |E| |*| | |
  8: | |*|*| |*| |NE|*| | |
  7: | | | | | | | | | | |
  6: | | | |*| | |*|*| | |
  5: |S| |*|W| |*|*|*| |*|
  4: |SW| |*|*| |*|*| | | |
  3: |*|*|W| | | | | |*| |
  2: |*| |W| | | | |S| |*|
  1: |*| |*|*| | |SE| | | |
  0: | | | | | | | |*| | |
 -1: ---------------------

Change number: 62
New plant * has grown at (0,9)
 y\x  0 1 2 3 4 5 6 7 8 9
 10: ---------------------
  9: |*|*|W| | |E| |*| | |
  8: | |*|*| |*| |NE|*| | |
  7: | | | | | | | | | | |
  6: | | | |*| | |*|*| | |
  5: |S| |*|W| |*|*|*| |*|
  4: |SW| |*|*| |*|*| | | |
  3: |*|*|W| | | | | |*| |
  2: |*| |W| | | | |S| |*|
  1: |*| |*|*| | |SE| | | |
  0: | | | | | | | |*| | |
 -1: ---------------------

Change number: 63
New plant * has grown at (1,2)
 y\x  0 1 2 3 4 5 6 7 8 9
 10: ---------------------
  9: |*|*|W| | |E| |*| | |
  8: | |*|*| |*| |NE|*| | |
  7: | | | | | | | | | | |
  6: | | | |*| | |*|*| | |
  5: |S| |*|W| |*|*|*| |*|
  4: |SW| |*|*| |*|*| | | |
  3: |*|*|W| | | | | |*| |
  2: |*|*|W| | | | |S| |*|
  1: |*| |*|*| | |SE| | | |
  0: | | | | | | | |*| | |
 -1: ---------------------

Change number: 64
New plant * has grown at (9,4)
 y\x  0 1 2 3 4 5 6 7 8 9
 10: ---------------------
  9: |*|*|W| | |E| |*| | |
  8: | |*|*| |*| |NE|*| | |
  7: | | | | | | | | | | |
  6: | | | |*| | |*|*| | |
  5: |S| |*|W| |*|*|*| |*|
  4: |SW| |*|*| |*|*| | |*|
  3: |*|*|W| | | | | |*| |
  2: |*|*|W| | | | |S| |*|
  1: |*| |*|*| | |SE| | | |
  0: | | | | | | | |*| | |
 -1: ---------------------

Change number: 65
New plant * has grown at (3,8)
 y\x  0 1 2 3 4 5 6 7 8 9
 10: ---------------------
  9: |*|*|W| | |E| |*| | |
  8: | |*|*|*|*| |NE|*| | |
  7: | | | | | | | | | | |
  6: | | | |*| | |*|*| | |
  5: |S| |*|W| |*|*|*| |*|
  4: |SW| |*|*| |*|*| | |*|
  3: |*|*|W| | | | | |*| |
  2: |*|*|W| | | | |S| |*|
  1: |*| |*|*| | |SE| | | |
  0: | | | | | | | |*| | |
 -1: ---------------------

Change number: 66
New plant * has grown at (0,6)
 y\x  0 1 2 3 4 5 6 7 8 9
 10: ---------------------
  9: |*|*|W| | |E| |*| | |
  8: | |*|*|*|*| |NE|*| | |
  7: | | | | | | | | | | |
  6: |*| | |*| | |*|*| | |
  5: |S| |*|W| |*|*|*| |*|
  4: |SW| |*|*| |*|*| | |*|
  3: |*|*|W| | | | | |*| |
  2: |*|*|W| | | | |S| |*|
  1: |*| |*|*| | |SE| | | |
  0: | | | | | | | |*| | |
 -1: ---------------------

Change number: 67
Animal was moved from (2,9)  to (1,9)
 y\x  0 1 2 3 4 5 6 7 8 9
 10: ---------------------
  9: |*|NW| | | |E| |*| | |
  8: | |*|*|*|*| |NE|*| | |
  7: | | | | | | | | | | |
  6: |*| | |*| | |*|*| | |
  5: |S| |*|W| |*|*|*| |*|
  4: |SW| |*|*| |*|*| | |*|
  3: |*|*|W| | | | | |*| |
  2: |*|*|W| | | | |S| |*|
  1: |*| |*|*| | |SE| | | |
  0: | | | | | | | |*| | |
 -1: ---------------------

Change number: 68
Animal was moved from (6,1)  to (6,0)
 y\x  0 1 2 3 4 5 6 7 8 9
 10: ---------------------
  9: |*|NW| | | |E| |*| | |
  8: | |*|*|*|*| |NE|*| | |
  7: | | | | | | | | | | |
  6: |*| | |*| | |*|*| | |
  5: |S| |*|W| |*|*|*| |*|
  4: |SW| |*|*| |*|*| | |*|
  3: |*|*|W| | | | | |*| |
  2: |*|*|W| | | | |S| |*|
  1: |*| |*|*| | | | | | |
  0: | | | | | | |S|*| | |
 -1: ---------------------

Change number: 69
Animal was moved from (2,3)  to (3,2)
 y\x  0 1 2 3 4 5 6 7 8 9
 10: ---------------------
  9: |*|NW| | | |E| |*| | |
  8: | |*|*|*|*| |NE|*| | |
  7: | | | | | | | | | | |
  6: |*| | |*| | |*|*| | |
  5: |S| |*|W| |*|*|*| |*|
  4: |SW| |*|*| |*|*| | |*|
  3: |*|*| | | | | | |*| |
  2: |*|*|W|SE| | | |S| |*|
  1: |*| |*|*| | | | | | |
  0: | | | | | | |S|*| | |
 -1: ---------------------

Change number: 70
Animal was moved from (2,2)  to (3,2)
 y\x  0 1 2 3 4 5 6 7 8 9
 10: ---------------------
  9: |*|NW| | | |E| |*| | |
  8: | |*|*|*|*| |NE|*| | |
  7: | | | | | | | | | | |
  6: |*| | |*| | |*|*| | |
  5: |S| |*|W| |*|*|*| |*|
  4: |SW| |*|*| |*|*| | |*|
  3: |*|*| | | | | | |*| |
  2: |*|*|*|E| | | |S| |*|
  1: |*| |*|*| | | | | | |
  0: | | | | | | |S|*| | |
 -1: ---------------------

Change number: 71
Animal was moved from (0,4)  to (0,3)
 y\x  0 1 2 3 4 5 6 7 8 9
 10: ---------------------
  9: |*|NW| | | |E| |*| | |
  8: | |*|*|*|*| |NE|*| | |
  7: | | | | | | | | | | |
  6: |*| | |*| | |*|*| | |
  5: |S| |*|W| |*|*|*| |*|
  4: | | |*|*| |*|*| | |*|
  3: |S|*| | | | | | |*| |
  2: |*|*|*|E| | | |S| |*|
  1: |*| |*|*| | | | | | |
  0: | | | | | | |S|*| | |
 -1: ---------------------

Change number: 72
Animal was moved from (3,5)  to (2,4)
 y\x  0 1 2 3 4 5 6 7 8 9
 10: ---------------------
  9: |*|NW| | | |E| |*| | |
  8: | |*|*|*|*| |NE|*| | |
  7: | | | | | | | | | | |
  6: |*| | |*| | |*|*| | |
  5: |S| |*| | |*|*|*| |*|
  4: | | |SW|*| |*|*| | |*|
  3: |S|*| | | | | | |*| |
  2: |*|*|*|E| | | |S| |*|
  1: |*| |*|*| | | | | | |
  0: | | | | | | |S|*| | |
 -1: ---------------------

Change number: 73
Animal was moved from (7,2)  to (8,1)
 y\x  0 1 2 3 4 5 6 7 8 9
 10: ---------------------
  9: |*|NW| | | |E| |*| | |
  8: | |*|*|*|*| |NE|*| | |
  7: | | | | | | | | | | |
  6: |*| | |*| | |*|*| | |
  5: |S| |*| | |*|*|*| |*|
  4: | | |SW|*| |*|*| | |*|
  3: |S|*| | | | | | |*| |
  2: |*|*|*|E| | | | | |*|
  1: |*| |*|*| | | | |SE| |
  0: | | | | | | |S|*| | |
 -1: ---------------------

Change number: 74
Animal was moved from (6,8)  to (5,7)
 y\x  0 1 2 3 4 5 6 7 8 9
 10: ---------------------
  9: |*|NW| | | |E| |*| | |
  8: | |*|*|*|*| | |*| | |
  7: | | | | | |SW| | | | |
  6: |*| | |*| | |*|*| | |
  5: |S| |*| | |*|*|*| |*|
  4: | | |SW|*| |*|*| | |*|
  3: |S|*| | | | | | |*| |
  2: |*|*|*|E| | | | | |*|
  1: |*| |*|*| | | | |SE| |
  0: | | | | | | |S|*| | |
 -1: ---------------------

Change number: 75
Animal was moved from (5,9)  to (4,9)
 y\x  0 1 2 3 4 5 6 7 8 9
 10: ---------------------
  9: |*|NW| | |NW| | |*| | |
  8: | |*|*|*|*| | |*| | |
  7: | | | | | |SW| | | | |
  6: |*| | |*| | |*|*| | |
  5: |S| |*| | |*|*|*| |*|
  4: | | |SW|*| |*|*| | |*|
  3: |S|*| | | | | | |*| |
  2: |*|*|*|E| | | | | |*|
  1: |*| |*|*| | | | |SE| |
  0: | | | | | | |S|*| | |
 -1: ---------------------

Change number: 76
Animal was moved from (0,5)  to (1,5)
 y\x  0 1 2 3 4 5 6 7 8 9
 10: ---------------------
  9: |*|NW| | |NW| | |*| | |
  8: | |*|*|*|*| | |*| | |
  7: | | | | | |SW| | | | |
  6: |*| | |*| | |*|*| | |
  5: | |E|*| | |*|*|*| |*|
  4: | | |SW|*| |*|*| | |*|
  3: |S|*| | | | | | |*| |
  2: |*|*|*|E| | | | | |*|
  1: |*| |*|*| | | | |SE| |
  0: | | | | | | |S|*| | |
 -1: ---------------------

Change number: 77
Plant * has been eaten at (2,4)
 y\x  0 1 2 3 4 5 6 7 8 9
 10: ---------------------
  9: |*|NW| | |NW| | |*| | |
  8: | |*|*|*|*| | |*| | |
  7: | | | | | |SW| | | | |
  6: |*| | |*| | |*|*| | |
  5: | |E|*| | |*|*|*| |*|
  4: | | |SW|*| |*|*| | |*|
  3: |S|*| | | | | | |*| |
  2: |*|*|*|E| | | | | |*|
  1: |*| |*|*| | | | |SE| |
  0: | | | | | | |S|*| | |
 -1: ---------------------

Change number: 78
Plant * has been eaten at (0,3)
 y\x  0 1 2 3 4 5 6 7 8 9
 10: ---------------------
  9: |*|NW| | |NW| | |*| | |
  8: | |*|*|*|*| | |*| | |
  7: | | | | | |SW| | | | |
  6: |*| | |*| | |*|*| | |
  5: | |E|*| | |*|*|*| |*|
  4: | | |SW|*| |*|*| | |*|
  3: |S|*| | | | | | |*| |
  2: |*|*|*|E| | | | | |*|
  1: |*| |*|*| | | | |SE| |
  0: | | | | | | |S|*| | |
 -1: ---------------------

Change number: 79
Plant * has been eaten at (1,9)
 y\x  0 1 2 3 4 5 6 7 8 9
 10: ---------------------
  9: |*|NW| | |NW| | |*| | |
  8: | |*|*|*|*| | |*| | |
  7: | | | | | |SW| | | | |
  6: |*| | |*| | |*|*| | |
  5: | |E|*| | |*|*|*| |*|
  4: | | |SW|*| |*|*| | |*|
  3: |S|*| | | | | | |*| |
  2: |*|*|*|E| | | | | |*|
  1: |*| |*|*| | | | |SE| |
  0: | | | | | | |S|*| | |
 -1: ---------------------

Change number: 80
New plant * has grown at (5,2)
 y\x  0 1 2 3 4 5 6 7 8 9
 10: ---------------------
  9: |*|NW| | |NW| | |*| | |
  8: | |*|*|*|*| | |*| | |
  7: | | | | | |SW| | | | |
  6: |*| | |*| | |*|*| | |
  5: | |E|*| | |*|*|*| |*|
  4: | | |SW|*| |*|*| | |*|
  3: |S|*| | | | | | |*| |
  2: |*|*|*|E| |*| | | |*|
  1: |*| |*|*| | | | |SE| |
  0: | | | | | | |S|*| | |
 -1: ---------------------

Change number: 81
New plant * has grown at (7,2)
 y\x  0 1 2 3 4 5 6 7 8 9
 10: ---------------------
  9: |*|NW| | |NW| | |*| | |
  8: | |*|*|*|*| | |*| | |
  7: | | | | | |SW| | | | |
  6: |*| | |*| | |*|*| | |
  5: | |E|*| | |*|*|*| |*|
  4: | | |SW|*| |*|*| | |*|
  3: |S|*| | | | | | |*| |
  2: |*|*|*|E| |*| |*| |*|
  1: |*| |*|*| | | | |SE| |
  0: | | | | | | |S|*| | |
 -1: ---------------------

Change number: 82
New plant * has grown at (3,3)
 y\x  0 1 2 3 4 5 6 7 8 9
 10: ---------------------
  9: |*|NW| | |NW| | |*| | |
  8: | |*|*|*|*| | |*| | |
  7: | | | | | |SW| | | | |
  6: |*| | |*| | |*|*| | |
  5: | |E|*| | |*|*|*| |*|
  4: | | |SW|*| |*|*| | |*|
  3: |S|*| |*| | | | |*| |
  2: |*|*|*|E| |*| |*| |*|
  1: |*| |*|*| | | | |SE| |
  0: | | | | | | |S|*| | |
 -1: ---------------------

Change number: 83
New plant * has grown at (2,3)
 y\x  0 1 2 3 4 5 6 7 8 9
 10: ---------------------
  9: |*|NW| | |NW| | |*| | |
  8: | |*|*|*|*| | |*| | |
  7: | | | | | |SW| | | | |
  6: |*| | |*| | |*|*| | |
  5: | |E|*| | |*|*|*| |*|
  4: | | |SW|*| |*|*| | |*|
  3: |S|*|*|*| | | | |*| |
  2: |*|*|*|E| |*| |*| |*|
  1: |*| |*|*| | | | |SE| |
  0: | | | | | | |S|*| | |
 -1: ---------------------

Change number: 84
New plant * has grown at (4,5)
 y\x  0 1 2 3 4 5 6 7 8 9
 10: ---------------------
  9: |*|NW| | |NW| | |*| | |
  8: | |*|*|*|*| | |*| | |
  7: | | | | | |SW| | | | |
  6: |*| | |*| | |*|*| | |
  5: | |E|*| |*|*|*|*| |*|
  4: | | |SW|*| |*|*| | |*|
  3: |S|*|*|*| | | | |*| |
  2: |*|*|*|E| |*| |*| |*|
  1: |*| |*|*| | | | |SE| |
  0: | | | | | | |S|*| | |
 -1: ---------------------

Change number: 85
New plant * has grown at (3,5)
 y\x  0 1 2 3 4 5 6 7 8 9
 10: ---------------------
  9: |*|NW| | |NW| | |*| | |
  8: | |*|*|*|*| | |*| | |
  7: | | | | | |SW| | | | |
  6: |*| | |*| | |*|*| | |
  5: | |E|*|*|*|*|*|*| |*|
  4: | | |SW|*| |*|*| | |*|
  3: |S|*|*|*| | | | |*| |
  2: |*|*|*|E| |*| |*| |*|
  1: |*| |*|*| | | | |SE| |
  0: | | | | | | |S|*| | |
 -1: ---------------------

Change number: 86
New plant * has grown at (4,0)
 y\x  0 1 2 3 4 5 6 7 8 9
 10: ---------------------
  9: |*|NW| | |NW| | |*| | |
  8: | |*|*|*|*| | |*| | |
  7: | | | | | |SW| | | | |
  6: |*| | |*| | |*|*| | |
  5: | |E|*|*|*|*|*|*| |*|
  4: | | |SW|*| |*|*| | |*|
  3: |S|*|*|*| | | | |*| |
  2: |*|*|*|E| |*| |*| |*|
  1: |*| |*|*| | | | |SE| |
  0: | | | | |*| |S|*| | |
 -1: ---------------------

Change number: 87
New plant * has grown at (7,3)
 y\x  0 1 2 3 4 5 6 7 8 9
 10: ---------------------
  9: |*|NW| | |NW| | |*| | |
  8: | |*|*|*|*| | |*| | |
  7: | | | | | |SW| | | | |
  6: |*| | |*| | |*|*| | |
  5: | |E|*|*|*|*|*|*| |*|
  4: | | |SW|*| |*|*| | |*|
  3: |S|*|*|*| | | |*|*| |
  2: |*|*|*|E| |*| |*| |*|
  1: |*| |*|*| | | | |SE| |
  0: | | | | |*| |S|*| | |
 -1: ---------------------

Change number: 88
New plant * has grown at (4,7)
 y\x  0 1 2 3 4 5 6 7 8 9
 10: ---------------------
  9: |*|NW| | |NW| | |*| | |
  8: | |*|*|*|*| | |*| | |
  7: | | | | |*|SW| | | | |
  6: |*| | |*| | |*|*| | |
  5: | |E|*|*|*|*|*|*| |*|
  4: | | |SW|*| |*|*| | |*|
  3: |S|*|*|*| | | |*|*| |
  2: |*|*|*|E| |*| |*| |*|
  1: |*| |*|*| | | | |SE| |
  0: | | | | |*| |S|*| | |
 -1: ---------------------

Change number: 89
New plant * has grown at (5,3)
 y\x  0 1 2 3 4 5 6 7 8 9
 10: ---------------------
  9: |*|NW| | |NW| | |*| | |
  8: | |*|*|*|*| | |*| | |
  7: | | | | |*|SW| | | | |
  6: |*| | |*| | |*|*| | |
  5: | |E|*|*|*|*|*|*| |*|
  4: | | |SW|*| |*|*| | |*|
  3: |S|*|*|*| |*| |*|*| |
  2: |*|*|*|E| |*| |*| |*|
  1: |*| |*|*| | | | |SE| |
  0: | | | | |*| |S|*| | |
 -1: ---------------------

Change number: 90
Animal was moved from (1,9)  to (0,8)
 y\x  0 1 2 3 4 5 6 7 8 9
 10: ---------------------
  9: |*| | | |NW| | |*| | |
  8: |SW|*|*|*|*| | |*| | |
  7: | | | | |*|SW| | | | |
  6: |*| | |*| | |*|*| | |
  5: | |E|*|*|*|*|*|*| |*|
  4: | | |SW|*| |*|*| | |*|
  3: |S|*|*|*| |*| |*|*| |
  2: |*|*|*|E| |*| |*| |*|
  1: |*| |*|*| | | | |SE| |
  0: | | | | |*| |S|*| | |
 -1: ---------------------

Change number: 91
Animal was moved from (6,0)  to (6,0)
 y\x  0 1 2 3 4 5 6 7 8 9
 10: ---------------------
  9: |*| | | |NW| | |*| | |
  8: |SW|*|*|*|*| | |*| | |
  7: | | | | |*|SW| | | | |
  6: |*| | |*| | |*|*| | |
  5: | |E|*|*|*|*|*|*| |*|
  4: | | |SW|*| |*|*| | |*|
  3: |S|*|*|*| |*| |*|*| |
  2: |*|*|*|E| |*| |*| |*|
  1: |*| |*|*| | | | |SE| |
  0: | | | | |*| |S|*| | |
 -1: ---------------------

Change number: 92
Animal was moved from (3,2)  to (2,3)
 y\x  0 1 2 3 4 5 6 7 8 9
 10: ---------------------
  9: |*| | | |NW| | |*| | |
  8: |SW|*|*|*|*| | |*| | |
  7: | | | | |*|SW| | | | |
  6: |*| | |*| | |*|*| | |
  5: | |E|*|*|*|*|*|*| |*|
  4: | | |SW|*| |*|*| | |*|
  3: |S|*|NW|*| |*| |*|*| |
  2: |*|*|*|E| |*| |*| |*|
  1: |*| |*|*| | | | |SE| |
  0: | | | | |*| |S|*| | |
 -1: ---------------------

Change number: 93
Animal was moved from (3,2)  to (3,3)
 y\x  0 1 2 3 4 5 6 7 8 9
 10: ---------------------
  9: |*| | | |NW| | |*| | |
  8: |SW|*|*|*|*| | |*| | |
  7: | | | | |*|SW| | | | |
  6: |*| | |*| | |*|*| | |
  5: | |E|*|*|*|*|*|*| |*|
  4: | | |SW|*| |*|*| | |*|
  3: |S|*|NW|N| |*| |*|*| |
  2: |*|*|*| | |*| |*| |*|
  1: |*| |*|*| | | | |SE| |
  0: | | | | |*| |S|*| | |
 -1: ---------------------

Change number: 94
Animal was moved from (0,3)  to (1,4)
 y\x  0 1 2 3 4 5 6 7 8 9
 10: ---------------------
  9: |*| | | |NW| | |*| | |
  8: |SW|*|*|*|*| | |*| | |
  7: | | | | |*|SW| | | | |
  6: |*| | |*| | |*|*| | |
  5: | |E|*|*|*|*|*|*| |*|
  4: | |NE|SW|*| |*|*| | |*|
  3: | |*|NW|N| |*| |*|*| |
  2: |*|*|*| | |*| |*| |*|
  1: |*| |*|*| | | | |SE| |
  0: | | | | |*| |S|*| | |
 -1: ---------------------

Change number: 95
Animal was moved from (2,4)  to (3,3)
 y\x  0 1 2 3 4 5 6 7 8 9
 10: ---------------------
  9: |*| | | |NW| | |*| | |
  8: |SW|*|*|*|*| | |*| | |
  7: | | | | |*|SW| | | | |
  6: |*| | |*| | |*|*| | |
  5: | |E|*|*|*|*|*|*| |*|
  4: | |NE| |*| |*|*| | |*|
  3: | |*|NW|SE| |*| |*|*| |
  2: |*|*|*| | |*| |*| |*|
  1: |*| |*|*| | | | |SE| |
  0: | | | | |*| |S|*| | |
 -1: ---------------------

Change number: 96
Animal was moved from (8,1)  to (7,0)
 y\x  0 1 2 3 4 5 6 7 8 9
 10: ---------------------
  9: |*| | | |NW| | |*| | |
  8: |SW|*|*|*|*| | |*| | |
  7: | | | | |*|SW| | | | |
  6: |*| | |*| | |*|*| | |
  5: | |E|*|*|*|*|*|*| |*|
  4: | |NE| |*| |*|*| | |*|
  3: | |*|NW|SE| |*| |*|*| |
  2: |*|*|*| | |*| |*| |*|
  1: |*| |*|*| | | | | | |
  0: | | | | |*| |S|SW| | |
 -1: ---------------------

Change number: 97
Animal was moved from (5,7)  to (6,6)
 y\x  0 1 2 3 4 5 6 7 8 9
 10: ---------------------
  9: |*| | | |NW| | |*| | |
  8: |SW|*|*|*|*| | |*| | |
  7: | | | | |*| | | | | |
  6: |*| | |*| | |SE|*| | |
  5: | |E|*|*|*|*|*|*| |*|
  4: | |NE| |*| |*|*| | |*|
  3: | |*|NW|SE| |*| |*|*| |
  2: |*|*|*| | |*| |*| |*|
  1: |*| |*|*| | | | | | |
  0: | | | | |*| |S|SW| | |
 -1: ---------------------

Change number: 98
Animal was moved from (4,9)  to (3,9)
 y\x  0 1 2 3 4 5 6 7 8 9
 10: ---------------------
  9: |*| | |NW| | | |*| | |
  8: |SW|*|*|*|*| | |*| | |
  7: | | | | |*| | | | | |
  6: |*| | |*| | |SE|*| | |
  5: | |E|*|*|*|*|*|*| |*|
  4: | |NE| |*| |*|*| | |*|
  3: | |*|NW|SE| |*| |*|*| |
  2: |*|*|*| | |*| |*| |*|
  1: |*| |*|*| | | | | | |
  0: | | | | |*| |S|SW| | |
 -1: ---------------------

Change number: 99
Animal was moved from (1,5)  to (2,5)
 y\x  0 1 2 3 4 5 6 7 8 9
 10: ---------------------
  9: |*| | |NW| | | |*| | |
  8: |SW|*|*|*|*| | |*| | |
  7: | | | | |*| | | | | |
  6: |*| | |*| | |SE|*| | |
  5: | | |E|*|*|*|*|*| |*|
  4: | |NE| |*| |*|*| | |*|
  3: | |*|NW|SE| |*| |*|*| |
  2: |*|*|*| | |*| |*| |*|
  1: |*| |*|*| | | | | | |
  0: | | | | |*| |S|SW| | |
 -1: ---------------------

Change number: 100
Plant * has been eaten at (6,6)
 y\x  0 1 2 3 4 5 6 7 8 9
 10: ---------------------
  9: |*| | |NW| | | |*| | |
  8: |SW|*|*|*|*| | |*| | |
  7: | | | | |*| | | | | |
  6: |*| | |*| | |SE|*| | |
  5: | | |E|*|*|*|*|*| |*|
  4: | |NE| |*| |*|*| | |*|
  3: | |*|NW|SE| |*| |*|*| |
  2: |*|*|*| | |*| |*| |*|
  1: |*| |*|*| | | | | | |
  0: | | | | |*| |S|SW| | |
 -1: ---------------------

Change number: 101
Plant * has been eaten at (2,3)
 y\x  0 1 2 3 4 5 6 7 8 9
 10: ---------------------
  9: |*| | |NW| | | |*| | |
  8: |SW|*|*|*|*| | |*| | |
  7: | | | | |*| | | | | |
  6: |*| | |*| | |SE|*| | |
  5: | | |E|*|*|*|*|*| |*|
  4: | |NE| |*| |*|*| | |*|
  3: | |*|NW|SE| |*| |*|*| |
  2: |*|*|*| | |*| |*| |*|
  1: |*| |*|*| | | | | | |
  0: | | | | |*| |S|SW| | |
 -1: ---------------------

Change number: 102
Plant * has been eaten at (2,5)
 y\x  0 1 2 3 4 5 6 7 8 9
 10: ---------------------
  9: |*| | |NW| | | |*| | |
  8: |SW|*|*|*|*| | |*| | |
  7: | | | | |*| | | | | |
  6: |*| | |*| | |SE|*| | |
  5: | | |E|*|*|*|*|*| |*|
  4: | |NE| |*| |*|*| | |*|
  3: | |*|NW|SE| |*| |*|*| |
  2: |*|*|*| | |*| |*| |*|
  1: |*| |*|*| | | | | | |
  0: | | | | |*| |S|SW| | |
 -1: ---------------------

Change number: 103
Plant * has been eaten at (7,0)
 y\x  0 1 2 3 4 5 6 7 8 9
 10: ---------------------
  9: |*| | |NW| | | |*| | |
  8: |SW|*|*|*|*| | |*| | |
  7: | | | | |*| | | | | |
  6: |*| | |*| | |SE|*| | |
  5: | | |E|*|*|*|*|*| |*|
  4: | |NE| |*| |*|*| | |*|
  3: | |*|NW|SE| |*| |*|*| |
  2: |*|*|*| | |*| |*| |*|
  1: |*| |*|*| | | | | | |
  0: | | | | |*| |S|SW| | |
 -1: ---------------------

Change number: 104
Plant * has been eaten at (3,3)
 y\x  0 1 2 3 4 5 6 7 8 9
 10: ---------------------
  9: |*| | |NW| | | |*| | |
  8: |SW|*|*|*|*| | |*| | |
  7: | | | | |*| | | | | |
  6: |*| | |*| | |SE|*| | |
  5: | | |E|*|*|*|*|*| |*|
  4: | |NE| |*| |*|*| | |*|
  3: | |*|NW|SE| |*| |*|*| |
  2: |*|*|*| | |*| |*| |*|
  1: |*| |*|*| | | | | | |
  0: | | | | |*| |S|SW| | |
 -1: ---------------------

Change number: 105
New animal has been born at (3,3)
 y\x  0 1 2 3 4 5 6 7 8 9
 10: ---------------------
  9: |*| | |NW| | | |*| | |
  8: |SW|*|*|*|*| | |*| | |
  7: | | | | |*| | | | | |
  6: |*| | |*| | |SE|*| | |
  5: | | |E|*|*|*|*|*| |*|
  4: | |NE| |*| |*|*| | |*|
  3: | |*|NW|SE| |*| |*|*| |
  2: |*|*|*| | |*| |*| |*|
  1: |*| |*|*| | | | | | |
  0: | | | | |*| |S|SW| | |
 -1: ---------------------

Change number: 106
New plant * has grown at (8,0)
 y\x  0 1 2 3 4 5 6 7 8 9
 10: ---------------------
  9: |*| | |NW| | | |*| | |
  8: |SW|*|*|*|*| | |*| | |
  7: | | | | |*| | | | | |
  6: |*| | |*| | |SE|*| | |
  5: | | |E|*|*|*|*|*| |*|
  4: | |NE| |*| |*|*| | |*|
  3: | |*|NW|SE| |*| |*|*| |
  2: |*|*|*| | |*| |*| |*|
  1: |*| |*|*| | | | | | |
  0: | | | | |*| |S|SW|*| |
 -1: ---------------------

Change number: 107
New plant * has grown at (0,7)
 y\x  0 1 2 3 4 5 6 7 8 9
 10: ---------------------
  9: |*| | |NW| | | |*| | |
  8: |SW|*|*|*|*| | |*| | |
  7: |*| | | |*| | | | | |
  6: |*| | |*| | |SE|*| | |
  5: | | |E|*|*|*|*|*| |*|
  4: | |NE| |*| |*|*| | |*|
  3: | |*|NW|SE| |*| |*|*| |
  2: |*|*|*| | |*| |*| |*|
  1: |*| |*|*| | | | | | |
  0: | | | | |*| |S|SW|*| |
 -1: ---------------------

Change number: 108
New plant * has grown at (1,5)
 y\x  0 1 2 3 4 5 6 7 8 9
 10: ---------------------
  9: |*| | |NW| | | |*| | |
  8: |SW|*|*|*|*| | |*| | |
  7: |*| | | |*| | | | | |
  6: |*| | |*| | |SE|*| | |
  5: | |*|E|*|*|*|*|*| |*|
  4: | |NE| |*| |*|*| | |*|
  3: | |*|NW|SE| |*| |*|*| |
  2: |*|*|*| | |*| |*| |*|
  1: |*| |*|*| | | | | | |
  0: | | | | |*| |S|SW|*| |
 -1: ---------------------

Change number: 109
New plant * has grown at (0,8)
 y\x  0 1 2 3 4 5 6 7 8 9
 10: ---------------------
  9: |*| | |NW| | | |*| | |
  8: |SW|*|*|*|*| | |*| | |
  7: |*| | | |*| | | | | |
  6: |*| | |*| | |SE|*| | |
  5: | |*|E|*|*|*|*|*| |*|
  4: | |NE| |*| |*|*| | |*|
  3: | |*|NW|SE| |*| |*|*| |
  2: |*|*|*| | |*| |*| |*|
  1: |*| |*|*| | | | | | |
  0: | | | | |*| |S|SW|*| |
 -1: ---------------------

Change number: 110
New plant * has grown at (9,8)
 y\x  0 1 2 3 4 5 6 7 8 9
 10: ---------------------
  9: |*| | |NW| | | |*| | |
  8: |SW|*|*|*|*| | |*| |*|
  7: |*| | | |*| | | | | |
  6: |*| | |*| | |SE|*| | |
  5: | |*|E|*|*|*|*|*| |*|
  4: | |NE| |*| |*|*| | |*|
  3: | |*|NW|SE| |*| |*|*| |
  2: |*|*|*| | |*| |*| |*|
  1: |*| |*|*| | | | | | |
  0: | | | | |*| |S|SW|*| |
 -1: ---------------------

Change number: 111
New plant * has grown at (2,3)
 y\x  0 1 2 3 4 5 6 7 8 9
 10: ---------------------
  9: |*| | |NW| | | |*| | |
  8: |SW|*|*|*|*| | |*| |*|
  7: |*| | | |*| | | | | |
  6: |*| | |*| | |SE|*| | |
  5: | |*|E|*|*|*|*|*| |*|
  4: | |NE| |*| |*|*| | |*|
  3: | |*|NW|SE| |*| |*|*| |
  2: |*|*|*| | |*| |*| |*|
  1: |*| |*|*| | | | | | |
  0: | | | | |*| |S|SW|*| |
 -1: ---------------------

Change number: 112
New plant * has grown at (4,6)
 y\x  0 1 2 3 4 5 6 7 8 9
 10: ---------------------
  9: |*| | |NW| | | |*| | |
  8: |SW|*|*|*|*| | |*| |*|
  7: |*| | | |*| | | | | |
  6: |*| | |*|*| |SE|*| | |
  5: | |*|E|*|*|*|*|*| |*|
  4: | |NE| |*| |*|*| | |*|
  3: | |*|NW|SE| |*| |*|*| |
  2: |*|*|*| | |*| |*| |*|
  1: |*| |*|*| | | | | | |
  0: | | | | |*| |S|SW|*| |
 -1: ---------------------

Change number: 113
New plant * has grown at (5,1)
 y\x  0 1 2 3 4 5 6 7 8 9
 10: ---------------------
  9: |*| | |NW| | | |*| | |
  8: |SW|*|*|*|*| | |*| |*|
  7: |*| | | |*| | | | | |
  6: |*| | |*|*| |SE|*| | |
  5: | |*|E|*|*|*|*|*| |*|
  4: | |NE| |*| |*|*| | |*|
  3: | |*|NW|SE| |*| |*|*| |
  2: |*|*|*| | |*| |*| |*|
  1: |*| |*|*| |*| | | | |
  0: | | | | |*| |S|SW|*| |
 -1: ---------------------

Change number: 114
New plant * has grown at (1,4)
 y\x  0 1 2 3 4 5 6 7 8 9
 10: ---------------------
  9: |*| | |NW| | | |*| | |
  8: |SW|*|*|*|*| | |*| |*|
  7: |*| | | |*| | | | | |
  6: |*| | |*|*| |SE|*| | |
  5: | |*|E|*|*|*|*|*| |*|
  4: | |NE| |*| |*|*| | |*|
  3: | |*|NW|SE| |*| |*|*| |
  2: |*|*|*| | |*| |*| |*|
  1: |*| |*|*| |*| | | | |
  0: | | | | |*| |S|SW|*| |
 -1: ---------------------

Change number: 115
New plant * has grown at (6,6)
 y\x  0 1 2 3 4 5 6 7 8 9
 10: ---------------------
  9: |*| | |NW| | | |*| | |
  8: |SW|*|*|*|*| | |*| |*|
  7: |*| | | |*| | | | | |
  6: |*| | |*|*| |SE|*| | |
  5: | |*|E|*|*|*|*|*| |*|
  4: | |NE| |*| |*|*| | |*|
  3: | |*|NW|SE| |*| |*|*| |
  2: |*|*|*| | |*| |*| |*|
  1: |*| |*|*| |*| | | | |
  0: | | | | |*| |S|SW|*| |
 -1: ---------------------

Change number: 116
Animal was moved from (0,8)  to (0,7)
 y\x  0 1 2 3 4 5 6 7 8 9
 10: ---------------------
  9: |*| | |NW| | | |*| | |
  8: |*|*|*|*|*| | |*| |*|
  7: |S| | | |*| | | | | |
  6: |*| | |*|*| |SE|*| | |
  5: | |*|E|*|*|*|*|*| |*|
  4: | |NE| |*| |*|*| | |*|
  3: | |*|NW|SE| |*| |*|*| |
  2: |*|*|*| | |*| |*| |*|
  1: |*| |*|*| |*| | | | |
  0: | | | | |*| |S|SW|*| |
 -1: ---------------------

Change number: 117
Animal was moved from (6,0)  to (5,0)
 y\x  0 1 2 3 4 5 6 7 8 9
 10: ---------------------
  9: |*| | |NW| | | |*| | |
  8: |*|*|*|*|*| | |*| |*|
  7: |S| | | |*| | | | | |
  6: |*| | |*|*| |SE|*| | |
  5: | |*|E|*|*|*|*|*| |*|
  4: | |NE| |*| |*|*| | |*|
  3: | |*|NW|SE| |*| |*|*| |
  2: |*|*|*| | |*| |*| |*|
  1: |*| |*|*| |*| | | | |
  0: | | | | |*|SW| |SW|*| |
 -1: ---------------------

Change number: 118
Animal was moved from (3,3)  to (2,2)
 y\x  0 1 2 3 4 5 6 7 8 9
 10: ---------------------
  9: |*| | |NW| | | |*| | |
  8: |*|*|*|*|*| | |*| |*|
  7: |S| | | |*| | | | | |
  6: |*| | |*|*| |SE|*| | |
  5: | |*|E|*|*|*|*|*| |*|
  4: | |NE| |*| |*|*| | |*|
  3: | |*|NW|SE| |*| |*|*| |
  2: |*|*|SW| | |*| |*| |*|
  1: |*| |*|*| |*| | | | |
  0: | | | | |*|SW| |SW|*| |
 -1: ---------------------

Change number: 119
Animal was moved from (2,3)  to (1,4)
 y\x  0 1 2 3 4 5 6 7 8 9
 10: ---------------------
  9: |*| | |NW| | | |*| | |
  8: |*|*|*|*|*| | |*| |*|
  7: |S| | | |*| | | | | |
  6: |*| | |*|*| |SE|*| | |
  5: | |*|E|*|*|*|*|*| |*|
  4: | |NE| |*| |*|*| | |*|
  3: | |*|*|SE| |*| |*|*| |
  2: |*|*|SW| | |*| |*| |*|
  1: |*| |*|*| |*| | | | |
  0: | | | | |*|SW| |SW|*| |
 -1: ---------------------

Change number: 120
Animal was moved from (3,3)  to (4,3)
 y\x  0 1 2 3 4 5 6 7 8 9
 10: ---------------------
  9: |*| | |NW| | | |*| | |
  8: |*|*|*|*|*| | |*| |*|
  7: |S| | | |*| | | | | |
  6: |*| | |*|*| |SE|*| | |
  5: | |*|E|*|*|*|*|*| |*|
  4: | |NE| |*| |*|*| | |*|
  3: | |*|*|SE|E|*| |*|*| |
  2: |*|*|SW| | |*| |*| |*|
  1: |*| |*|*| |*| | | | |
  0: | | | | |*|SW| |SW|*| |
 -1: ---------------------

Change number: 121
Animal was moved from (1,4)  to (0,5)
 y\x  0 1 2 3 4 5 6 7 8 9
 10: ---------------------
  9: |*| | |NW| | | |*| | |
  8: |*|*|*|*|*| | |*| |*|
  7: |S| | | |*| | | | | |
  6: |*| | |*|*| |SE|*| | |
  5: |NW|*|E|*|*|*|*|*| |*|
  4: | |NW| |*| |*|*| | |*|
  3: | |*|*|SE|E|*| |*|*| |
  2: |*|*|SW| | |*| |*| |*|
  1: |*| |*|*| |*| | | | |
  0: | | | | |*|SW| |SW|*| |
 -1: ---------------------

Change number: 122
Animal was moved from (3,3)  to (2,3)
 y\x  0 1 2 3 4 5 6 7 8 9
 10: ---------------------
  9: |*| | |NW| | | |*| | |
  8: |*|*|*|*|*| | |*| |*|
  7: |S| | | |*| | | | | |
  6: |*| | |*|*| |SE|*| | |
  5: |NW|*|E|*|*|*|*|*| |*|
  4: | |NW| |*| |*|*| | |*|
  3: | |*|W| |E|*| |*|*| |
  2: |*|*|SW| | |*| |*| |*|
  1: |*| |*|*| |*| | | | |
  0: | | | | |*|SW| |SW|*| |
 -1: ---------------------

Change number: 123
Animal was moved from (7,0)  to (7,0)
 y\x  0 1 2 3 4 5 6 7 8 9
 10: ---------------------
  9: |*| | |NW| | | |*| | |
  8: |*|*|*|*|*| | |*| |*|
  7: |S| | | |*| | | | | |
  6: |*| | |*|*| |SE|*| | |
  5: |NW|*|E|*|*|*|*|*| |*|
  4: | |NW| |*| |*|*| | |*|
  3: | |*|W| |E|*| |*|*| |
  2: |*|*|SW| | |*| |*| |*|
  1: |*| |*|*| |*| | | | |
  0: | | | | |*|SW| |S|*| |
 -1: ---------------------

Change number: 124
Animal was moved from (6,6)  to (5,6)
 y\x  0 1 2 3 4 5 6 7 8 9
 10: ---------------------
  9: |*| | |NW| | | |*| | |
  8: |*|*|*|*|*| | |*| |*|
  7: |S| | | |*| | | | | |
  6: |*| | |*|*|W|*|*| | |
  5: |NW|*|E|*|*|*|*|*| |*|
  4: | |NW| |*| |*|*| | |*|
  3: | |*|W| |E|*| |*|*| |
  2: |*|*|SW| | |*| |*| |*|
  1: |*| |*|*| |*| | | | |
  0: | | | | |*|SW| |S|*| |
 -1: ---------------------

Change number: 125
Animal was moved from (3,9)  to (4,9)
 y\x  0 1 2 3 4 5 6 7 8 9
 10: ---------------------
  9: |*| | | |E| | |*| | |
  8: |*|*|*|*|*| | |*| |*|
  7: |S| | | |*| | | | | |
  6: |*| | |*|*|W|*|*| | |
  5: |NW|*|E|*|*|*|*|*| |*|
  4: | |NW| |*| |*|*| | |*|
  3: | |*|W| |E|*| |*|*| |
  2: |*|*|SW| | |*| |*| |*|
  1: |*| |*|*| |*| | | | |
  0: | | | | |*|SW| |S|*| |
 -1: ---------------------

Change number: 126
Animal was moved from (2,5)  to (1,4)
 y\x  0 1 2 3 4 5 6 7 8 9
 10: ---------------------
  9: |*| | | |E| | |*| | |
  8: |*|*|*|*|*| | |*| |*|
  7: |S| | | |*| | | | | |
  6: |*| | |*|*|W|*|*| | |
  5: |NW|*| |*|*|*|*|*| |*|
  4: | |SW| |*| |*|*| | |*|
  3: | |*|W| |E|*| |*|*| |
  2: |*|*|SW| | |*| |*| |*|
  1: |*| |*|*| |*| | | | |
  0: | | | | |*|SW| |S|*| |
 -1: ---------------------

Change number: 127
Plant * has been eaten at (2,2)
 y\x  0 1 2 3 4 5 6 7 8 9
 10: ---------------------
  9: |*| | | |E| | |*| | |
  8: |*|*|*|*|*| | |*| |*|
  7: |S| | | |*| | | | | |
  6: |*| | |*|*|W|*|*| | |
  5: |NW|*| |*|*|*|*|*| |*|
  4: | |SW| |*| |*|*| | |*|
  3: | |*|W| |E|*| |*|*| |
  2: |*|*|SW| | |*| |*| |*|
  1: |*| |*|*| |*| | | | |
  0: | | | | |*|SW| |S|*| |
 -1: ---------------------

Change number: 128
Plant * has been eaten at (2,3)
 y\x  0 1 2 3 4 5 6 7 8 9
 10: ---------------------
  9: |*| | | |E| | |*| | |
  8: |*|*|*|*|*| | |*| |*|
  7: |S| | | |*| | | | | |
  6: |*| | |*|*|W|*|*| | |
  5: |NW|*| |*|*|*|*|*| |*|
  4: | |SW| |*| |*|*| | |*|
  3: | |*|W| |E|*| |*|*| |
  2: |*|*|SW| | |*| |*| |*|
  1: |*| |*|*| |*| | | | |
  0: | | | | |*|SW| |S|*| |
 -1: ---------------------

Change number: 129
Plant * has been eaten at (0,7)
 y\x  0 1 2 3 4 5 6 7 8 9
 10: ---------------------
  9: |*| | | |E| | |*| | |
  8: |*|*|*|*|*| | |*| |*|
  7: |S| | | |*| | | | | |
  6: |*| | |*|*|W|*|*| | |
  5: |NW|*| |*|*|*|*|*| |*|
  4: | |SW| |*| |*|*| | |*|
  3: | |*|W| |E|*| |*|*| |
  2: |*|*|SW| | |*| |*| |*|
  1: |*| |*|*| |*| | | | |
  0: | | | | |*|SW| |S|*| |
 -1: ---------------------

Change number: 130
Plant * has been eaten at (1,4)
 y\x  0 1 2 3 4 5 6 7 8 9
 10: ---------------------
  9: |*| | | |E| | |*| | |
  8: |*|*|*|*|*| | |*| |*|
  7: |S| | | |*| | | | | |
  6: |*| | |*|*|W|*|*| | |
  5: |NW|*| |*|*|*|*|*| |*|
  4: | |SW| |*| |*|*| | |*|
  3: | |*|W| |E|*| |*|*| |
  2: |*|*|SW| | |*| |*| |*|
  1: |*| |*|*| |*| | | | |
  0: | | | | |*|SW| |S|*| |
 -1: ---------------------

Change number: 131
New animal has been born at (1,4)
 y\x  0 1 2 3 4 5 6 7 8 9
 10: ---------------------
  9: |*| | | |E| | |*| | |
  8: |*|*|*|*|*| | |*| |*|
  7: |S| | | |*| | | | | |
  6: |*| | |*|*|W|*|*| | |
  5: |NW|*| |*|*|*|*|*| |*|
  4: | |SW| |*| |*|*| | |*|
  3: | |*|W| |E|*| |*|*| |
  2: |*|*|SW| | |*| |*| |*|
  1: |*| |*|*| |*| | | | |
  0: | | | | |*|SW| |S|*| |
 -1: ---------------------

Change number: 132
New plant * has grown at (4,2)
 y\x  0 1 2 3 4 5 6 7 8 9
 10: ---------------------
  9: |*| | | |E| | |*| | |
  8: |*|*|*|*|*| | |*| |*|
  7: |S| | | |*| | | | | |
  6: |*| | |*|*|W|*|*| | |
  5: |NW|*| |*|*|*|*|*| |*|
  4: | |SW| |*| |*|*| | |*|
  3: | |*|W| |E|*| |*|*| |
  2: |*|*|SW| |*|*| |*| |*|
  1: |*| |*|*| |*| | | | |
  0: | | | | |*|SW| |S|*| |
 -1: ---------------------

Change number: 133
New plant * has grown at (4,4)
 y\x  0 1 2 3 4 5 6 7 8 9
 10: ---------------------
  9: |*| | | |E| | |*| | |
  8: |*|*|*|*|*| | |*| |*|
  7: |S| | | |*| | | | | |
  6: |*| | |*|*|W|*|*| | |
  5: |NW|*| |*|*|*|*|*| |*|
  4: | |SW| |*|*|*|*| | |*|
  3: | |*|W| |E|*| |*|*| |
  2: |*|*|SW| |*|*| |*| |*|
  1: |*| |*|*| |*| | | | |
  0: | | | | |*|SW| |S|*| |
 -1: ---------------------

Change number: 134
New plant * has grown at (1,1)
 y\x  0 1 2 3 4 5 6 7 8 9
 10: ---------------------
  9: |*| | | |E| | |*| | |
  8: |*|*|*|*|*| | |*| |*|
  7: |S| | | |*| | | | | |
  6: |*| | |*|*|W|*|*| | |
  5: |NW|*| |*|*|*|*|*| |*|
  4: | |SW| |*|*|*|*| | |*|
  3: | |*|W| |E|*| |*|*| |
  2: |*|*|SW| |*|*| |*| |*|
  1: |*|*|*|*| |*| | | | |
  0: | | | | |*|SW| |S|*| |
 -1: ---------------------

Change number: 135
New plant * has grown at (1,9)
 y\x  0 1 2 3 4 5 6 7 8 9
 10: ---------------------
  9: |*|*| | |E| | |*| | |
  8: |*|*|*|*|*| | |*| |*|
  7: |S| | | |*| | | | | |
  6: |*| | |*|*|W|*|*| | |
  5: |NW|*| |*|*|*|*|*| |*|
  4: | |SW| |*|*|*|*| | |*|
  3: | |*|W| |E|*| |*|*| |
  2: |*|*|SW| |*|*| |*| |*|
  1: |*|*|*|*| |*| | | | |
  0: | | | | |*|SW| |S|*| |
 -1: ---------------------

Change number: 136
New plant * has grown at (1,4)
 y\x  0 1 2 3 4 5 6 7 8 9
 10: ---------------------
  9: |*|*| | |E| | |*| | |
  8: |*|*|*|*|*| | |*| |*|
  7: |S| | | |*| | | | | |
  6: |*| | |*|*|W|*|*| | |
  5: |NW|*| |*|*|*|*|*| |*|
  4: | |SW| |*|*|*|*| | |*|
  3: | |*|W| |E|*| |*|*| |
  2: |*|*|SW| |*|*| |*| |*|
  1: |*|*|*|*| |*| | | | |
  0: | | | | |*|SW| |S|*| |
 -1: ---------------------

Change number: 137
New plant * has grown at (6,9)
 y\x  0 1 2 3 4 5 6 7 8 9
 10: ---------------------
  9: |*|*| | |E| |*|*| | |
  8: |*|*|*|*|*| | |*| |*|
  7: |S| | | |*| | | | | |
  6: |*| | |*|*|W|*|*| | |
  5: |NW|*| |*|*|*|*|*| |*|
  4: | |SW| |*|*|*|*| | |*|
  3: | |*|W| |E|*| |*|*| |
  2: |*|*|SW| |*|*| |*| |*|
  1: |*|*|*|*| |*| | | | |
  0: | | | | |*|SW| |S|*| |
 -1: ---------------------

Change number: 138
New plant * has grown at (0,7)
 y\x  0 1 2 3 4 5 6 7 8 9
 10: ---------------------
  9: |*|*| | |E| |*|*| | |
  8: |*|*|*|*|*| | |*| |*|
  7: |S| | | |*| | | | | |
  6: |*| | |*|*|W|*|*| | |
  5: |NW|*| |*|*|*|*|*| |*|
  4: | |SW| |*|*|*|*| | |*|
  3: | |*|W| |E|*| |*|*| |
  2: |*|*|SW| |*|*| |*| |*|
  1: |*|*|*|*| |*| | | | |
  0: | | | | |*|SW| |S|*| |
 -1: ---------------------

Change number: 139
New plant * has grown at (2,4)
 y\x  0 1 2 3 4 5 6 7 8 9
 10: ---------------------
  9: |*|*| | |E| |*|*| | |
  8: |*|*|*|*|*| | |*| |*|
  7: |S| | | |*| | | | | |
  6: |*| | |*|*|W|*|*| | |
  5: |NW|*| |*|*|*|*|*| |*|
  4: | |SW|*|*|*|*|*| | |*|
  3: | |*|W| |E|*| |*|*| |
  2: |*|*|SW| |*|*| |*| |*|
  1: |*|*|*|*| |*| | | | |
  0: | | | | |*|SW| |S|*| |
 -1: ---------------------

Change number: 140
New plant * has grown at (5,9)
 y\x  0 1 2 3 4 5 6 7 8 9
 10: ---------------------
  9: |*|*| | |E|*|*|*| | |
  8: |*|*|*|*|*| | |*| |*|
  7: |S| | | |*| | | | | |
  6: |*| | |*|*|W|*|*| | |
  5: |NW|*| |*|*|*|*|*| |*|
  4: | |SW|*|*|*|*|*| | |*|
  3: | |*|W| |E|*| |*|*| |
  2: |*|*|SW| |*|*| |*| |*|
  1: |*|*|*|*| |*| | | | |
  0: | | | | |*|SW| |S|*| |
 -1: ---------------------

Change number: 141
New plant * has grown at (4,1)
 y\x  0 1 2 3 4 5 6 7 8 9
 10: ---------------------
  9: |*|*| | |E|*|*|*| | |
  8: |*|*|*|*|*| | |*| |*|
  7: |S| | | |*| | | | | |
  6: |*| | |*|*|W|*|*| | |
  5: |NW|*| |*|*|*|*|*| |*|
  4: | |SW|*|*|*|*|*| | |*|
  3: | |*|W| |E|*| |*|*| |
  2: |*|*|SW| |*|*| |*| |*|
  1: |*|*|*|*|*|*| | | | |
  0: | | | | |*|SW| |S|*| |
 -1: ---------------------

Change number: 142
Animal was moved from (0,7)  to (1,7)
 y\x  0 1 2 3 4 5 6 7 8 9
 10: ---------------------
  9: |*|*| | |E|*|*|*| | |
  8: |*|*|*|*|*| | |*| |*|
  7: |*|E| | |*| | | | | |
  6: |*| | |*|*|W|*|*| | |
  5: |NW|*| |*|*|*|*|*| |*|
  4: | |SW|*|*|*|*|*| | |*|
  3: | |*|W| |E|*| |*|*| |
  2: |*|*|SW| |*|*| |*| |*|
  1: |*|*|*|*|*|*| | | | |
  0: | | | | |*|SW| |S|*| |
 -1: ---------------------

Change number: 143
Animal was moved from (5,0)  to (6,0)
 y\x  0 1 2 3 4 5 6 7 8 9
 10: ---------------------
  9: |*|*| | |E|*|*|*| | |
  8: |*|*|*|*|*| | |*| |*|
  7: |*|E| | |*| | | | | |
  6: |*| | |*|*|W|*|*| | |
  5: |NW|*| |*|*|*|*|*| |*|
  4: | |SW|*|*|*|*|*| | |*|
  3: | |*|W| |E|*| |*|*| |
  2: |*|*|SW| |*|*| |*| |*|
  1: |*|*|*|*|*|*| | | | |
  0: | | | | |*| |SE|S|*| |
 -1: ---------------------

Change number: 144
Animal was moved from (2,2)  to (2,3)
 y\x  0 1 2 3 4 5 6 7 8 9
 10: ---------------------
  9: |*|*| | |E|*|*|*| | |
  8: |*|*|*|*|*| | |*| |*|
  7: |*|E| | |*| | | | | |
  6: |*| | |*|*|W|*|*| | |
  5: |NW|*| |*|*|*|*|*| |*|
  4: | |SW|*|*|*|*|*| | |*|
  3: | |*|W| |E|*| |*|*| |
  2: |*|*| | |*|*| |*| |*|
  1: |*|*|*|*|*|*| | | | |
  0: | | | | |*| |SE|S|*| |
 -1: ---------------------

Change number: 145
Animal was moved from (1,4)  to (2,4)
 y\x  0 1 2 3 4 5 6 7 8 9
 10: ---------------------
  9: |*|*| | |E|*|*|*| | |
  8: |*|*|*|*|*| | |*| |*|
  7: |*|E| | |*| | | | | |
  6: |*| | |*|*|W|*|*| | |
  5: |NW|*| |*|*|*|*|*| |*|
  4: | |SW|E|*|*|*|*| | |*|
  3: | |*|W| |E|*| |*|*| |
  2: |*|*| | |*|*| |*| |*|
  1: |*|*|*|*|*|*| | | | |
  0: | | | | |*| |SE|S|*| |
 -1: ---------------------

Change number: 146
Animal was moved from (4,3)  to (5,3)
 y\x  0 1 2 3 4 5 6 7 8 9
 10: ---------------------
  9: |*|*| | |E|*|*|*| | |
  8: |*|*|*|*|*| | |*| |*|
  7: |*|E| | |*| | | | | |
  6: |*| | |*|*|W|*|*| | |
  5: |NW|*| |*|*|*|*|*| |*|
  4: | |SW|E|*|*|*|*| | |*|
  3: | |*|W| | |E| |*|*| |
  2: |*|*| | |*|*| |*| |*|
  1: |*|*|*|*|*|*| | | | |
  0: | | | | |*| |SE|S|*| |
 -1: ---------------------

Change number: 147
Animal was moved from (0,5)  to (0,4)
 y\x  0 1 2 3 4 5 6 7 8 9
 10: ---------------------
  9: |*|*| | |E|*|*|*| | |
  8: |*|*|*|*|*| | |*| |*|
  7: |*|E| | |*| | | | | |
  6: |*| | |*|*|W|*|*| | |
  5: | |*| |*|*|*|*|*| |*|
  4: |S|SW|E|*|*|*|*| | |*|
  3: | |*|W| | |E| |*|*| |
  2: |*|*| | |*|*| |*| |*|
  1: |*|*|*|*|*|*| | | | |
  0: | | | | |*| |SE|S|*| |
 -1: ---------------------

Change number: 148
Animal was moved from (2,3)  to (3,3)
 y\x  0 1 2 3 4 5 6 7 8 9
 10: ---------------------
  9: |*|*| | |E|*|*|*| | |
  8: |*|*|*|*|*| | |*| |*|
  7: |*|E| | |*| | | | | |
  6: |*| | |*|*|W|*|*| | |
  5: | |*| |*|*|*|*|*| |*|
  4: |S|SW|E|*|*|*|*| | |*|
  3: | |*|N|E| |E| |*|*| |
  2: |*|*| | |*|*| |*| |*|
  1: |*|*|*|*|*|*| | | | |
  0: | | | | |*| |SE|S|*| |
 -1: ---------------------

Change number: 149
Animal was moved from (7,0)  to (7,1)
 y\x  0 1 2 3 4 5 6 7 8 9
 10: ---------------------
  9: |*|*| | |E|*|*|*| | |
  8: |*|*|*|*|*| | |*| |*|
  7: |*|E| | |*| | | | | |
  6: |*| | |*|*|W|*|*| | |
  5: | |*| |*|*|*|*|*| |*|
  4: |S|SW|E|*|*|*|*| | |*|
  3: | |*|N|E| |E| |*|*| |
  2: |*|*| | |*|*| |*| |*|
  1: |*|*|*|*|*|*| |N| | |
  0: | | | | |*| |SE| |*| |
 -1: ---------------------

Change number: 150
Animal was moved from (5,6)  to (4,6)
 y\x  0 1 2 3 4 5 6 7 8 9
 10: ---------------------
  9: |*|*| | |E|*|*|*| | |
  8: |*|*|*|*|*| | |*| |*|
  7: |*|E| | |*| | | | | |
  6: |*| | |*|W| |*|*| | |
  5: | |*| |*|*|*|*|*| |*|
  4: |S|SW|E|*|*|*|*| | |*|
  3: | |*|N|E| |E| |*|*| |
  2: |*|*| | |*|*| |*| |*|
  1: |*|*|*|*|*|*| |N| | |
  0: | | | | |*| |SE| |*| |
 -1: ---------------------

Change number: 151
Animal was moved from (4,9)  to (5,9)
 y\x  0 1 2 3 4 5 6 7 8 9
 10: ---------------------
  9: |*|*| | | |E|*|*| | |
  8: |*|*|*|*|*| | |*| |*|
  7: |*|E| | |*| | | | | |
  6: |*| | |*|W| |*|*| | |
  5: | |*| |*|*|*|*|*| |*|
  4: |S|SW|E|*|*|*|*| | |*|
  3: | |*|N|E| |E| |*|*| |
  2: |*|*| | |*|*| |*| |*|
  1: |*|*|*|*|*|*| |N| | |
  0: | | | | |*| |SE| |*| |
 -1: ---------------------

Change number: 152
Animal was moved from (1,4)  to (2,5)
 y\x  0 1 2 3 4 5 6 7 8 9
 10: ---------------------
  9: |*|*| | | |E|*|*| | |
  8: |*|*|*|*|*| | |*| |*|
  7: |*|E| | |*| | | | | |
  6: |*| | |*|W| |*|*| | |
  5: | |*|NE|*|*|*|*|*| |*|
  4: |S|SW|E|*|*|*|*| | |*|
  3: | |*|N|E| |E| |*|*| |
  2: |*|*| | |*|*| |*| |*|
  1: |*|*|*|*|*|*| |N| | |
  0: | | | | |*| |SE| |*| |
 -1: ---------------------

Change number: 153
Animal was moved from (1,4)  to (2,5)
 y\x  0 1 2 3 4 5 6 7 8 9
 10: ---------------------
  9: |*|*| | | |E|*|*| | |
  8: |*|*|*|*|*| | |*| |*|
  7: |*|E| | |*| | | | | |
  6: |*| | |*|W| |*|*| | |
  5: | |*|NE|*|*|*|*|*| |*|
  4: |S|*|E|*|*|*|*| | |*|
  3: | |*|N|E| |E| |*|*| |
  2: |*|*| | |*|*| |*| |*|
  1: |*|*|*|*|*|*| |N| | |
  0: | | | | |*| |SE| |*| |
 -1: ---------------------

Change number: 154
Plant * has been eaten at (2,4)
 y\x  0 1 2 3 4 5 6 7 8 9
 10: ---------------------
  9: |*|*| | | |E|*|*| | |
  8: |*|*|*|*|*| | |*| |*|
  7: |*|E| | |*| | | | | |
  6: |*| | |*|W| |*|*| | |
  5: | |*|NE|*|*|*|*|*| |*|
  4: |S|*|E|*|*|*|*| | |*|
  3: | |*|N|E| |E| |*|*| |
  2: |*|*| | |*|*| |*| |*|
  1: |*|*|*|*|*|*| |N| | |
  0: | | | | |*| |SE| |*| |
 -1: ---------------------

Change number: 155
Plant * has been eaten at (4,6)
 y\x  0 1 2 3 4 5 6 7 8 9
 10: ---------------------
  9: |*|*| | | |E|*|*| | |
  8: |*|*|*|*|*| | |*| |*|
  7: |*|E| | |*| | | | | |
  6: |*| | |*|W| |*|*| | |
  5: | |*|NE|*|*|*|*|*| |*|
  4: |S|*|E|*|*|*|*| | |*|
  3: | |*|N|E| |E| |*|*| |
  2: |*|*| | |*|*| |*| |*|
  1: |*|*|*|*|*|*| |N| | |
  0: | | | | |*| |SE| |*| |
 -1: ---------------------

Change number: 156
Plant * has been eaten at (5,3)
 y\x  0 1 2 3 4 5 6 7 8 9
 10: ---------------------
  9: |*|*| | | |E|*|*| | |
  8: |*|*|*|*|*| | |*| |*|
  7: |*|E| | |*| | | | | |
  6: |*| | |*|W| |*|*| | |
  5: | |*|NE|*|*|*|*|*| |*|
  4: |S|*|E|*|*|*|*| | |*|
  3: | |*|N|E| |E| |*|*| |
  2: |*|*| | |*|*| |*| |*|
  1: |*|*|*|*|*|*| |N| | |
  0: | | | | |*| |SE| |*| |
 -1: ---------------------

Change number: 157
Plant * has been eaten at (5,9)
 y\x  0 1 2 3 4 5 6 7 8 9
 10: ---------------------
  9: |*|*| | | |E|*|*| | |
  8: |*|*|*|*|*| | |*| |*|
  7: |*|E| | |*| | | | | |
  6: |*| | |*|W| |*|*| | |
  5: | |*|NE|*|*|*|*|*| |*|
  4: |S|*|E|*|*|*|*| | |*|
  3: | |*|N|E| |E| |*|*| |
  2: |*|*| | |*|*| |*| |*|
  1: |*|*|*|*|*|*| |N| | |
  0: | | | | |*| |SE| |*| |
 -1: ---------------------

Change number: 158
New animal has been born at (2,5)
 y\x  0 1 2 3 4 5 6 7 8 9
 10: ---------------------
  9: |*|*| | | |E|*|*| | |
  8: |*|*|*|*|*| | |*| |*|
  7: |*|E| | |*| | | | | |
  6: |*| | |*|W| |*|*| | |
  5: | |*|NE|*|*|*|*|*| |*|
  4: |S|*|E|*|*|*|*| | |*|
  3: | |*|N|E| |E| |*|*| |
  2: |*|*| | |*|*| |*| |*|
  1: |*|*|*|*|*|*| |N| | |
  0: | | | | |*| |SE| |*| |
 -1: ---------------------

Change number: 159
New plant * has grown at (8,1)
 y\x  0 1 2 3 4 5 6 7 8 9
 10: ---------------------
  9: |*|*| | | |E|*|*| | |
  8: |*|*|*|*|*| | |*| |*|
  7: |*|E| | |*| | | | | |
  6: |*| | |*|W| |*|*| | |
  5: | |*|NE|*|*|*|*|*| |*|
  4: |S|*|E|*|*|*|*| | |*|
  3: | |*|N|E| |E| |*|*| |
  2: |*|*| | |*|*| |*| |*|
  1: |*|*|*|*|*|*| |N|*| |
  0: | | | | |*| |SE| |*| |
 -1: ---------------------

Change number: 160
New plant * has grown at (4,6)
 y\x  0 1 2 3 4 5 6 7 8 9
 10: ---------------------
  9: |*|*| | | |E|*|*| | |
  8: |*|*|*|*|*| | |*| |*|
  7: |*|E| | |*| | | | | |
  6: |*| | |*|W| |*|*| | |
  5: | |*|NE|*|*|*|*|*| |*|
  4: |S|*|E|*|*|*|*| | |*|
  3: | |*|N|E| |E| |*|*| |
  2: |*|*| | |*|*| |*| |*|
  1: |*|*|*|*|*|*| |N|*| |
  0: | | | | |*| |SE| |*| |
 -1: ---------------------

Change number: 161
New plant * has grown at (6,0)
 y\x  0 1 2 3 4 5 6 7 8 9
 10: ---------------------
  9: |*|*| | | |E|*|*| | |
  8: |*|*|*|*|*| | |*| |*|
  7: |*|E| | |*| | | | | |
  6: |*| | |*|W| |*|*| | |
  5: | |*|NE|*|*|*|*|*| |*|
  4: |S|*|E|*|*|*|*| | |*|
  3: | |*|N|E| |E| |*|*| |
  2: |*|*| | |*|*| |*| |*|
  1: |*|*|*|*|*|*| |N|*| |
  0: | | | | |*| |SE| |*| |
 -1: ---------------------

Change number: 162
New plant * has grown at (0,5)
 y\x  0 1 2 3 4 5 6 7 8 9
 10: ---------------------
  9: |*|*| | | |E|*|*| | |
  8: |*|*|*|*|*| | |*| |*|
  7: |*|E| | |*| | | | | |
  6: |*| | |*|W| |*|*| | |
  5: |*|*|NE|*|*|*|*|*| |*|
  4: |S|*|E|*|*|*|*| | |*|
  3: | |*|N|E| |E| |*|*| |
  2: |*|*| | |*|*| |*| |*|
  1: |*|*|*|*|*|*| |N|*| |
  0: | | | | |*| |SE| |*| |
 -1: ---------------------

Change number: 163
New plant * has grown at (5,9)
 y\x  0 1 2 3 4 5 6 7 8 9
 10: ---------------------
  9: |*|*| | | |E|*|*| | |
  8: |*|*|*|*|*| | |*| |*|
  7: |*|E| | |*| | | | | |
  6: |*| | |*|W| |*|*| | |
  5: |*|*|NE|*|*|*|*|*| |*|
  4: |S|*|E|*|*|*|*| | |*|
  3: | |*|N|E| |E| |*|*| |
  2: |*|*| | |*|*| |*| |*|
  1: |*|*|*|*|*|*| |N|*| |
  0: | | | | |*| |SE| |*| |
 -1: ---------------------

Change number: 164
New plant * has grown at (5,6)
 y\x  0 1 2 3 4 5 6 7 8 9
 10: ---------------------
  9: |*|*| | | |E|*|*| | |
  8: |*|*|*|*|*| | |*| |*|
  7: |*|E| | |*| | | | | |
  6: |*| | |*|W|*|*|*| | |
  5: |*|*|NE|*|*|*|*|*| |*|
  4: |S|*|E|*|*|*|*| | |*|
  3: | |*|N|E| |E| |*|*| |
  2: |*|*| | |*|*| |*| |*|
  1: |*|*|*|*|*|*| |N|*| |
  0: | | | | |*| |SE| |*| |
 -1: ---------------------

Change number: 165
New plant * has grown at (8,9)
 y\x  0 1 2 3 4 5 6 7 8 9
 10: ---------------------
  9: |*|*| | | |E|*|*|*| |
  8: |*|*|*|*|*| | |*| |*|
  7: |*|E| | |*| | | | | |
  6: |*| | |*|W|*|*|*| | |
  5: |*|*|NE|*|*|*|*|*| |*|
  4: |S|*|E|*|*|*|*| | |*|
  3: | |*|N|E| |E| |*|*| |
  2: |*|*| | |*|*| |*| |*|
  1: |*|*|*|*|*|*| |N|*| |
  0: | | | | |*| |SE| |*| |
 -1: ---------------------

Change number: 166
New plant * has grown at (9,0)
 y\x  0 1 2 3 4 5 6 7 8 9
 10: ---------------------
  9: |*|*| | | |E|*|*|*| |
  8: |*|*|*|*|*| | |*| |*|
  7: |*|E| | |*| | | | | |
  6: |*| | |*|W|*|*|*| | |
  5: |*|*|NE|*|*|*|*|*| |*|
  4: |S|*|E|*|*|*|*| | |*|
  3: | |*|N|E| |E| |*|*| |
  2: |*|*| | |*|*| |*| |*|
  1: |*|*|*|*|*|*| |N|*| |
  0: | | | | |*| |SE| |*|*|
 -1: ---------------------

Change number: 167
New plant * has grown at (5,3)
 y\x  0 1 2 3 4 5 6 7 8 9
 10: ---------------------
  9: |*|*| | | |E|*|*|*| |
  8: |*|*|*|*|*| | |*| |*|
  7: |*|E| | |*| | | | | |
  6: |*| | |*|W|*|*|*| | |
  5: |*|*|NE|*|*|*|*|*| |*|
  4: |S|*|E|*|*|*|*| | |*|
  3: | |*|N|E| |E| |*|*| |
  2: |*|*| | |*|*| |*| |*|
  1: |*|*|*|*|*|*| |N|*| |
  0: | | | | |*| |SE| |*|*|
 -1: ---------------------

Change number: 168
New plant * has grown at (9,6)
 y\x  0 1 2 3 4 5 6 7 8 9
 10: ---------------------
  9: |*|*| | | |E|*|*|*| |
  8: |*|*|*|*|*| | |*| |*|
  7: |*|E| | |*| | | | | |
  6: |*| | |*|W|*|*|*| |*|
  5: |*|*|NE|*|*|*|*|*| |*|
  4: |S|*|E|*|*|*|*| | |*|
  3: | |*|N|E| |E| |*|*| |
  2: |*|*| | |*|*| |*| |*|
  1: |*|*|*|*|*|*| |N|*| |
  0: | | | | |*| |SE| |*|*|
 -1: ---------------------

Change number: 169
Animal was moved from (6,0)  to (6,0)
 y\x  0 1 2 3 4 5 6 7 8 9
 10: ---------------------
  9: |*|*| | | |E|*|*|*| |
  8: |*|*|*|*|*| | |*| |*|
  7: |*|E| | |*| | | | | |
  6: |*| | |*|W|*|*|*| |*|
  5: |*|*|NE|*|*|*|*|*| |*|
  4: |S|*|E|*|*|*|*| | |*|
  3: | |*|N|E| |E| |*|*| |
  2: |*|*| | |*|*| |*| |*|
  1: |*|*|*|*|*|*| |N|*| |
  0: | | | | |*| |S| |*|*|
 -1: ---------------------

Change number: 170
Animal was moved from (5,3)  to (6,3)
 y\x  0 1 2 3 4 5 6 7 8 9
 10: ---------------------
  9: |*|*| | | |E|*|*|*| |
  8: |*|*|*|*|*| | |*| |*|
  7: |*|E| | |*| | | | | |
  6: |*| | |*|W|*|*|*| |*|
  5: |*|*|NE|*|*|*|*|*| |*|
  4: |S|*|E|*|*|*|*| | |*|
  3: | |*|N|E| |*|E|*|*| |
  2: |*|*| | |*|*| |*| |*|
  1: |*|*|*|*|*|*| |N|*| |
  0: | | | | |*| |S| |*|*|
 -1: ---------------------

Change number: 171
Animal was moved from (0,4)  to (0,4)
 y\x  0 1 2 3 4 5 6 7 8 9
 10: ---------------------
  9: |*|*| | | |E|*|*|*| |
  8: |*|*|*|*|*| | |*| |*|
  7: |*|E| | |*| | | | | |
  6: |*| | |*|W|*|*|*| |*|
  5: |*|*|NE|*|*|*|*|*| |*|
  4: |W|*|E|*|*|*|*| | |*|
  3: | |*|N|E| |*|E|*|*| |
  2: |*|*| | |*|*| |*| |*|
  1: |*|*|*|*|*|*| |N|*| |
  0: | | | | |*| |S| |*|*|
 -1: ---------------------

Change number: 172
Animal was moved from (3,3)  to (3,2)
 y\x  0 1 2 3 4 5 6 7 8 9
 10: ---------------------
  9: |*|*| | | |E|*|*|*| |
  8: |*|*|*|*|*| | |*| |*|
  7: |*|E| | |*| | | | | |
  6: |*| | |*|W|*|*|*| |*|
  5: |*|*|NE|*|*|*|*|*| |*|
  4: |W|*|E|*|*|*|*| | |*|
  3: | |*|N| | |*|E|*|*| |
  2: |*|*| |S|*|*| |*| |*|
  1: |*|*|*|*|*|*| |N|*| |
  0: | | | | |*| |S| |*|*|
 -1: ---------------------

Change number: 173
Animal was moved from (7,1)  to (6,2)
 y\x  0 1 2 3 4 5 6 7 8 9
 10: ---------------------
  9: |*|*| | | |E|*|*|*| |
  8: |*|*|*|*|*| | |*| |*|
  7: |*|E| | |*| | | | | |
  6: |*| | |*|W|*|*|*| |*|
  5: |*|*|NE|*|*|*|*|*| |*|
  4: |W|*|E|*|*|*|*| | |*|
  3: | |*|N| | |*|E|*|*| |
  2: |*|*| |S|*|*|NW|*| |*|
  1: |*|*|*|*|*|*| | |*| |
  0: | | | | |*| |S| |*|*|
 -1: ---------------------

Change number: 174
Animal was moved from (5,9)  to (5,9)
 y\x  0 1 2 3 4 5 6 7 8 9
 10: ---------------------
  9: |*|*| | | |N|*|*|*| |
  8: |*|*|*|*|*| | |*| |*|
  7: |*|E| | |*| | | | | |
  6: |*| | |*|W|*|*|*| |*|
  5: |*|*|NE|*|*|*|*|*| |*|
  4: |W|*|E|*|*|*|*| | |*|
  3: | |*|N| | |*|E|*|*| |
  2: |*|*| |S|*|*|NW|*| |*|
  1: |*|*|*|*|*|*| | |*| |
  0: | | | | |*| |S| |*|*|
 -1: ---------------------

Change number: 175
Animal was moved from (1,7)  to (0,6)
 y\x  0 1 2 3 4 5 6 7 8 9
 10: ---------------------
  9: |*|*| | | |N|*|*|*| |
  8: |*|*|*|*|*| | |*| |*|
  7: |*| | | |*| | | | | |
  6: |SW| | |*|W|*|*|*| |*|
  5: |*|*|NE|*|*|*|*|*| |*|
  4: |W|*|E|*|*|*|*| | |*|
  3: | |*|N| | |*|E|*|*| |
  2: |*|*| |S|*|*|NW|*| |*|
  1: |*|*|*|*|*|*| | |*| |
  0: | | | | |*| |S| |*|*|
 -1: ---------------------

Change number: 176
Animal was moved from (2,3)  to (1,3)
 y\x  0 1 2 3 4 5 6 7 8 9
 10: ---------------------
  9: |*|*| | | |N|*|*|*| |
  8: |*|*|*|*|*| | |*| |*|
  7: |*| | | |*| | | | | |
  6: |SW| | |*|W|*|*|*| |*|
  5: |*|*|NE|*|*|*|*|*| |*|
  4: |W|*|E|*|*|*|*| | |*|
  3: | |W| | | |*|E|*|*| |
  2: |*|*| |S|*|*|NW|*| |*|
  1: |*|*|*|*|*|*| | |*| |
  0: | | | | |*| |S| |*|*|
 -1: ---------------------

Change number: 177
Animal was moved from (2,4)  to (1,5)
 y\x  0 1 2 3 4 5 6 7 8 9
 10: ---------------------
  9: |*|*| | | |N|*|*|*| |
  8: |*|*|*|*|*| | |*| |*|
  7: |*| | | |*| | | | | |
  6: |SW| | |*|W|*|*|*| |*|
  5: |*|NW|NE|*|*|*|*|*| |*|
  4: |W|*| |*|*|*|*| | |*|
  3: | |W| | | |*|E|*|*| |
  2: |*|*| |S|*|*|NW|*| |*|
  1: |*|*|*|*|*|*| | |*| |
  0: | | | | |*| |S| |*|*|
 -1: ---------------------

Change number: 178
Animal was moved from (4,6)  to (3,5)
 y\x  0 1 2 3 4 5 6 7 8 9
 10: ---------------------
  9: |*|*| | | |N|*|*|*| |
  8: |*|*|*|*|*| | |*| |*|
  7: |*| | | |*| | | | | |
  6: |SW| | |*|*|*|*|*| |*|
  5: |*|NW|NE|SW|*|*|*|*| |*|
  4: |W|*| |*|*|*|*| | |*|
  3: | |W| | | |*|E|*|*| |
  2: |*|*| |S|*|*|NW|*| |*|
  1: |*|*|*|*|*|*| | |*| |
  0: | | | | |*| |S| |*|*|
 -1: ---------------------

Change number: 179
Animal was moved from (2,5)  to (3,6)
 y\x  0 1 2 3 4 5 6 7 8 9
 10: ---------------------
  9: |*|*| | | |N|*|*|*| |
  8: |*|*|*|*|*| | |*| |*|
  7: |*| | | |*| | | | | |
  6: |SW| | |NE|*|*|*|*| |*|
  5: |*|NW|NE|SW|*|*|*|*| |*|
  4: |W|*| |*|*|*|*| | |*|
  3: | |W| | | |*|E|*|*| |
  2: |*|*| |S|*|*|NW|*| |*|
  1: |*|*|*|*|*|*| | |*| |
  0: | | | | |*| |S| |*|*|
 -1: ---------------------

