Change number: 0
Animal was moved from (1,1)  to (1,0)
 y\x  0 1 2 3 4
  5: -----------
  4: | | | | | |
  3: | | |*|SE| |
  2: |N|*|*|*| |
  1: | | | | | |
  0: |SW|E| | |*|
 -1: -----------

Change number: 1
Animal was moved from (0,0)  to (1,0)
 y\x  0 1 2 3 4
  5: -----------
  4: | | | | | |
  3: | | |*|SE| |
  2: |N|*|*|*| |
  1: | | | | | |
  0: | |E| | |*|
 -1: -----------

Change number: 2
Animal was moved from (3,3)  to (3,4)
 y\x  0 1 2 3 4
  5: -----------
  4: | | | |N| |
  3: | | |*| | |
  2: |N|*|*|*| |
  1: | | | | | |
  0: | |E| | |*|
 -1: -----------

Change number: 3
Animal was moved from (0,2)  to (0,1)
 y\x  0 1 2 3 4
  5: -----------
  4: | | | |N| |
  3: | | |*| | |
  2: | |*|*|*| |
  1: |S| | | | |
  0: | |E| | |*|
 -1: -----------

Change number: 4
Animal was moved from (1,0)  to (0,0)
 y\x  0 1 2 3 4
  5: -----------
  4: | | | |N| |
  3: | | |*| | |
  2: | |*|*|*| |
  1: |S| | | | |
  0: |W|E| | |*|
 -1: -----------

Change number: 5
New plant * has grown at (1,0)
 y\x  0 1 2 3 4
  5: -----------
  4: | | | |N| |
  3: | | |*| | |
  2: | |*|*|*| |
  1: |S| | | | |
  0: |W|S| | |*|
 -1: -----------

Change number: 6
New plant * has grown at (4,1)
 y\x  0 1 2 3 4
  5: -----------
  4: | | | |N| |
  3: | | |*| | |
  2: | |*|*|*| |
  1: |S| | | |*|
  0: |W|E| | |*|
 -1: -----------

Change number: 7
New plant * has grown at (3,1)
 y\x  0 1 2 3 4
  5: -----------
  4: | | | |N| |
  3: | | |*| | |
  2: | |*|*|*| |
  1: |S| | |*|*|
  0: |W|E| | |*|
 -1: -----------

Change number: 8
New plant * has grown at (4,3)
 y\x  0 1 2 3 4
  5: -----------
  4: | | | |N| |
  3: | | |*| |*|
  2: | |*|*|*| |
  1: |S| | |*|*|
  0: |W|S| | |*|
 -1: -----------

Change number: 9
New plant * has grown at (0,4)
 y\x  0 1 2 3 4
  5: -----------
  4: |*| | |N| |
  3: | | |*| |*|
  2: | |*|*|*| |
  1: |S| | |*|*|
  0: |W|E| | |*|
 -1: -----------

Change number: 10
Animal was moved from (1,0)  to (0,1)
 y\x  0 1 2 3 4
  5: -----------
  4: |*| | |N| |
  3: | | |*| |*|
  2: | |*|*|*| |
  1: |S| | |*|*|
  0: |W|E| | |*|
 -1: -----------

Change number: 11
Animal was moved from (1,0)  to (2,0)
 y\x  0 1 2 3 4
  5: -----------
  4: |*| | |N| |
  3: | | |*| |*|
  2: | |*|*|*| |
  1: |S| | |*|*|
  0: |W|*|E| |*|
 -1: -----------

Change number: 12
Animal was moved from (3,4)  to (4,4)
 y\x  0 1 2 3 4
  5: -----------
  4: |*| | | |E|
  3: | | |*| |*|
  2: | |*|*|*| |
  1: |S| | |*|*|
  0: |W|*|E| |*|
 -1: -----------

Change number: 13
Animal was moved from (0,1)  to (0,0)
 y\x  0 1 2 3 4
  5: -----------
  4: |*| | | |E|
  3: | | |*| |*|
  2: | |*|*|*| |
  1: |NW| | |*|*|
  0: |W|*|E| |*|
 -1: -----------

Change number: 14
Animal was moved from (0,0)  to (0,0)
 y\x  0 1 2 3 4
  5: -----------
  4: |*| | | |E|
  3: | | |*| |*|
  2: | |*|*|*| |
  1: |NW| | |*|*|
  0: |SW|*|E| |*|
 -1: -----------

Change number: 15
New plant * has grown at (1,4)
 y\x  0 1 2 3 4
  5: -----------
  4: |*|*| | |E|
  3: | | |*| |*|
  2: | |*|*|*| |
  1: |NW| | |*|*|
  0: |W|*|E| |*|
 -1: -----------

Change number: 16
New plant * has grown at (4,2)
 y\x  0 1 2 3 4
  5: -----------
  4: |*|*| | |E|
  3: | | |*| |*|
  2: | |*|*|*|*|
  1: |NW| | |*|*|
  0: |W|*|E| |*|
 -1: -----------

Change number: 17
New plant * has grown at (2,4)
 y\x  0 1 2 3 4
  5: -----------
  4: |*|*|*| |E|
  3: | | |*| |*|
  2: | |*|*|*|*|
  1: |NW| | |*|*|
  0: |SW|*|E| |*|
 -1: -----------

Change number: 18
New plant * has grown at (1,1)
 y\x  0 1 2 3 4
  5: -----------
  4: |*|*|*| |E|
  3: | | |*| |*|
  2: | |*|*|*|*|
  1: |NW|*| |*|*|
  0: |SW|*|E| |*|
 -1: -----------

Change number: 19
New plant * has grown at (0,1)
 y\x  0 1 2 3 4
  5: -----------
  4: |*|*|*| |E|
  3: | | |*| |*|
  2: | |*|*|*|*|
  1: |NW|*| |*|*|
  0: |SW|*|E| |*|
 -1: -----------

Change number: 20
Animal was moved from (0,1)  to (0,0)
 y\x  0 1 2 3 4
  5: -----------
  4: |*|*|*| |E|
  3: | | |*| |*|
  2: | |*|*|*|*|
  1: |*|*| |*|*|
  0: |W|*|E| |*|
 -1: -----------

Change number: 21
Animal was moved from (2,0)  to (3,0)
 y\x  0 1 2 3 4
  5: -----------
  4: |*|*|*| |E|
  3: | | |*| |*|
  2: | |*|*|*|*|
  1: |*|*| |*|*|
  0: |W|*| |E|*|
 -1: -----------

Change number: 22
Animal was moved from (4,4)  to (3,4)
 y\x  0 1 2 3 4
  5: -----------
  4: |*|*|*|W| |
  3: | | |*| |*|
  2: | |*|*|*|*|
  1: |*|*| |*|*|
  0: |W|*| |E|*|
 -1: -----------

Change number: 23
Animal was moved from (0,0)  to (0,0)
 y\x  0 1 2 3 4
  5: -----------
  4: |*|*|*|W| |
  3: | | |*| |*|
  2: | |*|*|*|*|
  1: |*|*| |*|*|
  0: |W|*| |E|*|
 -1: -----------

Change number: 24
Animal was moved from (0,0)  to (1,0)
 y\x  0 1 2 3 4
  5: -----------
  4: |*|*|*|W| |
  3: | | |*| |*|
  2: | |*|*|*|*|
  1: |*|*| |*|*|
  0: |SW|E| |E|*|
 -1: -----------

Change number: 25
Plant * has been eaten at (1,0)
 y\x  0 1 2 3 4
  5: -----------
  4: |*|*|*|W| |
  3: | | |*| |*|
  2: | |*|*|*|*|
  1: |*|*| |*|*|
  0: |SW|E| |E|*|
 -1: -----------

Change number: 26
New plant * has grown at (3,3)
 y\x  0 1 2 3 4
  5: -----------
  4: |*|*|*|W| |
  3: | | |*|*|*|
  2: | |*|*|*|*|
  1: |*|*| |*|*|
  0: |W|E| |E|*|
 -1: -----------

Change number: 27
New plant * has grown at (4,4)
 y\x  0 1 2 3 4
  5: -----------
  4: |*|*|*|W|*|
  3: | | |*|*|*|
  2: | |*|*|*|*|
  1: |*|*| |*|*|
  0: |SW|E| |E|*|
 -1: -----------

Change number: 28
New plant * has grown at (2,0)
 y\x  0 1 2 3 4
  5: -----------
  4: |*|*|*|W|*|
  3: | | |*|*|*|
  2: | |*|*|*|*|
  1: |*|*| |*|*|
  0: |W|E|*|E|*|
 -1: -----------

Change number: 29
New plant * has grown at (3,0)
 y\x  0 1 2 3 4
  5: -----------
  4: |*|*|*|W|*|
  3: | | |*|*|*|
  2: | |*|*|*|*|
  1: |*|*| |*|*|
  0: |W|E|*|E|*|
 -1: -----------

Change number: 30
New plant * has grown at (2,1)
 y\x  0 1 2 3 4
  5: -----------
  4: |*|*|*|W|*|
  3: | | |*|*|*|
  2: | |*|*|*|*|
  1: |*|*|*|*|*|
  0: |SW|E|*|E|*|
 -1: -----------

Change number: 31
Animal was moved from (0,0)  to (0,0)
 y\x  0 1 2 3 4
  5: -----------
  4: |*|*|*|W|*|
  3: | | |*|*|*|
  2: | |*|*|*|*|
  1: |*|*|*|*|*|
  0: |W|E|*|E|*|
 -1: -----------

Change number: 32
Animal was moved from (3,0)  to (4,0)
 y\x  0 1 2 3 4
  5: -----------
  4: |*|*|*|W|*|
  3: | | |*|*|*|
  2: | |*|*|*|*|
  1: |*|*|*|*|*|
  0: |W|E|*|*|E|
 -1: -----------

Change number: 33
Animal was moved from (3,4)  to (4,3)
 y\x  0 1 2 3 4
  5: -----------
  4: |*|*|*| |*|
  3: | | |*|*|SE|
  2: | |*|*|*|*|
  1: |*|*|*|*|*|
  0: |W|E|*|*|E|
 -1: -----------

Change number: 34
Animal was moved from (0,0)  to (0,0)
 y\x  0 1 2 3 4
  5: -----------
  4: |*|*|*| |*|
  3: | | |*|*|SE|
  2: | |*|*|*|*|
  1: |*|*|*|*|*|
  0: |W|E|*|*|E|
 -1: -----------

Change number: 35
Animal was moved from (1,0)  to (1,0)
 y\x  0 1 2 3 4
  5: -----------
  4: |*|*|*| |*|
  3: | | |*|*|SE|
  2: | |*|*|*|*|
  1: |*|*|*|*|*|
  0: |W|S|*|*|E|
 -1: -----------

Change number: 36
Plant * has been eaten at (4,3)
 y\x  0 1 2 3 4
  5: -----------
  4: |*|*|*| |*|
  3: | | |*|*|SE|
  2: | |*|*|*|*|
  1: |*|*|*|*|*|
  0: |W|S|*|*|E|
 -1: -----------

Change number: 37
Plant * has been eaten at (4,0)
 y\x  0 1 2 3 4
  5: -----------
  4: |*|*|*| |*|
  3: | | |*|*|SE|
  2: | |*|*|*|*|
  1: |*|*|*|*|*|
  0: |W|S|*|*|E|
 -1: -----------

Change number: 38
New plant * has grown at (0,2)
 y\x  0 1 2 3 4
  5: -----------
  4: |*|*|*| |*|
  3: | | |*|*|SE|
  2: |*|*|*|*|*|
  1: |*|*|*|*|*|
  0: |W|S|*|*|E|
 -1: -----------

Change number: 39
New plant * has grown at (1,3)
 y\x  0 1 2 3 4
  5: -----------
  4: |*|*|*| |*|
  3: | |*|*|*|SE|
  2: |*|*|*|*|*|
  1: |*|*|*|*|*|
  0: |W|S|*|*|E|
 -1: -----------

Change number: 40
New plant * has grown at (3,4)
 y\x  0 1 2 3 4
  5: -----------
  4: |*|*|*|*|*|
  3: | |*|*|*|SE|
  2: |*|*|*|*|*|
  1: |*|*|*|*|*|
  0: |S|S|*|*|E|
 -1: -----------

Change number: 41
New plant * has grown at (4,3)
 y\x  0 1 2 3 4
  5: -----------
  4: |*|*|*|*|*|
  3: | |*|*|*|SE|
  2: |*|*|*|*|*|
  1: |*|*|*|*|*|
  0: |S|S|*|*|E|
 -1: -----------

Change number: 42
New plant * has grown at (0,0)
 y\x  0 1 2 3 4
  5: -----------
  4: |*|*|*|*|*|
  3: | |*|*|*|SE|
  2: |*|*|*|*|*|
  1: |*|*|*|*|*|
  0: |W|S|*|*|E|
 -1: -----------

Change number: 43
Animal was moved from (0,0)  to (0,0)
 y\x  0 1 2 3 4
  5: -----------
  4: |*|*|*|*|*|
  3: | |*|*|*|SE|
  2: |*|*|*|*|*|
  1: |*|*|*|*|*|
  0: |S|S|*|*|E|
 -1: -----------

Change number: 44
Animal was moved from (4,0)  to (3,1)
 y\x  0 1 2 3 4
  5: -----------
  4: |*|*|*|*|*|
  3: | |*|*|*|SE|
  2: |*|*|*|*|*|
  1: |*|*|*|NW|*|
  0: |S|S|*|*| |
 -1: -----------

Change number: 45
Animal was moved from (4,3)  to (3,2)
 y\x  0 1 2 3 4
  5: -----------
  4: |*|*|*|*|*|
  3: | |*|*|*|*|
  2: |*|*|*|SW|*|
  1: |*|*|*|NW|*|
  0: |S|S|*|*| |
 -1: -----------

Change number: 46
Animal was moved from (0,0)  to (0,1)
 y\x  0 1 2 3 4
  5: -----------
  4: |*|*|*|*|*|
  3: | |*|*|*|*|
  2: |*|*|*|SW|*|
  1: |NW|*|*|NW|*|
  0: |W|S|*|*| |
 -1: -----------

Change number: 47
Animal was moved from (1,0)  to (2,0)
 y\x  0 1 2 3 4
  5: -----------
  4: |*|*|*|*|*|
  3: | |*|*|*|*|
  2: |*|*|*|SW|*|
  1: |NW|*|*|NW|*|
  0: |W| |SE|*| |
 -1: -----------

Change number: 48
Plant * has been eaten at (3,2)
 y\x  0 1 2 3 4
  5: -----------
  4: |*|*|*|*|*|
  3: | |*|*|*|*|
  2: |*|*|*|SW|*|
  1: |NW|*|*|NW|*|
  0: |W| |SE|*| |
 -1: -----------

Change number: 49
Plant * has been eaten at (0,0)
 y\x  0 1 2 3 4
  5: -----------
  4: |*|*|*|*|*|
  3: | |*|*|*|*|
  2: |*|*|*|SW|*|
  1: |NW|*|*|NW|*|
  0: |W| |SE|*| |
 -1: -----------

Change number: 50
Plant * has been eaten at (0,1)
 y\x  0 1 2 3 4
  5: -----------
  4: |*|*|*|*|*|
  3: | |*|*|*|*|
  2: |*|*|*|SW|*|
  1: |NW|*|*|NW|*|
  0: |W| |SE|*| |
 -1: -----------

Change number: 51
Plant * has been eaten at (3,1)
 y\x  0 1 2 3 4
  5: -----------
  4: |*|*|*|*|*|
  3: | |*|*|*|*|
  2: |*|*|*|SW|*|
  1: |NW|*|*|NW|*|
  0: |W| |SE|*| |
 -1: -----------

Change number: 52
Plant * has been eaten at (2,0)
 y\x  0 1 2 3 4
  5: -----------
  4: |*|*|*|*|*|
  3: | |*|*|*|*|
  2: |*|*|*|SW|*|
  1: |NW|*|*|NW|*|
  0: |W| |SE|*| |
 -1: -----------

Change number: 53
New plant * has grown at (1,0)
 y\x  0 1 2 3 4
  5: -----------
  4: |*|*|*|*|*|
  3: | |*|*|*|*|
  2: |*|*|*|SW|*|
  1: |NW|*|*|NW|*|
  0: |W|*|SE|*| |
 -1: -----------

Change number: 54
New plant * has grown at (3,2)
 y\x  0 1 2 3 4
  5: -----------
  4: |*|*|*|*|*|
  3: | |*|*|*|*|
  2: |*|*|*|SW|*|
  1: |NW|*|*|NW|*|
  0: |W|*|SE|*| |
 -1: -----------

Change number: 55
New plant * has grown at (2,0)
 y\x  0 1 2 3 4
  5: -----------
  4: |*|*|*|*|*|
  3: | |*|*|*|*|
  2: |*|*|*|SW|*|
  1: |NW|*|*|NW|*|
  0: |W|*|SE|*| |
 -1: -----------

Change number: 56
New plant * has grown at (0,1)
 y\x  0 1 2 3 4
  5: -----------
  4: |*|*|*|*|*|
  3: | |*|*|*|*|
  2: |*|*|*|SW|*|
  1: |NW|*|*|NW|*|
  0: |W|*|SE|*| |
 -1: -----------

Change number: 57
New plant * has grown at (0,0)
 y\x  0 1 2 3 4
  5: -----------
  4: |*|*|*|*|*|
  3: | |*|*|*|*|
  2: |*|*|*|SW|*|
  1: |NW|*|*|NW|*|
  0: |W|*|SE|*| |
 -1: -----------

Change number: 58
Animal was moved from (0,0)  to (0,0)
 y\x  0 1 2 3 4
  5: -----------
  4: |*|*|*|*|*|
  3: | |*|*|*|*|
  2: |*|*|*|SW|*|
  1: |NW|*|*|NW|*|
  0: |W|*|SE|*| |
 -1: -----------

Change number: 59
Animal was moved from (3,1)  to (3,0)
 y\x  0 1 2 3 4
  5: -----------
  4: |*|*|*|*|*|
  3: | |*|*|*|*|
  2: |*|*|*|SW|*|
  1: |NW|*|*| |*|
  0: |W|*|SE|S| |
 -1: -----------

Change number: 60
Animal was moved from (3,2)  to (4,2)
 y\x  0 1 2 3 4
  5: -----------
  4: |*|*|*|*|*|
  3: | |*|*|*|*|
  2: |*|*|*|*|E|
  1: |NW|*|*| |*|
  0: |W|*|SE|S| |
 -1: -----------

Change number: 61
Animal was moved from (0,1)  to (1,0)
 y\x  0 1 2 3 4
  5: -----------
  4: |*|*|*|*|*|
  3: | |*|*|*|*|
  2: |*|*|*|*|E|
  1: |*|*|*| |*|
  0: |W|SE|SE|S| |
 -1: -----------

Change number: 62
Animal was moved from (2,0)  to (1,1)
 y\x  0 1 2 3 4
  5: -----------
  4: |*|*|*|*|*|
  3: | |*|*|*|*|
  2: |*|*|*|*|E|
  1: |*|NW|*| |*|
  0: |W|SE|*|S| |
 -1: -----------

Change number: 63
Plant * has been eaten at (1,0)
 y\x  0 1 2 3 4
  5: -----------
  4: |*|*|*|*|*|
  3: | |*|*|*|*|
  2: |*|*|*|*|E|
  1: |*|NW|*| |*|
  0: |W|SE|*|S| |
 -1: -----------

Change number: 64
Plant * has been eaten at (1,1)
 y\x  0 1 2 3 4
  5: -----------
  4: |*|*|*|*|*|
  3: | |*|*|*|*|
  2: |*|*|*|*|E|
  1: |*|NW|*| |*|
  0: |W|SE|*|S| |
 -1: -----------

Change number: 65
Plant * has been eaten at (0,0)
 y\x  0 1 2 3 4
  5: -----------
  4: |*|*|*|*|*|
  3: | |*|*|*|*|
  2: |*|*|*|*|E|
  1: |*|NW|*| |*|
  0: |W|SE|*|S| |
 -1: -----------

Change number: 66
Plant * has been eaten at (3,0)
 y\x  0 1 2 3 4
  5: -----------
  4: |*|*|*|*|*|
  3: | |*|*|*|*|
  2: |*|*|*|*|E|
  1: |*|NW|*| |*|
  0: |W|SE|*|S| |
 -1: -----------

Change number: 67
Plant * has been eaten at (4,2)
 y\x  0 1 2 3 4
  5: -----------
  4: |*|*|*|*|*|
  3: | |*|*|*|*|
  2: |*|*|*|*|E|
  1: |*|NW|*| |*|
  0: |W|SE|*|S| |
 -1: -----------

Change number: 68
New plant * has grown at (3,1)
 y\x  0 1 2 3 4
  5: -----------
  4: |*|*|*|*|*|
  3: | |*|*|*|*|
  2: |*|*|*|*|E|
  1: |*|NW|*|*|*|
  0: |W|SE|*|S| |
 -1: -----------

Change number: 69
New plant * has grown at (1,0)
 y\x  0 1 2 3 4
  5: -----------
  4: |*|*|*|*|*|
  3: | |*|*|*|*|
  2: |*|*|*|*|E|
  1: |*|NW|*|*|*|
  0: |W|SE|*|S| |
 -1: -----------

Change number: 70
New plant * has grown at (0,3)
 y\x  0 1 2 3 4
  5: -----------
  4: |*|*|*|*|*|
  3: |*|*|*|*|*|
  2: |*|*|*|*|E|
  1: |*|NW|*|*|*|
  0: |W|SE|*|S| |
 -1: -----------

Change number: 71
New plant * has grown at (0,0)
 y\x  0 1 2 3 4
  5: -----------
  4: |*|*|*|*|*|
  3: |*|*|*|*|*|
  2: |*|*|*|*|E|
  1: |*|NW|*|*|*|
  0: |W|SE|*|S| |
 -1: -----------

Change number: 72
New plant * has grown at (1,1)
 y\x  0 1 2 3 4
  5: -----------
  4: |*|*|*|*|*|
  3: |*|*|*|*|*|
  2: |*|*|*|*|E|
  1: |*|NW|*|*|*|
  0: |W|SE|*|S| |
 -1: -----------

Change number: 73
Animal was moved from (0,0)  to (1,1)
 y\x  0 1 2 3 4
  5: -----------
  4: |*|*|*|*|*|
  3: |*|*|*|*|*|
  2: |*|*|*|*|E|
  1: |*|NW|*|*|*|
  0: |*|SE|*|S| |
 -1: -----------

Change number: 74
Animal was moved from (3,0)  to (3,0)
 y\x  0 1 2 3 4
  5: -----------
  4: |*|*|*|*|*|
  3: |*|*|*|*|*|
  2: |*|*|*|*|E|
  1: |*|NW|*|*|*|
  0: |*|SE|*|S| |
 -1: -----------

Change number: 75
Animal was moved from (4,2)  to (4,1)
 y\x  0 1 2 3 4
  5: -----------
  4: |*|*|*|*|*|
  3: |*|*|*|*|*|
  2: |*|*|*|*| |
  1: |*|NW|*|*|S|
  0: |*|SE|*|S| |
 -1: -----------

Change number: 76
Animal was moved from (1,0)  to (1,0)
 y\x  0 1 2 3 4
  5: -----------
  4: |*|*|*|*|*|
  3: |*|*|*|*|*|
  2: |*|*|*|*| |
  1: |*|NW|*|*|S|
  0: |*|S|*|S| |
 -1: -----------

Change number: 77
Animal was moved from (1,1)  to (0,2)
 y\x  0 1 2 3 4
  5: -----------
  4: |*|*|*|*|*|
  3: |*|*|*|*|*|
  2: |NW|*|*|*| |
  1: |*|NE|*|*|S|
  0: |*|S|*|S| |
 -1: -----------

Change number: 78
Plant * has been eaten at (1,0)
 y\x  0 1 2 3 4
  5: -----------
  4: |*|*|*|*|*|
  3: |*|*|*|*|*|
  2: |NW|*|*|*| |
  1: |*|NE|*|*|S|
  0: |*|S|*|S| |
 -1: -----------

Change number: 79
Plant * has been eaten at (1,1)
 y\x  0 1 2 3 4
  5: -----------
  4: |*|*|*|*|*|
  3: |*|*|*|*|*|
  2: |NW|*|*|*| |
  1: |*|NE|*|*|S|
  0: |*|S|*|S| |
 -1: -----------

Change number: 80
Plant * has been eaten at (0,2)
 y\x  0 1 2 3 4
  5: -----------
  4: |*|*|*|*|*|
  3: |*|*|*|*|*|
  2: |NW|*|*|*| |
  1: |*|NE|*|*|S|
  0: |*|S|*|S| |
 -1: -----------

Change number: 81
Plant * has been eaten at (4,1)
 y\x  0 1 2 3 4
  5: -----------
  4: |*|*|*|*|*|
  3: |*|*|*|*|*|
  2: |NW|*|*|*| |
  1: |*|NE|*|*|S|
  0: |*|S|*|S| |
 -1: -----------

Change number: 82
New plant * has grown at (4,2)
 y\x  0 1 2 3 4
  5: -----------
  4: |*|*|*|*|*|
  3: |*|*|*|*|*|
  2: |NW|*|*|*|*|
  1: |*|NE|*|*|S|
  0: |*|S|*|S| |
 -1: -----------

Change number: 83
New plant * has grown at (4,1)
 y\x  0 1 2 3 4
  5: -----------
  4: |*|*|*|*|*|
  3: |*|*|*|*|*|
  2: |NW|*|*|*|*|
  1: |*|NE|*|*|S|
  0: |*|S|*|S| |
 -1: -----------

Change number: 84
New plant * has grown at (4,0)
 y\x  0 1 2 3 4
  5: -----------
  4: |*|*|*|*|*|
  3: |*|*|*|*|*|
  2: |NW|*|*|*|*|
  1: |*|NE|*|*|S|
  0: |*|S|*|S|*|
 -1: -----------

Change number: 85
New plant * has grown at (1,1)
 y\x  0 1 2 3 4
  5: -----------
  4: |*|*|*|*|*|
  3: |*|*|*|*|*|
  2: |NW|*|*|*|*|
  1: |*|NE|*|*|S|
  0: |*|S|*|S|*|
 -1: -----------

Change number: 86
New plant * has grown at (0,2)
 y\x  0 1 2 3 4
  5: -----------
  4: |*|*|*|*|*|
  3: |*|*|*|*|*|
  2: |NW|*|*|*|*|
  1: |*|NE|*|*|S|
  0: |*|S|*|S|*|
 -1: -----------

Change number: 87
Animal was moved from (1,1)  to (0,2)
 y\x  0 1 2 3 4
  5: -----------
  4: |*|*|*|*|*|
  3: |*|*|*|*|*|
  2: |NW|*|*|*|*|
  1: |*|*|*|*|S|
  0: |*|S|*|S|*|
 -1: -----------

Change number: 88
Animal was moved from (3,0)  to (3,0)
 y\x  0 1 2 3 4
  5: -----------
  4: |*|*|*|*|*|
  3: |*|*|*|*|*|
  2: |NW|*|*|*|*|
  1: |*|*|*|*|S|
  0: |*|S|*|S|*|
 -1: -----------

Change number: 89
Animal was moved from (4,1)  to (4,2)
 y\x  0 1 2 3 4
  5: -----------
  4: |*|*|*|*|*|
  3: |*|*|*|*|*|
  2: |NW|*|*|*|N|
  1: |*|*|*|*|*|
  0: |*|S|*|S|*|
 -1: -----------

Change number: 90
Animal was moved from (1,0)  to (0,0)
 y\x  0 1 2 3 4
  5: -----------
  4: |*|*|*|*|*|
  3: |*|*|*|*|*|
  2: |NW|*|*|*|N|
  1: |*|*|*|*|*|
  0: |SW| |*|S|*|
 -1: -----------

Change number: 91
Animal was moved from (0,2)  to (1,1)
 y\x  0 1 2 3 4
  5: -----------
  4: |*|*|*|*|*|
  3: |*|*|*|*|*|
  2: |NW|*|*|*|N|
  1: |*|SE|*|*|*|
  0: |SW| |*|S|*|
 -1: -----------

Change number: 92
Plant * has been eaten at (0,0)
 y\x  0 1 2 3 4
  5: -----------
  4: |*|*|*|*|*|
  3: |*|*|*|*|*|
  2: |NW|*|*|*|N|
  1: |*|SE|*|*|*|
  0: |SW| |*|S|*|
 -1: -----------

Change number: 93
Plant * has been eaten at (1,1)
 y\x  0 1 2 3 4
  5: -----------
  4: |*|*|*|*|*|
  3: |*|*|*|*|*|
  2: |NW|*|*|*|N|
  1: |*|SE|*|*|*|
  0: |SW| |*|S|*|
 -1: -----------

Change number: 94
Plant * has been eaten at (0,2)
 y\x  0 1 2 3 4
  5: -----------
  4: |*|*|*|*|*|
  3: |*|*|*|*|*|
  2: |NW|*|*|*|N|
  1: |*|SE|*|*|*|
  0: |SW| |*|S|*|
 -1: -----------

Change number: 95
Plant * has been eaten at (4,2)
 y\x  0 1 2 3 4
  5: -----------
  4: |*|*|*|*|*|
  3: |*|*|*|*|*|
  2: |NW|*|*|*|N|
  1: |*|SE|*|*|*|
  0: |SW| |*|S|*|
 -1: -----------

Change number: 96
New plant * has grown at (1,0)
 y\x  0 1 2 3 4
  5: -----------
  4: |*|*|*|*|*|
  3: |*|*|*|*|*|
  2: |NW|*|*|*|N|
  1: |*|SE|*|*|*|
  0: |SW|*|*|S|*|
 -1: -----------

Change number: 97
New plant * has grown at (1,1)
 y\x  0 1 2 3 4
  5: -----------
  4: |*|*|*|*|*|
  3: |*|*|*|*|*|
  2: |NW|*|*|*|N|
  1: |*|SE|*|*|*|
  0: |SW|*|*|S|*|
 -1: -----------

Change number: 98
New plant * has grown at (3,0)
 y\x  0 1 2 3 4
  5: -----------
  4: |*|*|*|*|*|
  3: |*|*|*|*|*|
  2: |NW|*|*|*|N|
  1: |*|SE|*|*|*|
  0: |SW|*|*|S|*|
 -1: -----------

Change number: 99
New plant * has grown at (0,0)
 y\x  0 1 2 3 4
  5: -----------
  4: |*|*|*|*|*|
  3: |*|*|*|*|*|
  2: |NW|*|*|*|N|
  1: |*|SE|*|*|*|
  0: |SW|*|*|S|*|
 -1: -----------

Change number: 100
New plant * has grown at (0,2)
 y\x  0 1 2 3 4
  5: -----------
  4: |*|*|*|*|*|
  3: |*|*|*|*|*|
  2: |NW|*|*|*|N|
  1: |*|SE|*|*|*|
  0: |SW|*|*|S|*|
 -1: -----------

Change number: 101
Animal was moved from (0,2)  to (0,3)
 y\x  0 1 2 3 4
  5: -----------
  4: |*|*|*|*|*|
  3: |N|*|*|*|*|
  2: |*|*|*|*|N|
  1: |*|SE|*|*|*|
  0: |SW|*|*|S|*|
 -1: -----------

Change number: 102
Animal was moved from (3,0)  to (3,0)
 y\x  0 1 2 3 4
  5: -----------
  4: |*|*|*|*|*|
  3: |N|*|*|*|*|
  2: |*|*|*|*|N|
  1: |*|SE|*|*|*|
  0: |SW|*|*|S|*|
 -1: -----------

Change number: 103
Animal was moved from (4,2)  to (3,1)
 y\x  0 1 2 3 4
  5: -----------
  4: |*|*|*|*|*|
  3: |N|*|*|*|*|
  2: |*|*|*|*| |
  1: |*|SE|*|SW|*|
  0: |SW|*|*|S|*|
 -1: -----------

Change number: 104
Animal was moved from (0,0)  to (1,0)
 y\x  0 1 2 3 4
  5: -----------
  4: |*|*|*|*|*|
  3: |N|*|*|*|*|
  2: |*|*|*|*| |
  1: |*|SE|*|SW|*|
  0: |*|SE|*|S|*|
 -1: -----------

Change number: 105
Animal was moved from (1,1)  to (0,0)
 y\x  0 1 2 3 4
  5: -----------
  4: |*|*|*|*|*|
  3: |N|*|*|*|*|
  2: |*|*|*|*| |
  1: |*|*|*|SW|*|
  0: |SW|SE|*|S|*|
 -1: -----------

Change number: 106
Plant * has been eaten at (0,0)
 y\x  0 1 2 3 4
  5: -----------
  4: |*|*|*|*|*|
  3: |N|*|*|*|*|
  2: |*|*|*|*| |
  1: |*|*|*|SW|*|
  0: |SW|SE|*|S|*|
 -1: -----------

Change number: 107
Plant * has been eaten at (0,3)
 y\x  0 1 2 3 4
  5: -----------
  4: |*|*|*|*|*|
  3: |N|*|*|*|*|
  2: |*|*|*|*| |
  1: |*|*|*|SW|*|
  0: |SW|SE|*|S|*|
 -1: -----------

Change number: 108
Plant * has been eaten at (3,0)
 y\x  0 1 2 3 4
  5: -----------
  4: |*|*|*|*|*|
  3: |N|*|*|*|*|
  2: |*|*|*|*| |
  1: |*|*|*|SW|*|
  0: |SW|SE|*|S|*|
 -1: -----------

Change number: 109
Plant * has been eaten at (3,1)
 y\x  0 1 2 3 4
  5: -----------
  4: |*|*|*|*|*|
  3: |N|*|*|*|*|
  2: |*|*|*|*| |
  1: |*|*|*|SW|*|
  0: |SW|SE|*|S|*|
 -1: -----------

Change number: 110
Plant * has been eaten at (1,0)
 y\x  0 1 2 3 4
  5: -----------
  4: |*|*|*|*|*|
  3: |N|*|*|*|*|
  2: |*|*|*|*| |
  1: |*|*|*|SW|*|
  0: |SW|SE|*|S|*|
 -1: -----------

Change number: 111
New plant * has grown at (1,0)
 y\x  0 1 2 3 4
  5: -----------
  4: |*|*|*|*|*|
  3: |N|*|*|*|*|
  2: |*|*|*|*| |
  1: |*|*|*|SW|*|
  0: |SW|SE|*|S|*|
 -1: -----------

Change number: 112
New plant * has grown at (0,3)
 y\x  0 1 2 3 4
  5: -----------
  4: |*|*|*|*|*|
  3: |N|*|*|*|*|
  2: |*|*|*|*| |
  1: |*|*|*|SW|*|
  0: |SW|SE|*|S|*|
 -1: -----------

Change number: 113
New plant * has grown at (3,1)
 y\x  0 1 2 3 4
  5: -----------
  4: |*|*|*|*|*|
  3: |N|*|*|*|*|
  2: |*|*|*|*| |
  1: |*|*|*|SW|*|
  0: |SW|SE|*|S|*|
 -1: -----------

Change number: 114
New plant * has grown at (3,0)
 y\x  0 1 2 3 4
  5: -----------
  4: |*|*|*|*|*|
  3: |N|*|*|*|*|
  2: |*|*|*|*| |
  1: |*|*|*|SW|*|
  0: |SW|SE|*|S|*|
 -1: -----------

Change number: 115
New plant * has grown at (4,2)
 y\x  0 1 2 3 4
  5: -----------
  4: |*|*|*|*|*|
  3: |N|*|*|*|*|
  2: |*|*|*|*|*|
  1: |*|*|*|SW|*|
  0: |SW|SE|*|S|*|
 -1: -----------

Change number: 116
Animal was moved from (0,3)  to (0,4)
 y\x  0 1 2 3 4
  5: -----------
  4: |N|*|*|*|*|
  3: |*|*|*|*|*|
  2: |*|*|*|*|*|
  1: |*|*|*|SW|*|
  0: |SW|SE|*|S|*|
 -1: -----------

Change number: 117
Animal was moved from (3,0)  to (4,1)
 y\x  0 1 2 3 4
  5: -----------
  4: |N|*|*|*|*|
  3: |*|*|*|*|*|
  2: |*|*|*|*|*|
  1: |*|*|*|SW|NE|
  0: |SW|SE|*|*|*|
 -1: -----------

Change number: 118
Animal was moved from (3,1)  to (2,2)
 y\x  0 1 2 3 4
  5: -----------
  4: |N|*|*|*|*|
  3: |*|*|*|*|*|
  2: |*|*|NW|*|*|
  1: |*|*|*|*|NE|
  0: |SW|SE|*|*|*|
 -1: -----------

Change number: 119
Animal was moved from (1,0)  to (0,0)
 y\x  0 1 2 3 4
  5: -----------
  4: |N|*|*|*|*|
  3: |*|*|*|*|*|
  2: |*|*|NW|*|*|
  1: |*|*|*|*|NE|
  0: |SW|*|*|*|*|
 -1: -----------

Change number: 120
Animal was moved from (0,0)  to (0,0)
 y\x  0 1 2 3 4
  5: -----------
  4: |N|*|*|*|*|
  3: |*|*|*|*|*|
  2: |*|*|NW|*|*|
  1: |*|*|*|*|NE|
  0: |S|*|*|*|*|
 -1: -----------

Change number: 121
Plant * has been eaten at (2,2)
 y\x  0 1 2 3 4
  5: -----------
  4: |N|*|*|*|*|
  3: |*|*|*|*|*|
  2: |*|*|NW|*|*|
  1: |*|*|*|*|NE|
  0: |S|*|*|*|*|
 -1: -----------

Change number: 122
Plant * has been eaten at (0,4)
 y\x  0 1 2 3 4
  5: -----------
  4: |N|*|*|*|*|
  3: |*|*|*|*|*|
  2: |*|*|NW|*|*|
  1: |*|*|*|*|NE|
  0: |S|*|*|*|*|
 -1: -----------

Change number: 123
Plant * has been eaten at (4,1)
 y\x  0 1 2 3 4
  5: -----------
  4: |N|*|*|*|*|
  3: |*|*|*|*|*|
  2: |*|*|NW|*|*|
  1: |*|*|*|*|NE|
  0: |S|*|*|*|*|
 -1: -----------

Change number: 124
New animal has been born at (0,0)
 y\x  0 1 2 3 4
  5: -----------
  4: |N|*|*|*|*|
  3: |*|*|*|*|*|
  2: |*|*|NW|*|*|
  1: |*|*|*|*|NE|
  0: |S|*|*|*|*|
 -1: -----------

Change number: 125
New plant * has grown at (2,2)
 y\x  0 1 2 3 4
  5: -----------
  4: |N|*|*|*|*|
  3: |*|*|*|*|*|
  2: |*|*|NW|*|*|
  1: |*|*|*|*|NE|
  0: |S|*|*|*|*|
 -1: -----------

Change number: 126
New plant * has grown at (4,1)
 y\x  0 1 2 3 4
  5: -----------
  4: |N|*|*|*|*|
  3: |*|*|*|*|*|
  2: |*|*|NW|*|*|
  1: |*|*|*|*|NE|
  0: |S|*|*|*|*|
 -1: -----------

Change number: 127
New plant * has grown at (0,4)
 y\x  0 1 2 3 4
  5: -----------
  4: |N|*|*|*|*|
  3: |*|*|*|*|*|
  2: |*|*|NW|*|*|
  1: |*|*|*|*|NE|
  0: |S|*|*|*|*|
 -1: -----------

Change number: 128
New plant * has grown at (0,0)
 y\x  0 1 2 3 4
  5: -----------
  4: |N|*|*|*|*|
  3: |*|*|*|*|*|
  2: |*|*|NW|*|*|
  1: |*|*|*|*|NE|
  0: |S|*|*|*|*|
 -1: -----------

Change number: 129
Animal was moved from (0,4)  to (0,4)
 y\x  0 1 2 3 4
  5: -----------
  4: |N|*|*|*|*|
  3: |*|*|*|*|*|
  2: |*|*|NW|*|*|
  1: |*|*|*|*|NE|
  0: |S|*|*|*|*|
 -1: -----------

Change number: 130
Animal was moved from (4,1)  to (3,1)
 y\x  0 1 2 3 4
  5: -----------
  4: |N|*|*|*|*|
  3: |*|*|*|*|*|
  2: |*|*|NW|*|*|
  1: |*|*|*|W|*|
  0: |S|*|*|*|*|
 -1: -----------

Change number: 131
Animal was moved from (2,2)  to (2,1)
 y\x  0 1 2 3 4
  5: -----------
  4: |N|*|*|*|*|
  3: |*|*|*|*|*|
  2: |*|*|*|*|*|
  1: |*|*|S|W|*|
  0: |S|*|*|*|*|
 -1: -----------

Change number: 132
Animal was moved from (0,0)  to (1,0)
 y\x  0 1 2 3 4
  5: -----------
  4: |N|*|*|*|*|
  3: |*|*|*|*|*|
  2: |*|*|*|*|*|
  1: |*|*|S|W|*|
  0: |S|E|*|*|*|
 -1: -----------

Change number: 133
Animal was moved from (0,0)  to (0,1)
 y\x  0 1 2 3 4
  5: -----------
  4: |N|*|*|*|*|
  3: |*|*|*|*|*|
  2: |*|*|*|*|*|
  1: |N|*|S|W|*|
  0: |S|E|*|*|*|
 -1: -----------

Change number: 134
Animal was moved from (0,0)  to (0,1)
 y\x  0 1 2 3 4
  5: -----------
  4: |N|*|*|*|*|
  3: |*|*|*|*|*|
  2: |*|*|*|*|*|
  1: |N|*|S|W|*|
  0: |*|E|*|*|*|
 -1: -----------

Change number: 135
Plant * has been eaten at (2,1)
 y\x  0 1 2 3 4
  5: -----------
  4: |N|*|*|*|*|
  3: |*|*|*|*|*|
  2: |*|*|*|*|*|
  1: |N|*|S|W|*|
  0: |*|E|*|*|*|
 -1: -----------

Change number: 136
Plant * has been eaten at (0,1)
 y\x  0 1 2 3 4
  5: -----------
  4: |N|*|*|*|*|
  3: |*|*|*|*|*|
  2: |*|*|*|*|*|
  1: |N|*|S|W|*|
  0: |*|E|*|*|*|
 -1: -----------

Change number: 137
Plant * has been eaten at (0,4)
 y\x  0 1 2 3 4
  5: -----------
  4: |N|*|*|*|*|
  3: |*|*|*|*|*|
  2: |*|*|*|*|*|
  1: |N|*|S|W|*|
  0: |*|E|*|*|*|
 -1: -----------

Change number: 138
Plant * has been eaten at (3,1)
 y\x  0 1 2 3 4
  5: -----------
  4: |N|*|*|*|*|
  3: |*|*|*|*|*|
  2: |*|*|*|*|*|
  1: |N|*|S|W|*|
  0: |*|E|*|*|*|
 -1: -----------

Change number: 139
Plant * has been eaten at (1,0)
 y\x  0 1 2 3 4
  5: -----------
  4: |N|*|*|*|*|
  3: |*|*|*|*|*|
  2: |*|*|*|*|*|
  1: |N|*|S|W|*|
  0: |*|E|*|*|*|
 -1: -----------

Change number: 140
New animal has been born at (0,1)
 y\x  0 1 2 3 4
  5: -----------
  4: |N|*|*|*|*|
  3: |*|*|*|*|*|
  2: |*|*|*|*|*|
  1: |N|*|S|W|*|
  0: |*|E|*|*|*|
 -1: -----------

Change number: 141
New plant * has grown at (0,4)
 y\x  0 1 2 3 4
  5: -----------
  4: |N|*|*|*|*|
  3: |*|*|*|*|*|
  2: |*|*|*|*|*|
  1: |N|*|S|W|*|
  0: |*|E|*|*|*|
 -1: -----------

Change number: 142
New plant * has grown at (0,1)
 y\x  0 1 2 3 4
  5: -----------
  4: |N|*|*|*|*|
  3: |*|*|*|*|*|
  2: |*|*|*|*|*|
  1: |N|*|S|W|*|
  0: |*|E|*|*|*|
 -1: -----------

Change number: 143
New plant * has grown at (1,0)
 y\x  0 1 2 3 4
  5: -----------
  4: |N|*|*|*|*|
  3: |*|*|*|*|*|
  2: |*|*|*|*|*|
  1: |N|*|S|W|*|
  0: |*|E|*|*|*|
 -1: -----------

Change number: 144
New plant * has grown at (2,1)
 y\x  0 1 2 3 4
  5: -----------
  4: |N|*|*|*|*|
  3: |*|*|*|*|*|
  2: |*|*|*|*|*|
  1: |N|*|S|W|*|
  0: |*|E|*|*|*|
 -1: -----------

Change number: 145
New plant * has grown at (3,1)
 y\x  0 1 2 3 4
  5: -----------
  4: |N|*|*|*|*|
  3: |*|*|*|*|*|
  2: |*|*|*|*|*|
  1: |N|*|S|W|*|
  0: |*|E|*|*|*|
 -1: -----------

Change number: 146
Animal was moved from (0,4)  to (1,3)
 y\x  0 1 2 3 4
  5: -----------
  4: |*|*|*|*|*|
  3: |*|SE|*|*|*|
  2: |*|*|*|*|*|
  1: |N|*|S|W|*|
  0: |*|E|*|*|*|
 -1: -----------

Change number: 147
Animal was moved from (3,1)  to (2,1)
 y\x  0 1 2 3 4
  5: -----------
  4: |*|*|*|*|*|
  3: |*|SE|*|*|*|
  2: |*|*|*|*|*|
  1: |N|*|S|*|*|
  0: |*|E|*|*|*|
 -1: -----------

Change number: 148
Animal was moved from (2,1)  to (1,1)
 y\x  0 1 2 3 4
  5: -----------
  4: |*|*|*|*|*|
  3: |*|SE|*|*|*|
  2: |*|*|*|*|*|
  1: |N|W|W|*|*|
  0: |*|E|*|*|*|
 -1: -----------

Change number: 149
Animal was moved from (0,1)  to (1,1)
 y\x  0 1 2 3 4
  5: -----------
  4: |*|*|*|*|*|
  3: |*|SE|*|*|*|
  2: |*|*|*|*|*|
  1: |N|W|W|*|*|
  0: |*|E|*|*|*|
 -1: -----------

Change number: 150
Animal was moved from (1,0)  to (2,0)
 y\x  0 1 2 3 4
  5: -----------
  4: |*|*|*|*|*|
  3: |*|SE|*|*|*|
  2: |*|*|*|*|*|
  1: |N|W|W|*|*|
  0: |*|*|SE|*|*|
 -1: -----------

Change number: 151
Animal was moved from (0,1)  to (0,2)
 y\x  0 1 2 3 4
  5: -----------
  4: |*|*|*|*|*|
  3: |*|SE|*|*|*|
  2: |N|*|*|*|*|
  1: |N|W|W|*|*|
  0: |*|*|SE|*|*|
 -1: -----------

Change number: 152
Animal was moved from (0,1)  to (0,2)
 y\x  0 1 2 3 4
  5: -----------
  4: |*|*|*|*|*|
  3: |*|SE|*|*|*|
  2: |N|*|*|*|*|
  1: |*|W|W|*|*|
  0: |*|*|SE|*|*|
 -1: -----------

Change number: 153
Plant * has been eaten at (2,1)
 y\x  0 1 2 3 4
  5: -----------
  4: |*|*|*|*|*|
  3: |*|SE|*|*|*|
  2: |N|*|*|*|*|
  1: |*|W|W|*|*|
  0: |*|*|SE|*|*|
 -1: -----------

Change number: 154
Plant * has been eaten at (0,2)
 y\x  0 1 2 3 4
  5: -----------
  4: |*|*|*|*|*|
  3: |*|SE|*|*|*|
  2: |N|*|*|*|*|
  1: |*|W|W|*|*|
  0: |*|*|SE|*|*|
 -1: -----------

Change number: 155
Plant * has been eaten at (1,1)
 y\x  0 1 2 3 4
  5: -----------
  4: |*|*|*|*|*|
  3: |*|SE|*|*|*|
  2: |N|*|*|*|*|
  1: |*|W|W|*|*|
  0: |*|*|SE|*|*|
 -1: -----------

Change number: 156
Plant * has been eaten at (1,3)
 y\x  0 1 2 3 4
  5: -----------
  4: |*|*|*|*|*|
  3: |*|SE|*|*|*|
  2: |N|*|*|*|*|
  1: |*|W|W|*|*|
  0: |*|*|SE|*|*|
 -1: -----------

Change number: 157
Plant * has been eaten at (2,0)
 y\x  0 1 2 3 4
  5: -----------
  4: |*|*|*|*|*|
  3: |*|SE|*|*|*|
  2: |N|*|*|*|*|
  1: |*|W|W|*|*|
  0: |*|*|SE|*|*|
 -1: -----------

Change number: 158
New animal has been born at (1,1)
 y\x  0 1 2 3 4
  5: -----------
  4: |*|*|*|*|*|
  3: |*|SE|*|*|*|
  2: |N|*|*|*|*|
  1: |*|W|W|*|*|
  0: |*|*|SE|*|*|
 -1: -----------

Change number: 159
New plant * has grown at (2,1)
 y\x  0 1 2 3 4
  5: -----------
  4: |*|*|*|*|*|
  3: |*|SE|*|*|*|
  2: |N|*|*|*|*|
  1: |*|W|W|*|*|
  0: |*|*|SE|*|*|
 -1: -----------

Change number: 160
New plant * has grown at (1,3)
 y\x  0 1 2 3 4
  5: -----------
  4: |*|*|*|*|*|
  3: |*|SE|*|*|*|
  2: |N|*|*|*|*|
  1: |*|W|W|*|*|
  0: |*|*|SE|*|*|
 -1: -----------

Change number: 161
New plant * has grown at (1,1)
 y\x  0 1 2 3 4
  5: -----------
  4: |*|*|*|*|*|
  3: |*|SE|*|*|*|
  2: |N|*|*|*|*|
  1: |*|W|W|*|*|
  0: |*|*|SE|*|*|
 -1: -----------

Change number: 162
New plant * has grown at (2,0)
 y\x  0 1 2 3 4
  5: -----------
  4: |*|*|*|*|*|
  3: |*|SE|*|*|*|
  2: |N|*|*|*|*|
  1: |*|W|W|*|*|
  0: |*|*|SE|*|*|
 -1: -----------

Change number: 163
New plant * has grown at (0,2)
 y\x  0 1 2 3 4
  5: -----------
  4: |*|*|*|*|*|
  3: |*|SE|*|*|*|
  2: |N|*|*|*|*|
  1: |*|W|W|*|*|
  0: |*|*|SE|*|*|
 -1: -----------

Change number: 164
Animal was moved from (1,3)  to (2,4)
 y\x  0 1 2 3 4
  5: -----------
  4: |*|*|NE|*|*|
  3: |*|*|*|*|*|
  2: |N|*|*|*|*|
  1: |*|W|W|*|*|
  0: |*|*|SE|*|*|
 -1: -----------

Change number: 165
Animal was moved from (2,1)  to (1,1)
 y\x  0 1 2 3 4
  5: -----------
  4: |*|*|NE|*|*|
  3: |*|*|*|*|*|
  2: |N|*|*|*|*|
  1: |*|W|*|*|*|
  0: |*|*|SE|*|*|
 -1: -----------

Change number: 166
Animal was moved from (1,1)  to (2,1)
 y\x  0 1 2 3 4
  5: -----------
  4: |*|*|NE|*|*|
  3: |*|*|*|*|*|
  2: |N|*|*|*|*|
  1: |*|W|E|*|*|
  0: |*|*|SE|*|*|
 -1: -----------

Change number: 167
Animal was moved from (1,1)  to (2,1)
 y\x  0 1 2 3 4
  5: -----------
  4: |*|*|NE|*|*|
  3: |*|*|*|*|*|
  2: |N|*|*|*|*|
  1: |*|W|E|*|*|
  0: |*|*|SE|*|*|
 -1: -----------

Change number: 168
Animal was moved from (1,1)  to (1,0)
 y\x  0 1 2 3 4
  5: -----------
  4: |*|*|NE|*|*|
  3: |*|*|*|*|*|
  2: |N|*|*|*|*|
  1: |*|W|E|*|*|
  0: |*|S|SE|*|*|
 -1: -----------

Change number: 169
Animal was moved from (2,0)  to (2,0)
 y\x  0 1 2 3 4
  5: -----------
  4: |*|*|NE|*|*|
  3: |*|*|*|*|*|
  2: |N|*|*|*|*|
  1: |*|W|E|*|*|
  0: |*|S|S|*|*|
 -1: -----------

