Change number: 0
Animal was moved from (0,0)  to (1,0)
 y\x  0 1
  2: -----
  1: |*| |
  0: |N|E|
 -1: -----

Change number: 1
Animal was moved from (0,0)  to (0,0)
 y\x  0 1
  2: -----
  1: |*| |
  0: |S|E|
 -1: -----

Change number: 2
Plant * has been eaten at (1,0)
 y\x  0 1
  2: -----
  1: |*| |
  0: |S|E|
 -1: -----

Change number: 3
New plant * has grown at (1,0)
 y\x  0 1
  2: -----
  1: |*| |
  0: |S|E|
 -1: -----

Change number: 4
New plant * has grown at (0,0)
 y\x  0 1
  2: -----
  1: |*| |
  0: |S|E|
 -1: -----

Change number: 5
Animal was moved from (1,0)  to (1,0)
 y\x  0 1
  2: -----
  1: |*| |
  0: |S|SE|
 -1: -----

Change number: 6
Animal was moved from (0,0)  to (1,0)
 y\x  0 1
  2: -----
  1: |*| |
  0: |*|SE|
 -1: -----

Change number: 7
Plant * has been eaten at (1,0)
 y\x  0 1
  2: -----
  1: |*| |
  0: |*|SE|
 -1: -----

Change number: 8
New plant * has grown at (1,0)
 y\x  0 1
  2: -----
  1: |*| |
  0: |*|SE|
 -1: -----

Change number: 9
New plant * has grown at (1,1)
 y\x  0 1
  2: -----
  1: |*|*|
  0: |*|SE|
 -1: -----

Change number: 10
Animal SE died at (1,0)
 y\x  0 1
  2: -----
  1: |*|*|
  0: |*|SE|
 -1: -----

Change number: 11
Animal was moved from (1,0)  to (1,0)
 y\x  0 1
  2: -----
  1: |*|*|
  0: |*|S|
 -1: -----

Change number: 12
Plant * has been eaten at (1,0)
 y\x  0 1
  2: -----
  1: |*|*|
  0: |*|S|
 -1: -----

Change number: 13
New plant * has grown at (1,0)
 y\x  0 1
  2: -----
  1: |*|*|
  0: |*|S|
 -1: -----

Change number: 14
Animal was moved from (1,0)  to (0,0)
 y\x  0 1
  2: -----
  1: |*|*|
  0: |SW|*|
 -1: -----

Change number: 15
Plant * has been eaten at (0,0)
 y\x  0 1
  2: -----
  1: |*|*|
  0: |SW|*|
 -1: -----

Change number: 16
New plant * has grown at (0,0)
 y\x  0 1
  2: -----
  1: |*|*|
  0: |SW|*|
 -1: -----

Change number: 17
Animal was moved from (0,0)  to (0,0)
 y\x  0 1
  2: -----
  1: |*|*|
  0: |W|*|
 -1: -----

Change number: 18
Plant * has been eaten at (0,0)
 y\x  0 1
  2: -----
  1: |*|*|
  0: |W|*|
 -1: -----

Change number: 19
New plant * has grown at (0,0)
 y\x  0 1
  2: -----
  1: |*|*|
  0: |W|*|
 -1: -----

Change number: 20
Animal was moved from (0,0)  to (0,1)
 y\x  0 1
  2: -----
  1: |NW|*|
  0: |*|*|
 -1: -----

Change number: 21
Plant * has been eaten at (0,1)
 y\x  0 1
  2: -----
  1: |NW|*|
  0: |*|*|
 -1: -----

Change number: 22
New plant * has grown at (0,1)
 y\x  0 1
  2: -----
  1: |NW|*|
  0: |*|*|
 -1: -----

Change number: 23
Animal was moved from (0,1)  to (0,1)
 y\x  0 1
  2: -----
  1: |N|*|
  0: |*|*|
 -1: -----

Change number: 24
Plant * has been eaten at (0,1)
 y\x  0 1
  2: -----
  1: |N|*|
  0: |*|*|
 -1: -----

Change number: 25
New plant * has grown at (0,1)
 y\x  0 1
  2: -----
  1: |N|*|
  0: |*|*|
 -1: -----

Change number: 26
Animal was moved from (0,1)  to (1,1)
 y\x  0 1
  2: -----
  1: |*|NE|
  0: |*|*|
 -1: -----

Change number: 27
Plant * has been eaten at (1,1)
 y\x  0 1
  2: -----
  1: |*|NE|
  0: |*|*|
 -1: -----

Change number: 28
New plant * has grown at (1,1)
 y\x  0 1
  2: -----
  1: |*|NE|
  0: |*|*|
 -1: -----

Change number: 29
Animal was moved from (1,1)  to (1,1)
 y\x  0 1
  2: -----
  1: |*|E|
  0: |*|*|
 -1: -----

Change number: 30
Plant * has been eaten at (1,1)
 y\x  0 1
  2: -----
  1: |*|E|
  0: |*|*|
 -1: -----

Change number: 31
New plant * has grown at (1,1)
 y\x  0 1
  2: -----
  1: |*|E|
  0: |*|*|
 -1: -----

Change number: 32
Animal was moved from (1,1)  to (1,0)
 y\x  0 1
  2: -----
  1: |*|*|
  0: |*|SE|
 -1: -----

Change number: 33
Plant * has been eaten at (1,0)
 y\x  0 1
  2: -----
  1: |*|*|
  0: |*|SE|
 -1: -----

Change number: 34
New plant * has grown at (1,0)
 y\x  0 1
  2: -----
  1: |*|*|
  0: |*|SE|
 -1: -----

Change number: 35
Animal was moved from (1,0)  to (1,0)
 y\x  0 1
  2: -----
  1: |*|*|
  0: |*|S|
 -1: -----

Change number: 36
Plant * has been eaten at (1,0)
 y\x  0 1
  2: -----
  1: |*|*|
  0: |*|S|
 -1: -----

Change number: 37
New plant * has grown at (1,0)
 y\x  0 1
  2: -----
  1: |*|*|
  0: |*|S|
 -1: -----

Change number: 38
Animal was moved from (1,0)  to (0,0)
 y\x  0 1
  2: -----
  1: |*|*|
  0: |SW|*|
 -1: -----

Change number: 39
Plant * has been eaten at (0,0)
 y\x  0 1
  2: -----
  1: |*|*|
  0: |SW|*|
 -1: -----

Change number: 40
New plant * has grown at (0,0)
 y\x  0 1
  2: -----
  1: |*|*|
  0: |SW|*|
 -1: -----

Change number: 41
Animal was moved from (0,0)  to (0,0)
 y\x  0 1
  2: -----
  1: |*|*|
  0: |W|*|
 -1: -----

Change number: 42
Plant * has been eaten at (0,0)
 y\x  0 1
  2: -----
  1: |*|*|
  0: |W|*|
 -1: -----

Change number: 43
New plant * has grown at (0,0)
 y\x  0 1
  2: -----
  1: |*|*|
  0: |W|*|
 -1: -----

Change number: 44
Animal was moved from (0,0)  to (0,1)
 y\x  0 1
  2: -----
  1: |NW|*|
  0: |*|*|
 -1: -----

Change number: 45
Plant * has been eaten at (0,1)
 y\x  0 1
  2: -----
  1: |NW|*|
  0: |*|*|
 -1: -----

Change number: 46
New plant * has grown at (0,1)
 y\x  0 1
  2: -----
  1: |NW|*|
  0: |*|*|
 -1: -----

Change number: 47
Animal was moved from (0,1)  to (0,1)
 y\x  0 1
  2: -----
  1: |N|*|
  0: |*|*|
 -1: -----

Change number: 48
Plant * has been eaten at (0,1)
 y\x  0 1
  2: -----
  1: |N|*|
  0: |*|*|
 -1: -----

Change number: 49
New plant * has grown at (0,1)
 y\x  0 1
  2: -----
  1: |N|*|
  0: |*|*|
 -1: -----

Change number: 50
Animal was moved from (0,1)  to (1,1)
 y\x  0 1
  2: -----
  1: |*|NE|
  0: |*|*|
 -1: -----

Change number: 51
Plant * has been eaten at (1,1)
 y\x  0 1
  2: -----
  1: |*|NE|
  0: |*|*|
 -1: -----

Change number: 52
New plant * has grown at (1,1)
 y\x  0 1
  2: -----
  1: |*|NE|
  0: |*|*|
 -1: -----

Change number: 53
Animal was moved from (1,1)  to (1,1)
 y\x  0 1
  2: -----
  1: |*|E|
  0: |*|*|
 -1: -----

Change number: 54
Plant * has been eaten at (1,1)
 y\x  0 1
  2: -----
  1: |*|E|
  0: |*|*|
 -1: -----

Change number: 55
New plant * has grown at (1,1)
 y\x  0 1
  2: -----
  1: |*|E|
  0: |*|*|
 -1: -----

Change number: 56
Animal was moved from (1,1)  to (1,0)
 y\x  0 1
  2: -----
  1: |*|*|
  0: |*|SE|
 -1: -----

Change number: 57
Plant * has been eaten at (1,0)
 y\x  0 1
  2: -----
  1: |*|*|
  0: |*|SE|
 -1: -----

Change number: 58
New plant * has grown at (1,0)
 y\x  0 1
  2: -----
  1: |*|*|
  0: |*|SE|
 -1: -----

Change number: 59
Animal was moved from (1,0)  to (1,0)
 y\x  0 1
  2: -----
  1: |*|*|
  0: |*|S|
 -1: -----

Change number: 60
Plant * has been eaten at (1,0)
 y\x  0 1
  2: -----
  1: |*|*|
  0: |*|S|
 -1: -----

Change number: 61
New plant * has grown at (1,0)
 y\x  0 1
  2: -----
  1: |*|*|
  0: |*|S|
 -1: -----

Change number: 62
Animal was moved from (1,0)  to (0,0)
 y\x  0 1
  2: -----
  1: |*|*|
  0: |SW|*|
 -1: -----

Change number: 63
Plant * has been eaten at (0,0)
 y\x  0 1
  2: -----
  1: |*|*|
  0: |SW|*|
 -1: -----

Change number: 64
New plant * has grown at (0,0)
 y\x  0 1
  2: -----
  1: |*|*|
  0: |SW|*|
 -1: -----

Change number: 65
Animal was moved from (0,0)  to (0,0)
 y\x  0 1
  2: -----
  1: |*|*|
  0: |W|*|
 -1: -----

Change number: 66
Plant * has been eaten at (0,0)
 y\x  0 1
  2: -----
  1: |*|*|
  0: |W|*|
 -1: -----

Change number: 67
New plant * has grown at (0,0)
 y\x  0 1
  2: -----
  1: |*|*|
  0: |W|*|
 -1: -----

Change number: 68
Animal was moved from (0,0)  to (0,1)
 y\x  0 1
  2: -----
  1: |NW|*|
  0: |*|*|
 -1: -----

Change number: 69
Plant * has been eaten at (0,1)
 y\x  0 1
  2: -----
  1: |NW|*|
  0: |*|*|
 -1: -----

Change number: 70
New plant * has grown at (0,1)
 y\x  0 1
  2: -----
  1: |NW|*|
  0: |*|*|
 -1: -----

Change number: 71
Animal was moved from (0,1)  to (0,1)
 y\x  0 1
  2: -----
  1: |N|*|
  0: |*|*|
 -1: -----

Change number: 72
Plant * has been eaten at (0,1)
 y\x  0 1
  2: -----
  1: |N|*|
  0: |*|*|
 -1: -----

Change number: 73
New plant * has grown at (0,1)
 y\x  0 1
  2: -----
  1: |N|*|
  0: |*|*|
 -1: -----

Change number: 74
Animal was moved from (0,1)  to (1,1)
 y\x  0 1
  2: -----
  1: |*|NE|
  0: |*|*|
 -1: -----

Change number: 75
Plant * has been eaten at (1,1)
 y\x  0 1
  2: -----
  1: |*|NE|
  0: |*|*|
 -1: -----

Change number: 76
New plant * has grown at (1,1)
 y\x  0 1
  2: -----
  1: |*|NE|
  0: |*|*|
 -1: -----

Change number: 77
Animal was moved from (1,1)  to (1,1)
 y\x  0 1
  2: -----
  1: |*|E|
  0: |*|*|
 -1: -----

Change number: 78
Plant * has been eaten at (1,1)
 y\x  0 1
  2: -----
  1: |*|E|
  0: |*|*|
 -1: -----

Change number: 79
New plant * has grown at (1,1)
 y\x  0 1
  2: -----
  1: |*|E|
  0: |*|*|
 -1: -----

Change number: 80
Animal was moved from (1,1)  to (1,0)
 y\x  0 1
  2: -----
  1: |*|*|
  0: |*|SE|
 -1: -----

Change number: 81
Plant * has been eaten at (1,0)
 y\x  0 1
  2: -----
  1: |*|*|
  0: |*|SE|
 -1: -----

Change number: 82
New plant * has grown at (1,0)
 y\x  0 1
  2: -----
  1: |*|*|
  0: |*|SE|
 -1: -----

Change number: 83
Animal was moved from (1,0)  to (1,0)
 y\x  0 1
  2: -----
  1: |*|*|
  0: |*|S|
 -1: -----

Change number: 84
Plant * has been eaten at (1,0)
 y\x  0 1
  2: -----
  1: |*|*|
  0: |*|S|
 -1: -----

Change number: 85
New plant * has grown at (1,0)
 y\x  0 1
  2: -----
  1: |*|*|
  0: |*|S|
 -1: -----

Change number: 86
Animal was moved from (1,0)  to (0,0)
 y\x  0 1
  2: -----
  1: |*|*|
  0: |SW|*|
 -1: -----

Change number: 87
Plant * has been eaten at (0,0)
 y\x  0 1
  2: -----
  1: |*|*|
  0: |SW|*|
 -1: -----

Change number: 88
New plant * has grown at (0,0)
 y\x  0 1
  2: -----
  1: |*|*|
  0: |SW|*|
 -1: -----

Change number: 89
Animal was moved from (0,0)  to (0,0)
 y\x  0 1
  2: -----
  1: |*|*|
  0: |W|*|
 -1: -----

Change number: 90
Plant * has been eaten at (0,0)
 y\x  0 1
  2: -----
  1: |*|*|
  0: |W|*|
 -1: -----

Change number: 91
New plant * has grown at (0,0)
 y\x  0 1
  2: -----
  1: |*|*|
  0: |W|*|
 -1: -----

Change number: 92
Animal was moved from (0,0)  to (0,1)
 y\x  0 1
  2: -----
  1: |NW|*|
  0: |*|*|
 -1: -----

Change number: 93
Plant * has been eaten at (0,1)
 y\x  0 1
  2: -----
  1: |NW|*|
  0: |*|*|
 -1: -----

Change number: 94
New plant * has grown at (0,1)
 y\x  0 1
  2: -----
  1: |NW|*|
  0: |*|*|
 -1: -----

Change number: 95
Animal was moved from (0,1)  to (0,1)
 y\x  0 1
  2: -----
  1: |N|*|
  0: |*|*|
 -1: -----

Change number: 96
Plant * has been eaten at (0,1)
 y\x  0 1
  2: -----
  1: |N|*|
  0: |*|*|
 -1: -----

Change number: 97
New plant * has grown at (0,1)
 y\x  0 1
  2: -----
  1: |N|*|
  0: |*|*|
 -1: -----

Change number: 98
Animal was moved from (0,1)  to (1,1)
 y\x  0 1
  2: -----
  1: |*|NE|
  0: |*|*|
 -1: -----

Change number: 99
Plant * has been eaten at (1,1)
 y\x  0 1
  2: -----
  1: |*|NE|
  0: |*|*|
 -1: -----

Change number: 100
New plant * has grown at (1,1)
 y\x  0 1
  2: -----
  1: |*|NE|
  0: |*|*|
 -1: -----

Change number: 101
Animal was moved from (1,1)  to (1,1)
 y\x  0 1
  2: -----
  1: |*|E|
  0: |*|*|
 -1: -----

Change number: 102
Plant * has been eaten at (1,1)
 y\x  0 1
  2: -----
  1: |*|E|
  0: |*|*|
 -1: -----

Change number: 103
New plant * has grown at (1,1)
 y\x  0 1
  2: -----
  1: |*|E|
  0: |*|*|
 -1: -----

Change number: 104
Animal was moved from (1,1)  to (1,0)
 y\x  0 1
  2: -----
  1: |*|*|
  0: |*|SE|
 -1: -----

Change number: 105
Plant * has been eaten at (1,0)
 y\x  0 1
  2: -----
  1: |*|*|
  0: |*|SE|
 -1: -----

Change number: 106
New plant * has grown at (1,0)
 y\x  0 1
  2: -----
  1: |*|*|
  0: |*|SE|
 -1: -----

Change number: 107
Animal was moved from (1,0)  to (1,0)
 y\x  0 1
  2: -----
  1: |*|*|
  0: |*|S|
 -1: -----

Change number: 108
Plant * has been eaten at (1,0)
 y\x  0 1
  2: -----
  1: |*|*|
  0: |*|S|
 -1: -----

Change number: 109
New plant * has grown at (1,0)
 y\x  0 1
  2: -----
  1: |*|*|
  0: |*|S|
 -1: -----

Change number: 110
Animal was moved from (1,0)  to (0,0)
 y\x  0 1
  2: -----
  1: |*|*|
  0: |SW|*|
 -1: -----

Change number: 111
Plant * has been eaten at (0,0)
 y\x  0 1
  2: -----
  1: |*|*|
  0: |SW|*|
 -1: -----

Change number: 112
New plant * has grown at (0,0)
 y\x  0 1
  2: -----
  1: |*|*|
  0: |SW|*|
 -1: -----

Change number: 113
Animal was moved from (0,0)  to (0,0)
 y\x  0 1
  2: -----
  1: |*|*|
  0: |W|*|
 -1: -----

Change number: 114
Plant * has been eaten at (0,0)
 y\x  0 1
  2: -----
  1: |*|*|
  0: |W|*|
 -1: -----

Change number: 115
New plant * has grown at (0,0)
 y\x  0 1
  2: -----
  1: |*|*|
  0: |W|*|
 -1: -----

Change number: 116
Animal was moved from (0,0)  to (0,1)
 y\x  0 1
  2: -----
  1: |NW|*|
  0: |*|*|
 -1: -----

Change number: 117
Plant * has been eaten at (0,1)
 y\x  0 1
  2: -----
  1: |NW|*|
  0: |*|*|
 -1: -----

Change number: 118
New plant * has grown at (0,1)
 y\x  0 1
  2: -----
  1: |NW|*|
  0: |*|*|
 -1: -----

Change number: 119
Animal was moved from (0,1)  to (0,1)
 y\x  0 1
  2: -----
  1: |N|*|
  0: |*|*|
 -1: -----

Change number: 120
Plant * has been eaten at (0,1)
 y\x  0 1
  2: -----
  1: |N|*|
  0: |*|*|
 -1: -----

Change number: 121
New plant * has grown at (0,1)
 y\x  0 1
  2: -----
  1: |N|*|
  0: |*|*|
 -1: -----

Change number: 122
Animal was moved from (0,1)  to (1,1)
 y\x  0 1
  2: -----
  1: |*|NE|
  0: |*|*|
 -1: -----

Change number: 123
Plant * has been eaten at (1,1)
 y\x  0 1
  2: -----
  1: |*|NE|
  0: |*|*|
 -1: -----

Change number: 124
New plant * has grown at (1,1)
 y\x  0 1
  2: -----
  1: |*|NE|
  0: |*|*|
 -1: -----

Change number: 125
Animal was moved from (1,1)  to (1,1)
 y\x  0 1
  2: -----
  1: |*|E|
  0: |*|*|
 -1: -----

Change number: 126
Plant * has been eaten at (1,1)
 y\x  0 1
  2: -----
  1: |*|E|
  0: |*|*|
 -1: -----

Change number: 127
New plant * has grown at (1,1)
 y\x  0 1
  2: -----
  1: |*|E|
  0: |*|*|
 -1: -----

Change number: 128
Animal was moved from (1,1)  to (1,0)
 y\x  0 1
  2: -----
  1: |*|*|
  0: |*|SE|
 -1: -----

Change number: 129
Plant * has been eaten at (1,0)
 y\x  0 1
  2: -----
  1: |*|*|
  0: |*|SE|
 -1: -----

Change number: 130
New plant * has grown at (1,0)
 y\x  0 1
  2: -----
  1: |*|*|
  0: |*|SE|
 -1: -----

Change number: 131
Animal was moved from (1,0)  to (1,0)
 y\x  0 1
  2: -----
  1: |*|*|
  0: |*|S|
 -1: -----

Change number: 132
Plant * has been eaten at (1,0)
 y\x  0 1
  2: -----
  1: |*|*|
  0: |*|S|
 -1: -----

Change number: 133
New plant * has grown at (1,0)
 y\x  0 1
  2: -----
  1: |*|*|
  0: |*|S|
 -1: -----

Change number: 134
Animal was moved from (1,0)  to (0,0)
 y\x  0 1
  2: -----
  1: |*|*|
  0: |SW|*|
 -1: -----

Change number: 135
Plant * has been eaten at (0,0)
 y\x  0 1
  2: -----
  1: |*|*|
  0: |SW|*|
 -1: -----

Change number: 136
New plant * has grown at (0,0)
 y\x  0 1
  2: -----
  1: |*|*|
  0: |SW|*|
 -1: -----

Change number: 137
Animal was moved from (0,0)  to (0,0)
 y\x  0 1
  2: -----
  1: |*|*|
  0: |W|*|
 -1: -----

Change number: 138
Plant * has been eaten at (0,0)
 y\x  0 1
  2: -----
  1: |*|*|
  0: |W|*|
 -1: -----

Change number: 139
New plant * has grown at (0,0)
 y\x  0 1
  2: -----
  1: |*|*|
  0: |W|*|
 -1: -----

Change number: 140
Animal was moved from (0,0)  to (0,1)
 y\x  0 1
  2: -----
  1: |NW|*|
  0: |*|*|
 -1: -----

Change number: 141
Plant * has been eaten at (0,1)
 y\x  0 1
  2: -----
  1: |NW|*|
  0: |*|*|
 -1: -----

Change number: 142
New plant * has grown at (0,1)
 y\x  0 1
  2: -----
  1: |NW|*|
  0: |*|*|
 -1: -----

Change number: 143
Animal was moved from (0,1)  to (0,1)
 y\x  0 1
  2: -----
  1: |N|*|
  0: |*|*|
 -1: -----

Change number: 144
Plant * has been eaten at (0,1)
 y\x  0 1
  2: -----
  1: |N|*|
  0: |*|*|
 -1: -----

Change number: 145
New plant * has grown at (0,1)
 y\x  0 1
  2: -----
  1: |N|*|
  0: |*|*|
 -1: -----

Change number: 146
Animal was moved from (0,1)  to (1,1)
 y\x  0 1
  2: -----
  1: |*|NE|
  0: |*|*|
 -1: -----

Change number: 147
Plant * has been eaten at (1,1)
 y\x  0 1
  2: -----
  1: |*|NE|
  0: |*|*|
 -1: -----

Change number: 148
New plant * has grown at (1,1)
 y\x  0 1
  2: -----
  1: |*|NE|
  0: |*|*|
 -1: -----

Change number: 149
Animal was moved from (1,1)  to (1,1)
 y\x  0 1
  2: -----
  1: |*|E|
  0: |*|*|
 -1: -----

Change number: 150
Plant * has been eaten at (1,1)
 y\x  0 1
  2: -----
  1: |*|E|
  0: |*|*|
 -1: -----

Change number: 151
New plant * has grown at (1,1)
 y\x  0 1
  2: -----
  1: |*|E|
  0: |*|*|
 -1: -----

Change number: 152
Animal was moved from (1,1)  to (1,0)
 y\x  0 1
  2: -----
  1: |*|*|
  0: |*|SE|
 -1: -----

Change number: 153
Plant * has been eaten at (1,0)
 y\x  0 1
  2: -----
  1: |*|*|
  0: |*|SE|
 -1: -----

Change number: 154
New plant * has grown at (1,0)
 y\x  0 1
  2: -----
  1: |*|*|
  0: |*|SE|
 -1: -----

Change number: 155
Animal was moved from (1,0)  to (1,0)
 y\x  0 1
  2: -----
  1: |*|*|
  0: |*|S|
 -1: -----

Change number: 156
Plant * has been eaten at (1,0)
 y\x  0 1
  2: -----
  1: |*|*|
  0: |*|S|
 -1: -----

Change number: 157
New plant * has grown at (1,0)
 y\x  0 1
  2: -----
  1: |*|*|
  0: |*|S|
 -1: -----

Change number: 158
Animal was moved from (1,0)  to (0,0)
 y\x  0 1
  2: -----
  1: |*|*|
  0: |SW|*|
 -1: -----

Change number: 159
Plant * has been eaten at (0,0)
 y\x  0 1
  2: -----
  1: |*|*|
  0: |SW|*|
 -1: -----

Change number: 160
New plant * has grown at (0,0)
 y\x  0 1
  2: -----
  1: |*|*|
  0: |SW|*|
 -1: -----

Change number: 161
Animal was moved from (0,0)  to (0,0)
 y\x  0 1
  2: -----
  1: |*|*|
  0: |W|*|
 -1: -----

Change number: 162
Plant * has been eaten at (0,0)
 y\x  0 1
  2: -----
  1: |*|*|
  0: |W|*|
 -1: -----

Change number: 163
New plant * has grown at (0,0)
 y\x  0 1
  2: -----
  1: |*|*|
  0: |W|*|
 -1: -----

Change number: 164
Animal was moved from (0,0)  to (0,1)
 y\x  0 1
  2: -----
  1: |NW|*|
  0: |*|*|
 -1: -----

Change number: 165
Plant * has been eaten at (0,1)
 y\x  0 1
  2: -----
  1: |NW|*|
  0: |*|*|
 -1: -----

Change number: 166
New plant * has grown at (0,1)
 y\x  0 1
  2: -----
  1: |NW|*|
  0: |*|*|
 -1: -----

Change number: 167
Animal was moved from (0,1)  to (0,1)
 y\x  0 1
  2: -----
  1: |N|*|
  0: |*|*|
 -1: -----

Change number: 168
Plant * has been eaten at (0,1)
 y\x  0 1
  2: -----
  1: |N|*|
  0: |*|*|
 -1: -----

Change number: 169
New plant * has grown at (0,1)
 y\x  0 1
  2: -----
  1: |N|*|
  0: |*|*|
 -1: -----

Change number: 170
Animal was moved from (0,1)  to (1,1)
 y\x  0 1
  2: -----
  1: |*|NE|
  0: |*|*|
 -1: -----

Change number: 171
Plant * has been eaten at (1,1)
 y\x  0 1
  2: -----
  1: |*|NE|
  0: |*|*|
 -1: -----

Change number: 172
New plant * has grown at (1,1)
 y\x  0 1
  2: -----
  1: |*|NE|
  0: |*|*|
 -1: -----

Change number: 173
Animal was moved from (1,1)  to (1,1)
 y\x  0 1
  2: -----
  1: |*|E|
  0: |*|*|
 -1: -----

Change number: 174
Plant * has been eaten at (1,1)
 y\x  0 1
  2: -----
  1: |*|E|
  0: |*|*|
 -1: -----

Change number: 175
New plant * has grown at (1,1)
 y\x  0 1
  2: -----
  1: |*|E|
  0: |*|*|
 -1: -----

Change number: 176
Animal was moved from (1,1)  to (1,0)
 y\x  0 1
  2: -----
  1: |*|*|
  0: |*|SE|
 -1: -----

Change number: 177
Plant * has been eaten at (1,0)
 y\x  0 1
  2: -----
  1: |*|*|
  0: |*|SE|
 -1: -----

Change number: 178
New plant * has grown at (1,0)
 y\x  0 1
  2: -----
  1: |*|*|
  0: |*|SE|
 -1: -----

Change number: 179
Animal was moved from (1,0)  to (1,0)
 y\x  0 1
  2: -----
  1: |*|*|
  0: |*|S|
 -1: -----

Change number: 180
Plant * has been eaten at (1,0)
 y\x  0 1
  2: -----
  1: |*|*|
  0: |*|S|
 -1: -----

Change number: 181
New plant * has grown at (1,0)
 y\x  0 1
  2: -----
  1: |*|*|
  0: |*|S|
 -1: -----

Change number: 182
Animal was moved from (1,0)  to (0,0)
 y\x  0 1
  2: -----
  1: |*|*|
  0: |SW|*|
 -1: -----

Change number: 183
Plant * has been eaten at (0,0)
 y\x  0 1
  2: -----
  1: |*|*|
  0: |SW|*|
 -1: -----

Change number: 184
New plant * has grown at (0,0)
 y\x  0 1
  2: -----
  1: |*|*|
  0: |SW|*|
 -1: -----

Change number: 185
Animal was moved from (0,0)  to (0,0)
 y\x  0 1
  2: -----
  1: |*|*|
  0: |W|*|
 -1: -----

Change number: 186
Plant * has been eaten at (0,0)
 y\x  0 1
  2: -----
  1: |*|*|
  0: |W|*|
 -1: -----

Change number: 187
New plant * has grown at (0,0)
 y\x  0 1
  2: -----
  1: |*|*|
  0: |W|*|
 -1: -----

Change number: 188
Animal was moved from (0,0)  to (0,1)
 y\x  0 1
  2: -----
  1: |NW|*|
  0: |*|*|
 -1: -----

Change number: 189
Plant * has been eaten at (0,1)
 y\x  0 1
  2: -----
  1: |NW|*|
  0: |*|*|
 -1: -----

Change number: 190
New plant * has grown at (0,1)
 y\x  0 1
  2: -----
  1: |NW|*|
  0: |*|*|
 -1: -----

Change number: 191
Animal was moved from (0,1)  to (0,1)
 y\x  0 1
  2: -----
  1: |N|*|
  0: |*|*|
 -1: -----

Change number: 192
Plant * has been eaten at (0,1)
 y\x  0 1
  2: -----
  1: |N|*|
  0: |*|*|
 -1: -----

Change number: 193
New plant * has grown at (0,1)
 y\x  0 1
  2: -----
  1: |N|*|
  0: |*|*|
 -1: -----

Change number: 194
Animal was moved from (0,1)  to (1,1)
 y\x  0 1
  2: -----
  1: |*|NE|
  0: |*|*|
 -1: -----

Change number: 195
Plant * has been eaten at (1,1)
 y\x  0 1
  2: -----
  1: |*|NE|
  0: |*|*|
 -1: -----

Change number: 196
New plant * has grown at (1,1)
 y\x  0 1
  2: -----
  1: |*|NE|
  0: |*|*|
 -1: -----

Change number: 197
Animal was moved from (1,1)  to (1,1)
 y\x  0 1
  2: -----
  1: |*|E|
  0: |*|*|
 -1: -----

Change number: 198
Plant * has been eaten at (1,1)
 y\x  0 1
  2: -----
  1: |*|E|
  0: |*|*|
 -1: -----

Change number: 199
New plant * has grown at (1,1)
 y\x  0 1
  2: -----
  1: |*|E|
  0: |*|*|
 -1: -----

Change number: 200
Animal was moved from (1,1)  to (1,0)
 y\x  0 1
  2: -----
  1: |*|*|
  0: |*|SE|
 -1: -----

Change number: 201
Plant * has been eaten at (1,0)
 y\x  0 1
  2: -----
  1: |*|*|
  0: |*|SE|
 -1: -----

Change number: 202
New plant * has grown at (1,0)
 y\x  0 1
  2: -----
  1: |*|*|
  0: |*|SE|
 -1: -----

Change number: 203
Animal was moved from (1,0)  to (1,0)
 y\x  0 1
  2: -----
  1: |*|*|
  0: |*|S|
 -1: -----

Change number: 204
Plant * has been eaten at (1,0)
 y\x  0 1
  2: -----
  1: |*|*|
  0: |*|S|
 -1: -----

Change number: 205
New plant * has grown at (1,0)
 y\x  0 1
  2: -----
  1: |*|*|
  0: |*|S|
 -1: -----

Change number: 206
Animal was moved from (1,0)  to (0,0)
 y\x  0 1
  2: -----
  1: |*|*|
  0: |SW|*|
 -1: -----

Change number: 207
Plant * has been eaten at (0,0)
 y\x  0 1
  2: -----
  1: |*|*|
  0: |SW|*|
 -1: -----

Change number: 208
New plant * has grown at (0,0)
 y\x  0 1
  2: -----
  1: |*|*|
  0: |SW|*|
 -1: -----

Change number: 209
Animal was moved from (0,0)  to (0,0)
 y\x  0 1
  2: -----
  1: |*|*|
  0: |W|*|
 -1: -----

Change number: 210
Plant * has been eaten at (0,0)
 y\x  0 1
  2: -----
  1: |*|*|
  0: |W|*|
 -1: -----

Change number: 211
New plant * has grown at (0,0)
 y\x  0 1
  2: -----
  1: |*|*|
  0: |W|*|
 -1: -----

Change number: 212
Animal was moved from (0,0)  to (0,1)
 y\x  0 1
  2: -----
  1: |NW|*|
  0: |*|*|
 -1: -----

Change number: 213
Plant * has been eaten at (0,1)
 y\x  0 1
  2: -----
  1: |NW|*|
  0: |*|*|
 -1: -----

Change number: 214
New plant * has grown at (0,1)
 y\x  0 1
  2: -----
  1: |NW|*|
  0: |*|*|
 -1: -----

Change number: 215
Animal was moved from (0,1)  to (0,1)
 y\x  0 1
  2: -----
  1: |N|*|
  0: |*|*|
 -1: -----

Change number: 216
Plant * has been eaten at (0,1)
 y\x  0 1
  2: -----
  1: |N|*|
  0: |*|*|
 -1: -----

Change number: 217
New plant * has grown at (0,1)
 y\x  0 1
  2: -----
  1: |N|*|
  0: |*|*|
 -1: -----

Change number: 218
Animal was moved from (0,1)  to (1,1)
 y\x  0 1
  2: -----
  1: |*|NE|
  0: |*|*|
 -1: -----

Change number: 219
Plant * has been eaten at (1,1)
 y\x  0 1
  2: -----
  1: |*|NE|
  0: |*|*|
 -1: -----

Change number: 220
New plant * has grown at (1,1)
 y\x  0 1
  2: -----
  1: |*|NE|
  0: |*|*|
 -1: -----

Change number: 221
Animal was moved from (1,1)  to (1,1)
 y\x  0 1
  2: -----
  1: |*|E|
  0: |*|*|
 -1: -----

Change number: 222
Plant * has been eaten at (1,1)
 y\x  0 1
  2: -----
  1: |*|E|
  0: |*|*|
 -1: -----

Change number: 223
New plant * has grown at (1,1)
 y\x  0 1
  2: -----
  1: |*|E|
  0: |*|*|
 -1: -----

Change number: 224
Animal was moved from (1,1)  to (1,0)
 y\x  0 1
  2: -----
  1: |*|*|
  0: |*|SE|
 -1: -----

Change number: 225
Plant * has been eaten at (1,0)
 y\x  0 1
  2: -----
  1: |*|*|
  0: |*|SE|
 -1: -----

Change number: 226
New plant * has grown at (1,0)
 y\x  0 1
  2: -----
  1: |*|*|
  0: |*|SE|
 -1: -----

Change number: 227
Animal was moved from (1,0)  to (1,0)
 y\x  0 1
  2: -----
  1: |*|*|
  0: |*|S|
 -1: -----

Change number: 228
Plant * has been eaten at (1,0)
 y\x  0 1
  2: -----
  1: |*|*|
  0: |*|S|
 -1: -----

Change number: 229
New plant * has grown at (1,0)
 y\x  0 1
  2: -----
  1: |*|*|
  0: |*|S|
 -1: -----

Change number: 230
Animal was moved from (1,0)  to (0,0)
 y\x  0 1
  2: -----
  1: |*|*|
  0: |SW|*|
 -1: -----

Change number: 231
Plant * has been eaten at (0,0)
 y\x  0 1
  2: -----
  1: |*|*|
  0: |SW|*|
 -1: -----

Change number: 232
New plant * has grown at (0,0)
 y\x  0 1
  2: -----
  1: |*|*|
  0: |SW|*|
 -1: -----

Change number: 233
Animal was moved from (0,0)  to (0,0)
 y\x  0 1
  2: -----
  1: |*|*|
  0: |W|*|
 -1: -----

Change number: 234
Plant * has been eaten at (0,0)
 y\x  0 1
  2: -----
  1: |*|*|
  0: |W|*|
 -1: -----

Change number: 235
New plant * has grown at (0,0)
 y\x  0 1
  2: -----
  1: |*|*|
  0: |W|*|
 -1: -----

Change number: 236
Animal was moved from (0,0)  to (0,1)
 y\x  0 1
  2: -----
  1: |NW|*|
  0: |*|*|
 -1: -----

Change number: 237
Plant * has been eaten at (0,1)
 y\x  0 1
  2: -----
  1: |NW|*|
  0: |*|*|
 -1: -----

Change number: 238
New plant * has grown at (0,1)
 y\x  0 1
  2: -----
  1: |NW|*|
  0: |*|*|
 -1: -----

Change number: 239
Animal was moved from (0,1)  to (0,1)
 y\x  0 1
  2: -----
  1: |N|*|
  0: |*|*|
 -1: -----

Change number: 240
Plant * has been eaten at (0,1)
 y\x  0 1
  2: -----
  1: |N|*|
  0: |*|*|
 -1: -----

Change number: 241
New plant * has grown at (0,1)
 y\x  0 1
  2: -----
  1: |N|*|
  0: |*|*|
 -1: -----

Change number: 242
Animal was moved from (0,1)  to (1,1)
 y\x  0 1
  2: -----
  1: |*|NE|
  0: |*|*|
 -1: -----

Change number: 243
Plant * has been eaten at (1,1)
 y\x  0 1
  2: -----
  1: |*|NE|
  0: |*|*|
 -1: -----

Change number: 244
New plant * has grown at (1,1)
 y\x  0 1
  2: -----
  1: |*|NE|
  0: |*|*|
 -1: -----

Change number: 245
Animal was moved from (1,1)  to (1,1)
 y\x  0 1
  2: -----
  1: |*|E|
  0: |*|*|
 -1: -----

Change number: 246
Plant * has been eaten at (1,1)
 y\x  0 1
  2: -----
  1: |*|E|
  0: |*|*|
 -1: -----

Change number: 247
New plant * has grown at (1,1)
 y\x  0 1
  2: -----
  1: |*|E|
  0: |*|*|
 -1: -----

Change number: 248
Animal was moved from (1,1)  to (1,0)
 y\x  0 1
  2: -----
  1: |*|*|
  0: |*|SE|
 -1: -----

Change number: 249
Plant * has been eaten at (1,0)
 y\x  0 1
  2: -----
  1: |*|*|
  0: |*|SE|
 -1: -----

Change number: 250
New plant * has grown at (1,0)
 y\x  0 1
  2: -----
  1: |*|*|
  0: |*|SE|
 -1: -----

Change number: 251
Animal was moved from (1,0)  to (1,0)
 y\x  0 1
  2: -----
  1: |*|*|
  0: |*|S|
 -1: -----

Change number: 252
Plant * has been eaten at (1,0)
 y\x  0 1
  2: -----
  1: |*|*|
  0: |*|S|
 -1: -----

Change number: 253
New plant * has grown at (1,0)
 y\x  0 1
  2: -----
  1: |*|*|
  0: |*|S|
 -1: -----

Change number: 254
Animal was moved from (1,0)  to (0,0)
 y\x  0 1
  2: -----
  1: |*|*|
  0: |SW|*|
 -1: -----

Change number: 255
Plant * has been eaten at (0,0)
 y\x  0 1
  2: -----
  1: |*|*|
  0: |SW|*|
 -1: -----

Change number: 256
New plant * has grown at (0,0)
 y\x  0 1
  2: -----
  1: |*|*|
  0: |SW|*|
 -1: -----

Change number: 257
Animal was moved from (0,0)  to (0,0)
 y\x  0 1
  2: -----
  1: |*|*|
  0: |W|*|
 -1: -----

Change number: 258
Plant * has been eaten at (0,0)
 y\x  0 1
  2: -----
  1: |*|*|
  0: |W|*|
 -1: -----

Change number: 259
New plant * has grown at (0,0)
 y\x  0 1
  2: -----
  1: |*|*|
  0: |W|*|
 -1: -----

Change number: 260
Animal was moved from (0,0)  to (0,1)
 y\x  0 1
  2: -----
  1: |NW|*|
  0: |*|*|
 -1: -----

Change number: 261
Plant * has been eaten at (0,1)
 y\x  0 1
  2: -----
  1: |NW|*|
  0: |*|*|
 -1: -----

Change number: 262
New plant * has grown at (0,1)
 y\x  0 1
  2: -----
  1: |NW|*|
  0: |*|*|
 -1: -----

