Change number: 0
Animal was moved from (1,2)  to (2,1)
 y\x  0 1 2 3 4
  5: -----------
  4: | | | | | |
  3: | | |*|NE| |
  2: |SW| |*| |*|
  1: | | |SE| | |
  0: |W| | |*| |
 -1: -----------

Change number: 1
Animal was moved from (0,0)  to (1,0)
 y\x  0 1 2 3 4
  5: -----------
  4: | | | | | |
  3: | | |*|NE| |
  2: |SW| |*| |*|
  1: | | |SE| | |
  0: |W|SE| |*| |
 -1: -----------

Change number: 2
Animal was moved from (0,2)  to (0,3)
 y\x  0 1 2 3 4
  5: -----------
  4: | | | | | |
  3: |N| |*|NE| |
  2: |*| |*| |*|
  1: | | |SE| | |
  0: |W|SE| |*| |
 -1: -----------

Change number: 3
Animal was moved from (0,0)  to (0,0)
 y\x  0 1 2 3 4
  5: -----------
  4: | | | | | |
  3: |N| |*|NE| |
  2: |*| |*| |*|
  1: | | |SE| | |
  0: |S|SE| |*| |
 -1: -----------

Change number: 4
Animal was moved from (3,3)  to (4,4)
 y\x  0 1 2 3 4
  5: -----------
  4: | | | | |NE|
  3: |N| |*| | |
  2: |*| |*| |*|
  1: | | |SE| | |
  0: |S|SE| |*| |
 -1: -----------

Change number: 5
New plant * has grown at (2,0)
 y\x  0 1 2 3 4
  5: -----------
  4: | | | | |NE|
  3: |N| |*| | |
  2: |*| |*| |*|
  1: | | |SE| | |
  0: |S|SE|*|*| |
 -1: -----------

Change number: 6
New plant * has grown at (1,3)
 y\x  0 1 2 3 4
  5: -----------
  4: | | | | |NE|
  3: |N|*|*| | |
  2: |*| |*| |*|
  1: | | |SE| | |
  0: |S|SE|*|*| |
 -1: -----------

Change number: 7
New plant * has grown at (1,0)
 y\x  0 1 2 3 4
  5: -----------
  4: | | | | |NE|
  3: |N|*|*| | |
  2: |*| |*| |*|
  1: | | |SE| | |
  0: |S|SE|*|*| |
 -1: -----------

Change number: 8
New plant * has grown at (0,3)
 y\x  0 1 2 3 4
  5: -----------
  4: | | | | |NE|
  3: |N|*|*| | |
  2: |*| |*| |*|
  1: | | |SE| | |
  0: |S|SE|*|*| |
 -1: -----------

Change number: 9
New plant * has grown at (1,2)
 y\x  0 1 2 3 4
  5: -----------
  4: | | | | |NE|
  3: |N|*|*| | |
  2: |*|*|*| |*|
  1: | | |SE| | |
  0: |S|SE|*|*| |
 -1: -----------

Change number: 10
Animal was moved from (2,1)  to (1,0)
 y\x  0 1 2 3 4
  5: -----------
  4: | | | | |NE|
  3: |N|*|*| | |
  2: |*|*|*| |*|
  1: | | | | | |
  0: |S|SE|*|*| |
 -1: -----------

Change number: 11
Animal was moved from (1,0)  to (0,0)
 y\x  0 1 2 3 4
  5: -----------
  4: | | | | |NE|
  3: |N|*|*| | |
  2: |*|*|*| |*|
  1: | | | | | |
  0: |S|SW|*|*| |
 -1: -----------

Change number: 12
Animal was moved from (0,3)  to (0,2)
 y\x  0 1 2 3 4
  5: -----------
  4: | | | | |NE|
  3: |*|*|*| | |
  2: |SW|*|*| |*|
  1: | | | | | |
  0: |S|SW|*|*| |
 -1: -----------

Change number: 13
Animal was moved from (0,0)  to (0,1)
 y\x  0 1 2 3 4
  5: -----------
  4: | | | | |NE|
  3: |*|*|*| | |
  2: |SW|*|*| |*|
  1: |NW| | | | |
  0: |SW|SW|*|*| |
 -1: -----------

Change number: 14
Animal was moved from (4,4)  to (4,3)
 y\x  0 1 2 3 4
  5: -----------
  4: | | | | | |
  3: |*|*|*| |SE|
  2: |SW|*|*| |*|
  1: |NW| | | | |
  0: |SW|SW|*|*| |
 -1: -----------

Change number: 15
Plant * has been eaten at (1,0)
 y\x  0 1 2 3 4
  5: -----------
  4: | | | | | |
  3: |*|*|*| |SE|
  2: |SW|*|*| |*|
  1: |NW| | | | |
  0: |SW|SW|*|*| |
 -1: -----------

Change number: 16
Plant * has been eaten at (0,2)
 y\x  0 1 2 3 4
  5: -----------
  4: | | | | | |
  3: |*|*|*| |SE|
  2: |SW|*|*| |*|
  1: |NW| | | | |
  0: |SW|SW|*|*| |
 -1: -----------

Change number: 17
New plant * has grown at (4,0)
 y\x  0 1 2 3 4
  5: -----------
  4: | | | | | |
  3: |*|*|*| |SE|
  2: |SW|*|*| |*|
  1: |NW| | | | |
  0: |SW|SW|*|*|*|
 -1: -----------

Change number: 18
New plant * has grown at (0,2)
 y\x  0 1 2 3 4
  5: -----------
  4: | | | | | |
  3: |*|*|*| |SE|
  2: |SW|*|*| |*|
  1: |NW| | | | |
  0: |SW|SW|*|*|*|
 -1: -----------

Change number: 19
New plant * has grown at (3,2)
 y\x  0 1 2 3 4
  5: -----------
  4: | | | | | |
  3: |*|*|*| |SE|
  2: |SW|*|*|*|*|
  1: |NW| | | | |
  0: |SW|SW|*|*|*|
 -1: -----------

Change number: 20
New plant * has grown at (4,1)
 y\x  0 1 2 3 4
  5: -----------
  4: | | | | | |
  3: |*|*|*| |SE|
  2: |SW|*|*|*|*|
  1: |NW| | | |*|
  0: |SW|SW|*|*|*|
 -1: -----------

Change number: 21
New plant * has grown at (0,4)
 y\x  0 1 2 3 4
  5: -----------
  4: |*| | | | |
  3: |*|*|*| |SE|
  2: |SW|*|*|*|*|
  1: |NW| | | |*|
  0: |SW|SW|*|*|*|
 -1: -----------

Change number: 22
Animal was moved from (1,0)  to (2,0)
 y\x  0 1 2 3 4
  5: -----------
  4: |*| | | | |
  3: |*|*|*| |SE|
  2: |SW|*|*|*|*|
  1: |NW| | | |*|
  0: |SW| |SE|*|*|
 -1: -----------

Change number: 23
Animal was moved from (0,0)  to (1,0)
 y\x  0 1 2 3 4
  5: -----------
  4: |*| | | | |
  3: |*|*|*| |SE|
  2: |SW|*|*|*|*|
  1: |NW| | | |*|
  0: | |SE|SE|*|*|
 -1: -----------

Change number: 24
Animal was moved from (0,2)  to (0,3)
 y\x  0 1 2 3 4
  5: -----------
  4: |*| | | | |
  3: |N|*|*| |SE|
  2: |*|*|*|*|*|
  1: |NW| | | |*|
  0: | |SE|SE|*|*|
 -1: -----------

Change number: 25
Animal was moved from (0,1)  to (0,2)
 y\x  0 1 2 3 4
  5: -----------
  4: |*| | | | |
  3: |N|*|*| |SE|
  2: |NW|*|*|*|*|
  1: | | | | |*|
  0: | |SE|SE|*|*|
 -1: -----------

Change number: 26
Animal was moved from (4,3)  to (3,3)
 y\x  0 1 2 3 4
  5: -----------
  4: |*| | | | |
  3: |N|*|*|W| |
  2: |NW|*|*|*|*|
  1: | | | | |*|
  0: | |SE|SE|*|*|
 -1: -----------

Change number: 27
Plant * has been eaten at (0,2)
 y\x  0 1 2 3 4
  5: -----------
  4: |*| | | | |
  3: |N|*|*|W| |
  2: |NW|*|*|*|*|
  1: | | | | |*|
  0: | |SE|SE|*|*|
 -1: -----------

Change number: 28
Plant * has been eaten at (0,3)
 y\x  0 1 2 3 4
  5: -----------
  4: |*| | | | |
  3: |N|*|*|W| |
  2: |NW|*|*|*|*|
  1: | | | | |*|
  0: | |SE|SE|*|*|
 -1: -----------

Change number: 29
Plant * has been eaten at (2,0)
 y\x  0 1 2 3 4
  5: -----------
  4: |*| | | | |
  3: |N|*|*|W| |
  2: |NW|*|*|*|*|
  1: | | | | |*|
  0: | |SE|SE|*|*|
 -1: -----------

Change number: 30
New plant * has grown at (3,4)
 y\x  0 1 2 3 4
  5: -----------
  4: |*| | |*| |
  3: |N|*|*|W| |
  2: |NW|*|*|*|*|
  1: | | | | |*|
  0: | |SE|SE|*|*|
 -1: -----------

Change number: 31
New plant * has grown at (0,0)
 y\x  0 1 2 3 4
  5: -----------
  4: |*| | |*| |
  3: |N|*|*|W| |
  2: |NW|*|*|*|*|
  1: | | | | |*|
  0: |*|SE|SE|*|*|
 -1: -----------

Change number: 32
New plant * has grown at (2,4)
 y\x  0 1 2 3 4
  5: -----------
  4: |*| |*|*| |
  3: |N|*|*|W| |
  2: |NW|*|*|*|*|
  1: | | | | |*|
  0: |*|SE|SE|*|*|
 -1: -----------

Change number: 33
New plant * has grown at (1,4)
 y\x  0 1 2 3 4
  5: -----------
  4: |*|*|*|*| |
  3: |N|*|*|W| |
  2: |NW|*|*|*|*|
  1: | | | | |*|
  0: |*|SE|SE|*|*|
 -1: -----------

Change number: 34
New plant * has grown at (0,1)
 y\x  0 1 2 3 4
  5: -----------
  4: |*|*|*|*| |
  3: |N|*|*|W| |
  2: |NW|*|*|*|*|
  1: |*| | | |*|
  0: |*|SE|SE|*|*|
 -1: -----------

Change number: 35
Animal was moved from (2,0)  to (1,0)
 y\x  0 1 2 3 4
  5: -----------
  4: |*|*|*|*| |
  3: |N|*|*|W| |
  2: |NW|*|*|*|*|
  1: |*| | | |*|
  0: |*|SW| |*|*|
 -1: -----------

Change number: 36
Animal was moved from (1,0)  to (1,1)
 y\x  0 1 2 3 4
  5: -----------
  4: |*|*|*|*| |
  3: |N|*|*|W| |
  2: |NW|*|*|*|*|
  1: |*|N| | |*|
  0: |*|SW| |*|*|
 -1: -----------

Change number: 37
Animal was moved from (0,3)  to (1,4)
 y\x  0 1 2 3 4
  5: -----------
  4: |*|NE|*|*| |
  3: | |*|*|W| |
  2: |NW|*|*|*|*|
  1: |*|N| | |*|
  0: |*|SW| |*|*|
 -1: -----------

Change number: 38
Animal was moved from (0,2)  to (0,2)
 y\x  0 1 2 3 4
  5: -----------
  4: |*|NE|*|*| |
  3: | |*|*|W| |
  2: |W|*|*|*|*|
  1: |*|N| | |*|
  0: |*|SW| |*|*|
 -1: -----------

Change number: 39
Animal was moved from (3,3)  to (2,2)
 y\x  0 1 2 3 4
  5: -----------
  4: |*|NE|*|*| |
  3: | |*|*| | |
  2: |W|*|SW|*|*|
  1: |*|N| | |*|
  0: |*|SW| |*|*|
 -1: -----------

Change number: 40
Plant * has been eaten at (2,2)
 y\x  0 1 2 3 4
  5: -----------
  4: |*|NE|*|*| |
  3: | |*|*| | |
  2: |W|*|SW|*|*|
  1: |*|N| | |*|
  0: |*|SW| |*|*|
 -1: -----------

Change number: 41
Plant * has been eaten at (1,4)
 y\x  0 1 2 3 4
  5: -----------
  4: |*|NE|*|*| |
  3: | |*|*| | |
  2: |W|*|SW|*|*|
  1: |*|N| | |*|
  0: |*|SW| |*|*|
 -1: -----------

Change number: 42
New plant * has grown at (0,3)
 y\x  0 1 2 3 4
  5: -----------
  4: |*|NE|*|*| |
  3: |*|*|*| | |
  2: |W|*|SW|*|*|
  1: |*|N| | |*|
  0: |*|SW| |*|*|
 -1: -----------

Change number: 43
New plant * has grown at (3,3)
 y\x  0 1 2 3 4
  5: -----------
  4: |*|NE|*|*| |
  3: |*|*|*|*| |
  2: |W|*|SW|*|*|
  1: |*|N| | |*|
  0: |*|SW| |*|*|
 -1: -----------

Change number: 44
New plant * has grown at (2,2)
 y\x  0 1 2 3 4
  5: -----------
  4: |*|NE|*|*| |
  3: |*|*|*|*| |
  2: |W|*|SW|*|*|
  1: |*|N| | |*|
  0: |*|SW| |*|*|
 -1: -----------

Change number: 45
New plant * has grown at (1,0)
 y\x  0 1 2 3 4
  5: -----------
  4: |*|NE|*|*| |
  3: |*|*|*|*| |
  2: |W|*|SW|*|*|
  1: |*|N| | |*|
  0: |*|SW| |*|*|
 -1: -----------

Change number: 46
New plant * has grown at (4,4)
 y\x  0 1 2 3 4
  5: -----------
  4: |*|NE|*|*|*|
  3: |*|*|*|*| |
  2: |W|*|SW|*|*|
  1: |*|N| | |*|
  0: |*|SW| |*|*|
 -1: -----------

Change number: 47
Animal was moved from (1,0)  to (1,0)
 y\x  0 1 2 3 4
  5: -----------
  4: |*|NE|*|*|*|
  3: |*|*|*|*| |
  2: |W|*|SW|*|*|
  1: |*|N| | |*|
  0: |*|S| |*|*|
 -1: -----------

Change number: 48
Animal was moved from (1,1)  to (0,0)
 y\x  0 1 2 3 4
  5: -----------
  4: |*|NE|*|*|*|
  3: |*|*|*|*| |
  2: |W|*|SW|*|*|
  1: |*| | | |*|
  0: |SW|S| |*|*|
 -1: -----------

Change number: 49
Animal was moved from (1,4)  to (2,3)
 y\x  0 1 2 3 4
  5: -----------
  4: |*| |*|*|*|
  3: |*|*|SE|*| |
  2: |W|*|SW|*|*|
  1: |*| | | |*|
  0: |SW|S| |*|*|
 -1: -----------

Change number: 50
Animal was moved from (0,2)  to (1,2)
 y\x  0 1 2 3 4
  5: -----------
  4: |*| |*|*|*|
  3: |*|*|SE|*| |
  2: | |E|SW|*|*|
  1: |*| | | |*|
  0: |SW|S| |*|*|
 -1: -----------

Change number: 51
Animal was moved from (2,2)  to (3,1)
 y\x  0 1 2 3 4
  5: -----------
  4: |*| |*|*|*|
  3: |*|*|SE|*| |
  2: | |E|*|*|*|
  1: |*| | |SE|*|
  0: |SW|S| |*|*|
 -1: -----------

Change number: 52
Plant * has been eaten at (1,0)
 y\x  0 1 2 3 4
  5: -----------
  4: |*| |*|*|*|
  3: |*|*|SE|*| |
  2: | |E|*|*|*|
  1: |*| | |SE|*|
  0: |SW|S| |*|*|
 -1: -----------

Change number: 53
Plant * has been eaten at (0,0)
 y\x  0 1 2 3 4
  5: -----------
  4: |*| |*|*|*|
  3: |*|*|SE|*| |
  2: | |E|*|*|*|
  1: |*| | |SE|*|
  0: |SW|S| |*|*|
 -1: -----------

Change number: 54
Plant * has been eaten at (2,3)
 y\x  0 1 2 3 4
  5: -----------
  4: |*| |*|*|*|
  3: |*|*|SE|*| |
  2: | |E|*|*|*|
  1: |*| | |SE|*|
  0: |SW|S| |*|*|
 -1: -----------

Change number: 55
Plant * has been eaten at (1,2)
 y\x  0 1 2 3 4
  5: -----------
  4: |*| |*|*|*|
  3: |*|*|SE|*| |
  2: | |E|*|*|*|
  1: |*| | |SE|*|
  0: |SW|S| |*|*|
 -1: -----------

Change number: 56
New plant * has grown at (2,1)
 y\x  0 1 2 3 4
  5: -----------
  4: |*| |*|*|*|
  3: |*|*|SE|*| |
  2: | |E|*|*|*|
  1: |*| |*|SE|*|
  0: |SW|S| |*|*|
 -1: -----------

Change number: 57
New plant * has grown at (1,4)
 y\x  0 1 2 3 4
  5: -----------
  4: |*|*|*|*|*|
  3: |*|*|SE|*| |
  2: | |E|*|*|*|
  1: |*| |*|SE|*|
  0: |SW|S| |*|*|
 -1: -----------

Change number: 58
New plant * has grown at (0,0)
 y\x  0 1 2 3 4
  5: -----------
  4: |*|*|*|*|*|
  3: |*|*|SE|*| |
  2: | |E|*|*|*|
  1: |*| |*|SE|*|
  0: |SW|S| |*|*|
 -1: -----------

Change number: 59
New plant * has grown at (0,2)
 y\x  0 1 2 3 4
  5: -----------
  4: |*|*|*|*|*|
  3: |*|*|SE|*| |
  2: |*|E|*|*|*|
  1: |*| |*|SE|*|
  0: |SW|S| |*|*|
 -1: -----------

Change number: 60
New plant * has grown at (1,1)
 y\x  0 1 2 3 4
  5: -----------
  4: |*|*|*|*|*|
  3: |*|*|SE|*| |
  2: |*|E|*|*|*|
  1: |*|*|*|SE|*|
  0: |SW|S| |*|*|
 -1: -----------

Change number: 61
Animal was moved from (1,0)  to (2,0)
 y\x  0 1 2 3 4
  5: -----------
  4: |*|*|*|*|*|
  3: |*|*|SE|*| |
  2: |*|E|*|*|*|
  1: |*|*|*|SE|*|
  0: |SW| |E|*|*|
 -1: -----------

Change number: 62
Animal was moved from (0,0)  to (0,0)
 y\x  0 1 2 3 4
  5: -----------
  4: |*|*|*|*|*|
  3: |*|*|SE|*| |
  2: |*|E|*|*|*|
  1: |*|*|*|SE|*|
  0: |S| |E|*|*|
 -1: -----------

Change number: 63
Animal was moved from (2,3)  to (1,3)
 y\x  0 1 2 3 4
  5: -----------
  4: |*|*|*|*|*|
  3: |*|W| |*| |
  2: |*|E|*|*|*|
  1: |*|*|*|SE|*|
  0: |S| |E|*|*|
 -1: -----------

Change number: 64
Animal was moved from (1,2)  to (1,3)
 y\x  0 1 2 3 4
  5: -----------
  4: |*|*|*|*|*|
  3: |*|W| |*| |
  2: |*| |*|*|*|
  1: |*|*|*|SE|*|
  0: |S| |E|*|*|
 -1: -----------

Change number: 65
Animal was moved from (3,1)  to (4,0)
 y\x  0 1 2 3 4
  5: -----------
  4: |*|*|*|*|*|
  3: |*|W| |*| |
  2: |*| |*|*|*|
  1: |*|*|*| |*|
  0: |S| |E|*|SE|
 -1: -----------

Change number: 66
Plant * has been eaten at (0,0)
 y\x  0 1 2 3 4
  5: -----------
  4: |*|*|*|*|*|
  3: |*|W| |*| |
  2: |*| |*|*|*|
  1: |*|*|*| |*|
  0: |S| |E|*|SE|
 -1: -----------

Change number: 67
Plant * has been eaten at (1,3)
 y\x  0 1 2 3 4
  5: -----------
  4: |*|*|*|*|*|
  3: |*|W| |*| |
  2: |*| |*|*|*|
  1: |*|*|*| |*|
  0: |S| |E|*|SE|
 -1: -----------

Change number: 68
Plant * has been eaten at (4,0)
 y\x  0 1 2 3 4
  5: -----------
  4: |*|*|*|*|*|
  3: |*|W| |*| |
  2: |*| |*|*|*|
  1: |*|*|*| |*|
  0: |S| |E|*|SE|
 -1: -----------

Change number: 69
New animal has been born at (1,3)
 y\x  0 1 2 3 4
  5: -----------
  4: |*|*|*|*|*|
  3: |*|W| |*| |
  2: |*| |*|*|*|
  1: |*|*|*| |*|
  0: |S| |E|*|SE|
 -1: -----------

Change number: 70
New plant * has grown at (4,3)
 y\x  0 1 2 3 4
  5: -----------
  4: |*|*|*|*|*|
  3: |*|W| |*|*|
  2: |*| |*|*|*|
  1: |*|*|*| |*|
  0: |S| |E|*|SE|
 -1: -----------

Change number: 71
New plant * has grown at (2,0)
 y\x  0 1 2 3 4
  5: -----------
  4: |*|*|*|*|*|
  3: |*|W| |*|*|
  2: |*| |*|*|*|
  1: |*|*|*| |*|
  0: |S| |E|*|SE|
 -1: -----------

Change number: 72
New plant * has grown at (3,1)
 y\x  0 1 2 3 4
  5: -----------
  4: |*|*|*|*|*|
  3: |*|W| |*|*|
  2: |*| |*|*|*|
  1: |*|*|*|*|*|
  0: |S| |E|*|SE|
 -1: -----------

Change number: 73
New plant * has grown at (0,0)
 y\x  0 1 2 3 4
  5: -----------
  4: |*|*|*|*|*|
  3: |*|W| |*|*|
  2: |*| |*|*|*|
  1: |*|*|*|*|*|
  0: |S| |E|*|SE|
 -1: -----------

Change number: 74
New plant * has grown at (1,0)
 y\x  0 1 2 3 4
  5: -----------
  4: |*|*|*|*|*|
  3: |*|W| |*|*|
  2: |*| |*|*|*|
  1: |*|*|*|*|*|
  0: |S|*|E|*|SE|
 -1: -----------

Change number: 75
Animal was moved from (2,0)  to (2,0)
 y\x  0 1 2 3 4
  5: -----------
  4: |*|*|*|*|*|
  3: |*|W| |*|*|
  2: |*| |*|*|*|
  1: |*|*|*|*|*|
  0: |S|*|S|*|SE|
 -1: -----------

Change number: 76
Animal was moved from (0,0)  to (0,0)
 y\x  0 1 2 3 4
  5: -----------
  4: |*|*|*|*|*|
  3: |*|W| |*|*|
  2: |*| |*|*|*|
  1: |*|*|*|*|*|
  0: |W|*|S|*|SE|
 -1: -----------

Change number: 77
Animal was moved from (1,3)  to (2,2)
 y\x  0 1 2 3 4
  5: -----------
  4: |*|*|*|*|*|
  3: |*|N| |*|*|
  2: |*| |SE|*|*|
  1: |*|*|*|*|*|
  0: |W|*|S|*|SE|
 -1: -----------

Change number: 78
Animal was moved from (1,3)  to (2,2)
 y\x  0 1 2 3 4
  5: -----------
  4: |*|*|*|*|*|
  3: |*| | |*|*|
  2: |*| |SE|*|*|
  1: |*|*|*|*|*|
  0: |W|*|S|*|SE|
 -1: -----------

Change number: 79
Animal was moved from (1,3)  to (2,4)
 y\x  0 1 2 3 4
  5: -----------
  4: |*|*|NE|*|*|
  3: |*| | |*|*|
  2: |*| |SE|*|*|
  1: |*|*|*|*|*|
  0: |W|*|S|*|SE|
 -1: -----------

Change number: 80
Animal was moved from (4,0)  to (3,0)
 y\x  0 1 2 3 4
  5: -----------
  4: |*|*|NE|*|*|
  3: |*| | |*|*|
  2: |*| |SE|*|*|
  1: |*|*|*|*|*|
  0: |W|*|S|SW| |
 -1: -----------

Change number: 81
Plant * has been eaten at (2,2)
 y\x  0 1 2 3 4
  5: -----------
  4: |*|*|NE|*|*|
  3: |*| | |*|*|
  2: |*| |SE|*|*|
  1: |*|*|*|*|*|
  0: |W|*|S|SW| |
 -1: -----------

Change number: 82
Plant * has been eaten at (0,0)
 y\x  0 1 2 3 4
  5: -----------
  4: |*|*|NE|*|*|
  3: |*| | |*|*|
  2: |*| |SE|*|*|
  1: |*|*|*|*|*|
  0: |W|*|S|SW| |
 -1: -----------

Change number: 83
Plant * has been eaten at (2,4)
 y\x  0 1 2 3 4
  5: -----------
  4: |*|*|NE|*|*|
  3: |*| | |*|*|
  2: |*| |SE|*|*|
  1: |*|*|*|*|*|
  0: |W|*|S|SW| |
 -1: -----------

Change number: 84
Plant * has been eaten at (3,0)
 y\x  0 1 2 3 4
  5: -----------
  4: |*|*|NE|*|*|
  3: |*| | |*|*|
  2: |*| |SE|*|*|
  1: |*|*|*|*|*|
  0: |W|*|S|SW| |
 -1: -----------

Change number: 85
Plant * has been eaten at (2,0)
 y\x  0 1 2 3 4
  5: -----------
  4: |*|*|NE|*|*|
  3: |*| | |*|*|
  2: |*| |SE|*|*|
  1: |*|*|*|*|*|
  0: |W|*|S|SW| |
 -1: -----------

Change number: 86
New plant * has grown at (2,3)
 y\x  0 1 2 3 4
  5: -----------
  4: |*|*|NE|*|*|
  3: |*| |*|*|*|
  2: |*| |SE|*|*|
  1: |*|*|*|*|*|
  0: |W|*|S|SW| |
 -1: -----------

Change number: 87
New plant * has grown at (1,2)
 y\x  0 1 2 3 4
  5: -----------
  4: |*|*|NE|*|*|
  3: |*| |*|*|*|
  2: |*|*|SE|*|*|
  1: |*|*|*|*|*|
  0: |W|*|S|SW| |
 -1: -----------

Change number: 88
New plant * has grown at (3,0)
 y\x  0 1 2 3 4
  5: -----------
  4: |*|*|NE|*|*|
  3: |*| |*|*|*|
  2: |*|*|SE|*|*|
  1: |*|*|*|*|*|
  0: |W|*|S|SW| |
 -1: -----------

Change number: 89
New plant * has grown at (1,3)
 y\x  0 1 2 3 4
  5: -----------
  4: |*|*|NE|*|*|
  3: |*|*|*|*|*|
  2: |*|*|SE|*|*|
  1: |*|*|*|*|*|
  0: |W|*|S|SW| |
 -1: -----------

Change number: 90
New plant * has grown at (0,0)
 y\x  0 1 2 3 4
  5: -----------
  4: |*|*|NE|*|*|
  3: |*|*|*|*|*|
  2: |*|*|SE|*|*|
  1: |*|*|*|*|*|
  0: |W|*|S|SW| |
 -1: -----------

Change number: 91
Animal was moved from (2,0)  to (3,0)
 y\x  0 1 2 3 4
  5: -----------
  4: |*|*|NE|*|*|
  3: |*|*|*|*|*|
  2: |*|*|SE|*|*|
  1: |*|*|*|*|*|
  0: |W|*| |E| |
 -1: -----------

Change number: 92
Animal was moved from (0,0)  to (0,0)
 y\x  0 1 2 3 4
  5: -----------
  4: |*|*|NE|*|*|
  3: |*|*|*|*|*|
  2: |*|*|SE|*|*|
  1: |*|*|*|*|*|
  0: |S|*| |E| |
 -1: -----------

Change number: 93
Animal was moved from (2,2)  to (1,2)
 y\x  0 1 2 3 4
  5: -----------
  4: |*|*|NE|*|*|
  3: |*|*|*|*|*|
  2: |*|W|SE|*|*|
  1: |*|*|*|*|*|
  0: |S|*| |E| |
 -1: -----------

Change number: 94
Animal was moved from (2,2)  to (3,1)
 y\x  0 1 2 3 4
  5: -----------
  4: |*|*|NE|*|*|
  3: |*|*|*|*|*|
  2: |*|W| |*|*|
  1: |*|*|*|SE|*|
  0: |S|*| |E| |
 -1: -----------

Change number: 95
Animal was moved from (2,4)  to (1,4)
 y\x  0 1 2 3 4
  5: -----------
  4: |*|NW| |*|*|
  3: |*|*|*|*|*|
  2: |*|W| |*|*|
  1: |*|*|*|SE|*|
  0: |S|*| |E| |
 -1: -----------

Change number: 96
Animal was moved from (3,0)  to (3,1)
 y\x  0 1 2 3 4
  5: -----------
  4: |*|NW| |*|*|
  3: |*|*|*|*|*|
  2: |*|W| |*|*|
  1: |*|*|*|N|*|
  0: |S|*| |E| |
 -1: -----------

Change number: 97
Plant * has been eaten at (0,0)
 y\x  0 1 2 3 4
  5: -----------
  4: |*|NW| |*|*|
  3: |*|*|*|*|*|
  2: |*|W| |*|*|
  1: |*|*|*|N|*|
  0: |S|*| |E| |
 -1: -----------

Change number: 98
Plant * has been eaten at (1,2)
 y\x  0 1 2 3 4
  5: -----------
  4: |*|NW| |*|*|
  3: |*|*|*|*|*|
  2: |*|W| |*|*|
  1: |*|*|*|N|*|
  0: |S|*| |E| |
 -1: -----------

Change number: 99
Plant * has been eaten at (1,4)
 y\x  0 1 2 3 4
  5: -----------
  4: |*|NW| |*|*|
  3: |*|*|*|*|*|
  2: |*|W| |*|*|
  1: |*|*|*|N|*|
  0: |S|*| |E| |
 -1: -----------

Change number: 100
Plant * has been eaten at (3,0)
 y\x  0 1 2 3 4
  5: -----------
  4: |*|NW| |*|*|
  3: |*|*|*|*|*|
  2: |*|W| |*|*|
  1: |*|*|*|N|*|
  0: |S|*| |E| |
 -1: -----------

Change number: 101
Plant * has been eaten at (3,1)
 y\x  0 1 2 3 4
  5: -----------
  4: |*|NW| |*|*|
  3: |*|*|*|*|*|
  2: |*|W| |*|*|
  1: |*|*|*|N|*|
  0: |S|*| |E| |
 -1: -----------

Change number: 102
New plant * has grown at (2,0)
 y\x  0 1 2 3 4
  5: -----------
  4: |*|NW| |*|*|
  3: |*|*|*|*|*|
  2: |*|W| |*|*|
  1: |*|*|*|N|*|
  0: |S|*|*|E| |
 -1: -----------

Change number: 103
New plant * has grown at (4,0)
 y\x  0 1 2 3 4
  5: -----------
  4: |*|NW| |*|*|
  3: |*|*|*|*|*|
  2: |*|W| |*|*|
  1: |*|*|*|N|*|
  0: |S|*|*|E|*|
 -1: -----------

Change number: 104
New plant * has grown at (1,4)
 y\x  0 1 2 3 4
  5: -----------
  4: |*|NW| |*|*|
  3: |*|*|*|*|*|
  2: |*|W| |*|*|
  1: |*|*|*|N|*|
  0: |S|*|*|E|*|
 -1: -----------

Change number: 105
New plant * has grown at (2,4)
 y\x  0 1 2 3 4
  5: -----------
  4: |*|NW|*|*|*|
  3: |*|*|*|*|*|
  2: |*|W| |*|*|
  1: |*|*|*|N|*|
  0: |S|*|*|E|*|
 -1: -----------

Change number: 106
New plant * has grown at (3,1)
 y\x  0 1 2 3 4
  5: -----------
  4: |*|NW|*|*|*|
  3: |*|*|*|*|*|
  2: |*|W| |*|*|
  1: |*|*|*|N|*|
  0: |S|*|*|E|*|
 -1: -----------

Change number: 107
Animal was moved from (3,0)  to (3,0)
 y\x  0 1 2 3 4
  5: -----------
  4: |*|NW|*|*|*|
  3: |*|*|*|*|*|
  2: |*|W| |*|*|
  1: |*|*|*|N|*|
  0: |S|*|*|S|*|
 -1: -----------

Change number: 108
Animal was moved from (0,0)  to (1,1)
 y\x  0 1 2 3 4
  5: -----------
  4: |*|NW|*|*|*|
  3: |*|*|*|*|*|
  2: |*|W| |*|*|
  1: |*|NE|*|N|*|
  0: | |*|*|S|*|
 -1: -----------

Change number: 109
Animal was moved from (1,2)  to (0,3)
 y\x  0 1 2 3 4
  5: -----------
  4: |*|NW|*|*|*|
  3: |NW|*|*|*|*|
  2: |*| | |*|*|
  1: |*|NE|*|N|*|
  0: | |*|*|S|*|
 -1: -----------

Change number: 110
Animal was moved from (3,1)  to (4,1)
 y\x  0 1 2 3 4
  5: -----------
  4: |*|NW|*|*|*|
  3: |NW|*|*|*|*|
  2: |*| | |*|*|
  1: |*|NE|*|N|E|
  0: | |*|*|S|*|
 -1: -----------

Change number: 111
Animal was moved from (1,4)  to (0,4)
 y\x  0 1 2 3 4
  5: -----------
  4: |NW|*|*|*|*|
  3: |NW|*|*|*|*|
  2: |*| | |*|*|
  1: |*|NE|*|N|E|
  0: | |*|*|S|*|
 -1: -----------

Change number: 112
Animal was moved from (3,1)  to (2,2)
 y\x  0 1 2 3 4
  5: -----------
  4: |NW|*|*|*|*|
  3: |NW|*|*|*|*|
  2: |*| |NW|*|*|
  1: |*|NE|*|*|E|
  0: | |*|*|S|*|
 -1: -----------

Change number: 113
Plant * has been eaten at (1,1)
 y\x  0 1 2 3 4
  5: -----------
  4: |NW|*|*|*|*|
  3: |NW|*|*|*|*|
  2: |*| |NW|*|*|
  1: |*|NE|*|*|E|
  0: | |*|*|S|*|
 -1: -----------

Change number: 114
Plant * has been eaten at (0,3)
 y\x  0 1 2 3 4
  5: -----------
  4: |NW|*|*|*|*|
  3: |NW|*|*|*|*|
  2: |*| |NW|*|*|
  1: |*|NE|*|*|E|
  0: | |*|*|S|*|
 -1: -----------

Change number: 115
Plant * has been eaten at (0,4)
 y\x  0 1 2 3 4
  5: -----------
  4: |NW|*|*|*|*|
  3: |NW|*|*|*|*|
  2: |*| |NW|*|*|
  1: |*|NE|*|*|E|
  0: | |*|*|S|*|
 -1: -----------

Change number: 116
Plant * has been eaten at (4,1)
 y\x  0 1 2 3 4
  5: -----------
  4: |NW|*|*|*|*|
  3: |NW|*|*|*|*|
  2: |*| |NW|*|*|
  1: |*|NE|*|*|E|
  0: | |*|*|S|*|
 -1: -----------

Change number: 117
New plant * has grown at (2,2)
 y\x  0 1 2 3 4
  5: -----------
  4: |NW|*|*|*|*|
  3: |NW|*|*|*|*|
  2: |*| |NW|*|*|
  1: |*|NE|*|*|E|
  0: | |*|*|S|*|
 -1: -----------

Change number: 118
New plant * has grown at (0,0)
 y\x  0 1 2 3 4
  5: -----------
  4: |NW|*|*|*|*|
  3: |NW|*|*|*|*|
  2: |*| |NW|*|*|
  1: |*|NE|*|*|E|
  0: |*|*|*|S|*|
 -1: -----------

Change number: 119
New plant * has grown at (1,2)
 y\x  0 1 2 3 4
  5: -----------
  4: |NW|*|*|*|*|
  3: |NW|*|*|*|*|
  2: |*|*|NW|*|*|
  1: |*|NE|*|*|E|
  0: |*|*|*|S|*|
 -1: -----------

Change number: 120
New plant * has grown at (0,3)
 y\x  0 1 2 3 4
  5: -----------
  4: |NW|*|*|*|*|
  3: |NW|*|*|*|*|
  2: |*|*|NW|*|*|
  1: |*|NE|*|*|E|
  0: |*|*|*|S|*|
 -1: -----------

Change number: 121
New plant * has grown at (4,1)
 y\x  0 1 2 3 4
  5: -----------
  4: |NW|*|*|*|*|
  3: |NW|*|*|*|*|
  2: |*|*|NW|*|*|
  1: |*|NE|*|*|E|
  0: |*|*|*|S|*|
 -1: -----------

Change number: 122
Animal was moved from (3,0)  to (4,0)
 y\x  0 1 2 3 4
  5: -----------
  4: |NW|*|*|*|*|
  3: |NW|*|*|*|*|
  2: |*|*|NW|*|*|
  1: |*|NE|*|*|E|
  0: |*|*|*| |SE|
 -1: -----------

Change number: 123
Animal was moved from (1,1)  to (0,1)
 y\x  0 1 2 3 4
  5: -----------
  4: |NW|*|*|*|*|
  3: |NW|*|*|*|*|
  2: |*|*|NW|*|*|
  1: |W| |*|*|E|
  0: |*|*|*| |SE|
 -1: -----------

Change number: 124
Animal was moved from (0,3)  to (1,4)
 y\x  0 1 2 3 4
  5: -----------
  4: |NW|NE|*|*|*|
  3: |*|*|*|*|*|
  2: |*|*|NW|*|*|
  1: |W| |*|*|E|
  0: |*|*|*| |SE|
 -1: -----------

Change number: 125
Animal was moved from (4,1)  to (3,1)
 y\x  0 1 2 3 4
  5: -----------
  4: |NW|NE|*|*|*|
  3: |*|*|*|*|*|
  2: |*|*|NW|*|*|
  1: |W| |*|W|*|
  0: |*|*|*| |SE|
 -1: -----------

Change number: 126
Animal was moved from (0,4)  to (0,4)
 y\x  0 1 2 3 4
  5: -----------
  4: |W|NE|*|*|*|
  3: |*|*|*|*|*|
  2: |*|*|NW|*|*|
  1: |W| |*|W|*|
  0: |*|*|*| |SE|
 -1: -----------

Change number: 127
Animal was moved from (2,2)  to (1,1)
 y\x  0 1 2 3 4
  5: -----------
  4: |W|NE|*|*|*|
  3: |*|*|*|*|*|
  2: |*|*|*|*|*|
  1: |W|SW|*|W|*|
  0: |*|*|*| |SE|
 -1: -----------

Change number: 128
Plant * has been eaten at (0,1)
 y\x  0 1 2 3 4
  5: -----------
  4: |W|NE|*|*|*|
  3: |*|*|*|*|*|
  2: |*|*|*|*|*|
  1: |W|SW|*|W|*|
  0: |*|*|*| |SE|
 -1: -----------

Change number: 129
Plant * has been eaten at (1,4)
 y\x  0 1 2 3 4
  5: -----------
  4: |W|NE|*|*|*|
  3: |*|*|*|*|*|
  2: |*|*|*|*|*|
  1: |W|SW|*|W|*|
  0: |*|*|*| |SE|
 -1: -----------

Change number: 130
Plant * has been eaten at (4,0)
 y\x  0 1 2 3 4
  5: -----------
  4: |W|NE|*|*|*|
  3: |*|*|*|*|*|
  2: |*|*|*|*|*|
  1: |W|SW|*|W|*|
  0: |*|*|*| |SE|
 -1: -----------

Change number: 131
Plant * has been eaten at (3,1)
 y\x  0 1 2 3 4
  5: -----------
  4: |W|NE|*|*|*|
  3: |*|*|*|*|*|
  2: |*|*|*|*|*|
  1: |W|SW|*|W|*|
  0: |*|*|*| |SE|
 -1: -----------

Change number: 132
New plant * has grown at (4,0)
 y\x  0 1 2 3 4
  5: -----------
  4: |W|NE|*|*|*|
  3: |*|*|*|*|*|
  2: |*|*|*|*|*|
  1: |W|SW|*|W|*|
  0: |*|*|*| |SE|
 -1: -----------

Change number: 133
New plant * has grown at (3,0)
 y\x  0 1 2 3 4
  5: -----------
  4: |W|NE|*|*|*|
  3: |*|*|*|*|*|
  2: |*|*|*|*|*|
  1: |W|SW|*|W|*|
  0: |*|*|*|*|SE|
 -1: -----------

Change number: 134
New plant * has grown at (0,1)
 y\x  0 1 2 3 4
  5: -----------
  4: |W|NE|*|*|*|
  3: |*|*|*|*|*|
  2: |*|*|*|*|*|
  1: |W|SW|*|W|*|
  0: |*|*|*|*|SE|
 -1: -----------

Change number: 135
New plant * has grown at (0,4)
 y\x  0 1 2 3 4
  5: -----------
  4: |W|NE|*|*|*|
  3: |*|*|*|*|*|
  2: |*|*|*|*|*|
  1: |W|SW|*|W|*|
  0: |*|*|*|*|SE|
 -1: -----------

Change number: 136
New plant * has grown at (1,4)
 y\x  0 1 2 3 4
  5: -----------
  4: |W|NE|*|*|*|
  3: |*|*|*|*|*|
  2: |*|*|*|*|*|
  1: |W|SW|*|W|*|
  0: |*|*|*|*|SE|
 -1: -----------

Change number: 137
Animal was moved from (4,0)  to (4,1)
 y\x  0 1 2 3 4
  5: -----------
  4: |W|NE|*|*|*|
  3: |*|*|*|*|*|
  2: |*|*|*|*|*|
  1: |W|SW|*|W|NE|
  0: |*|*|*|*|*|
 -1: -----------

Change number: 138
Animal was moved from (0,1)  to (0,0)
 y\x  0 1 2 3 4
  5: -----------
  4: |W|NE|*|*|*|
  3: |*|*|*|*|*|
  2: |*|*|*|*|*|
  1: |*|SW|*|W|NE|
  0: |SW|*|*|*|*|
 -1: -----------

Change number: 139
Animal was moved from (1,4)  to (1,3)
 y\x  0 1 2 3 4
  5: -----------
  4: |W|*|*|*|*|
  3: |*|S|*|*|*|
  2: |*|*|*|*|*|
  1: |*|SW|*|W|NE|
  0: |SW|*|*|*|*|
 -1: -----------

Change number: 140
Animal was moved from (3,1)  to (3,0)
 y\x  0 1 2 3 4
  5: -----------
  4: |W|*|*|*|*|
  3: |*|S|*|*|*|
  2: |*|*|*|*|*|
  1: |*|SW|*| |NE|
  0: |SW|*|*|S|*|
 -1: -----------

Change number: 141
Animal was moved from (0,4)  to (1,4)
 y\x  0 1 2 3 4
  5: -----------
  4: |*|E|*|*|*|
  3: |*|S|*|*|*|
  2: |*|*|*|*|*|
  1: |*|SW|*| |NE|
  0: |SW|*|*|S|*|
 -1: -----------

Change number: 142
Animal was moved from (1,1)  to (0,0)
 y\x  0 1 2 3 4
  5: -----------
  4: |*|E|*|*|*|
  3: |*|S|*|*|*|
  2: |*|*|*|*|*|
  1: |*| |*| |NE|
  0: |SW|*|*|S|*|
 -1: -----------

Change number: 143
Plant * has been eaten at (0,0)
 y\x  0 1 2 3 4
  5: -----------
  4: |*|E|*|*|*|
  3: |*|S|*|*|*|
  2: |*|*|*|*|*|
  1: |*| |*| |NE|
  0: |SW|*|*|S|*|
 -1: -----------

Change number: 144
Plant * has been eaten at (1,3)
 y\x  0 1 2 3 4
  5: -----------
  4: |*|E|*|*|*|
  3: |*|S|*|*|*|
  2: |*|*|*|*|*|
  1: |*| |*| |NE|
  0: |SW|*|*|S|*|
 -1: -----------

Change number: 145
Plant * has been eaten at (1,4)
 y\x  0 1 2 3 4
  5: -----------
  4: |*|E|*|*|*|
  3: |*|S|*|*|*|
  2: |*|*|*|*|*|
  1: |*| |*| |NE|
  0: |SW|*|*|S|*|
 -1: -----------

Change number: 146
Plant * has been eaten at (4,1)
 y\x  0 1 2 3 4
  5: -----------
  4: |*|E|*|*|*|
  3: |*|S|*|*|*|
  2: |*|*|*|*|*|
  1: |*| |*| |NE|
  0: |SW|*|*|S|*|
 -1: -----------

Change number: 147
Plant * has been eaten at (3,0)
 y\x  0 1 2 3 4
  5: -----------
  4: |*|E|*|*|*|
  3: |*|S|*|*|*|
  2: |*|*|*|*|*|
  1: |*| |*| |NE|
  0: |SW|*|*|S|*|
 -1: -----------

Change number: 148
New animal has been born at (0,0)
 y\x  0 1 2 3 4
  5: -----------
  4: |*|E|*|*|*|
  3: |*|S|*|*|*|
  2: |*|*|*|*|*|
  1: |*| |*| |NE|
  0: |SW|*|*|S|*|
 -1: -----------

Change number: 149
New plant * has grown at (0,0)
 y\x  0 1 2 3 4
  5: -----------
  4: |*|E|*|*|*|
  3: |*|S|*|*|*|
  2: |*|*|*|*|*|
  1: |*| |*| |NE|
  0: |SW|*|*|S|*|
 -1: -----------

Change number: 150
New plant * has grown at (3,0)
 y\x  0 1 2 3 4
  5: -----------
  4: |*|E|*|*|*|
  3: |*|S|*|*|*|
  2: |*|*|*|*|*|
  1: |*| |*| |NE|
  0: |SW|*|*|S|*|
 -1: -----------

Change number: 151
New plant * has grown at (1,4)
 y\x  0 1 2 3 4
  5: -----------
  4: |*|E|*|*|*|
  3: |*|S|*|*|*|
  2: |*|*|*|*|*|
  1: |*| |*| |NE|
  0: |SW|*|*|S|*|
 -1: -----------

Change number: 152
New plant * has grown at (1,3)
 y\x  0 1 2 3 4
  5: -----------
  4: |*|E|*|*|*|
  3: |*|S|*|*|*|
  2: |*|*|*|*|*|
  1: |*| |*| |NE|
  0: |SW|*|*|S|*|
 -1: -----------

Change number: 153
New plant * has grown at (1,1)
 y\x  0 1 2 3 4
  5: -----------
  4: |*|E|*|*|*|
  3: |*|S|*|*|*|
  2: |*|*|*|*|*|
  1: |*|*|*| |NE|
  0: |SW|*|*|S|*|
 -1: -----------

Change number: 154
Animal was moved from (4,1)  to (4,0)
 y\x  0 1 2 3 4
  5: -----------
  4: |*|E|*|*|*|
  3: |*|S|*|*|*|
  2: |*|*|*|*|*|
  1: |*|*|*| | |
  0: |SW|*|*|S|SE|
 -1: -----------

Change number: 155
Animal was moved from (0,0)  to (0,1)
 y\x  0 1 2 3 4
  5: -----------
  4: |*|E|*|*|*|
  3: |*|S|*|*|*|
  2: |*|*|*|*|*|
  1: |NW|*|*| | |
  0: |SW|*|*|S|SE|
 -1: -----------

Change number: 156
Animal was moved from (1,3)  to (2,4)
 y\x  0 1 2 3 4
  5: -----------
  4: |*|E|NE|*|*|
  3: |*|*|*|*|*|
  2: |*|*|*|*|*|
  1: |NW|*|*| | |
  0: |SW|*|*|S|SE|
 -1: -----------

Change number: 157
Animal was moved from (3,0)  to (2,1)
 y\x  0 1 2 3 4
  5: -----------
  4: |*|E|NE|*|*|
  3: |*|*|*|*|*|
  2: |*|*|*|*|*|
  1: |NW|*|NW| | |
  0: |SW|*|*|*|SE|
 -1: -----------

Change number: 158
Animal was moved from (1,4)  to (2,3)
 y\x  0 1 2 3 4
  5: -----------
  4: |*|*|NE|*|*|
  3: |*|*|SE|*|*|
  2: |*|*|*|*|*|
  1: |NW|*|NW| | |
  0: |SW|*|*|*|SE|
 -1: -----------

Change number: 159
Animal was moved from (0,0)  to (0,1)
 y\x  0 1 2 3 4
  5: -----------
  4: |*|*|NE|*|*|
  3: |*|*|SE|*|*|
  2: |*|*|*|*|*|
  1: |NW|*|NW| | |
  0: |*|*|*|*|SE|
 -1: -----------

