Change number: 0
Animal was moved from (2,1)  to (2,0)
 y\x  0 1 2 3 4
  5: -----------
  4: | | | | | |
  3: | | |SE|NW|*|
  2: |NW|*| |*|*|
  1: | | | |E| |
  0: | | |S| | |
 -1: -----------

Change number: 1
Animal was moved from (3,3)  to (2,4)
 y\x  0 1 2 3 4
  5: -----------
  4: | | |NW| | |
  3: | | |SE| |*|
  2: |NW|*| |*|*|
  1: | | | |E| |
  0: | | |S| | |
 -1: -----------

Change number: 2
Animal was moved from (0,2)  to (0,2)
 y\x  0 1 2 3 4
  5: -----------
  4: | | |NW| | |
  3: | | |SE| |*|
  2: |W|*| |*|*|
  1: | | | |E| |
  0: | | |S| | |
 -1: -----------

Change number: 3
Animal was moved from (3,1)  to (2,0)
 y\x  0 1 2 3 4
  5: -----------
  4: | | |NW| | |
  3: | | |SE| |*|
  2: |W|*| |*|*|
  1: | | | | | |
  0: | | |SW| | |
 -1: -----------

Change number: 4
Animal was moved from (2,3)  to (1,4)
 y\x  0 1 2 3 4
  5: -----------
  4: | |NW|NW| | |
  3: | | | | |*|
  2: |W|*| |*|*|
  1: | | | | | |
  0: | | |S| | |
 -1: -----------

Change number: 5
Plant * has been eaten at (0,2)
 y\x  0 1 2 3 4
  5: -----------
  4: | |NW|NW| | |
  3: | | | | |*|
  2: |W|*| |*|*|
  1: | | | | | |
  0: | | |SW| | |
 -1: -----------

Change number: 6
New plant * has grown at (1,3)
 y\x  0 1 2 3 4
  5: -----------
  4: | |NW|NW| | |
  3: | |*| | |*|
  2: |W|*| |*|*|
  1: | | | | | |
  0: | | |S| | |
 -1: -----------

Change number: 7
New plant * has grown at (3,1)
 y\x  0 1 2 3 4
  5: -----------
  4: | |NW|NW| | |
  3: | |*| | |*|
  2: |W|*| |*|*|
  1: | | | |*| |
  0: | | |SW| | |
 -1: -----------

Change number: 8
New plant * has grown at (2,0)
 y\x  0 1 2 3 4
  5: -----------
  4: | |NW|NW| | |
  3: | |*| | |*|
  2: |W|*| |*|*|
  1: | | | |*| |
  0: | | |S| | |
 -1: -----------

Change number: 9
New plant * has grown at (1,0)
 y\x  0 1 2 3 4
  5: -----------
  4: | |NW|NW| | |
  3: | |*| | |*|
  2: |W|*| |*|*|
  1: | | | |*| |
  0: | |*|SW| | |
 -1: -----------

Change number: 10
New plant * has grown at (1,1)
 y\x  0 1 2 3 4
  5: -----------
  4: | |NW|NW| | |
  3: | |*| | |*|
  2: |W|*| |*|*|
  1: | |*| |*| |
  0: | |*|SW| | |
 -1: -----------

Change number: 11
Animal was moved from (2,0)  to (3,1)
 y\x  0 1 2 3 4
  5: -----------
  4: | |NW|NW| | |
  3: | |*| | |*|
  2: |W|*| |*|*|
  1: | |*| |NE| |
  0: | |*|SW| | |
 -1: -----------

Change number: 12
Animal was moved from (2,4)  to (2,3)
 y\x  0 1 2 3 4
  5: -----------
  4: | |NW| | | |
  3: | |*|S| |*|
  2: |W|*| |*|*|
  1: | |*| |NE| |
  0: | |*|SW| | |
 -1: -----------

Change number: 13
Animal was moved from (0,2)  to (1,1)
 y\x  0 1 2 3 4
  5: -----------
  4: | |NW| | | |
  3: | |*|S| |*|
  2: | |*| |*|*|
  1: | |SE| |NE| |
  0: | |*|SW| | |
 -1: -----------

Change number: 14
Animal was moved from (2,0)  to (2,1)
 y\x  0 1 2 3 4
  5: -----------
  4: | |NW| | | |
  3: | |*|S| |*|
  2: | |*| |*|*|
  1: | |SE|N|NE| |
  0: | |*|*| | |
 -1: -----------

Change number: 15
Animal was moved from (1,4)  to (2,4)
 y\x  0 1 2 3 4
  5: -----------
  4: | | |E| | |
  3: | |*|S| |*|
  2: | |*| |*|*|
  1: | |SE|N|NE| |
  0: | |*|*| | |
 -1: -----------

Change number: 16
Plant * has been eaten at (1,1)
 y\x  0 1 2 3 4
  5: -----------
  4: | | |E| | |
  3: | |*|S| |*|
  2: | |*| |*|*|
  1: | |SE|N|NE| |
  0: | |*|*| | |
 -1: -----------

Change number: 17
Plant * has been eaten at (3,1)
 y\x  0 1 2 3 4
  5: -----------
  4: | | |E| | |
  3: | |*|S| |*|
  2: | |*| |*|*|
  1: | |SE|N|NE| |
  0: | |*|*| | |
 -1: -----------

Change number: 18
New plant * has grown at (4,0)
 y\x  0 1 2 3 4
  5: -----------
  4: | | |E| | |
  3: | |*|S| |*|
  2: | |*| |*|*|
  1: | |SE|N|NE| |
  0: | |*|*| |*|
 -1: -----------

Change number: 19
New plant * has grown at (3,1)
 y\x  0 1 2 3 4
  5: -----------
  4: | | |E| | |
  3: | |*|S| |*|
  2: | |*| |*|*|
  1: | |SE|N|NE| |
  0: | |*|*| |*|
 -1: -----------

Change number: 20
New plant * has grown at (2,4)
 y\x  0 1 2 3 4
  5: -----------
  4: | | |E| | |
  3: | |*|S| |*|
  2: | |*| |*|*|
  1: | |SE|N|NE| |
  0: | |*|*| |*|
 -1: -----------

Change number: 21
New plant * has grown at (3,4)
 y\x  0 1 2 3 4
  5: -----------
  4: | | |E|*| |
  3: | |*|S| |*|
  2: | |*| |*|*|
  1: | |SE|N|NE| |
  0: | |*|*| |*|
 -1: -----------

Change number: 22
New plant * has grown at (2,3)
 y\x  0 1 2 3 4
  5: -----------
  4: | | |E|*| |
  3: | |*|S| |*|
  2: | |*| |*|*|
  1: | |SE|N|NE| |
  0: | |*|*| |*|
 -1: -----------

Change number: 23
Animal was moved from (3,1)  to (4,0)
 y\x  0 1 2 3 4
  5: -----------
  4: | | |E|*| |
  3: | |*|S| |*|
  2: | |*| |*|*|
  1: | |SE|N|*| |
  0: | |*|*| |SE|
 -1: -----------

Change number: 24
Animal was moved from (2,3)  to (2,4)
 y\x  0 1 2 3 4
  5: -----------
  4: | | |E|*| |
  3: | |*|*| |*|
  2: | |*| |*|*|
  1: | |SE|N|*| |
  0: | |*|*| |SE|
 -1: -----------

Change number: 25
Animal was moved from (1,1)  to (0,1)
 y\x  0 1 2 3 4
  5: -----------
  4: | | |E|*| |
  3: | |*|*| |*|
  2: | |*| |*|*|
  1: |W| |N|*| |
  0: | |*|*| |SE|
 -1: -----------

Change number: 26
Animal was moved from (2,1)  to (1,1)
 y\x  0 1 2 3 4
  5: -----------
  4: | | |E|*| |
  3: | |*|*| |*|
  2: | |*| |*|*|
  1: |W|W| |*| |
  0: | |*|*| |SE|
 -1: -----------

Change number: 27
Animal was moved from (2,4)  to (3,4)
 y\x  0 1 2 3 4
  5: -----------
  4: | | |N|NE| |
  3: | |*|*| |*|
  2: | |*| |*|*|
  1: |W|W| |*| |
  0: | |*|*| |SE|
 -1: -----------

Change number: 28
Plant * has been eaten at (3,4)
 y\x  0 1 2 3 4
  5: -----------
  4: | | |N|NE| |
  3: | |*|*| |*|
  2: | |*| |*|*|
  1: |W|W| |*| |
  0: | |*|*| |SE|
 -1: -----------

Change number: 29
Plant * has been eaten at (2,4)
 y\x  0 1 2 3 4
  5: -----------
  4: | | |N|NE| |
  3: | |*|*| |*|
  2: | |*| |*|*|
  1: |W|W| |*| |
  0: | |*|*| |SE|
 -1: -----------

Change number: 30
Plant * has been eaten at (4,0)
 y\x  0 1 2 3 4
  5: -----------
  4: | | |N|NE| |
  3: | |*|*| |*|
  2: | |*| |*|*|
  1: |W|W| |*| |
  0: | |*|*| |SE|
 -1: -----------

Change number: 31
New plant * has grown at (3,3)
 y\x  0 1 2 3 4
  5: -----------
  4: | | |N|NE| |
  3: | |*|*|*|*|
  2: | |*| |*|*|
  1: |W|W| |*| |
  0: | |*|*| |SE|
 -1: -----------

Change number: 32
New plant * has grown at (3,0)
 y\x  0 1 2 3 4
  5: -----------
  4: | | |N|NE| |
  3: | |*|*|*|*|
  2: | |*| |*|*|
  1: |W|W| |*| |
  0: | |*|*|*|SE|
 -1: -----------

Change number: 33
New plant * has grown at (0,0)
 y\x  0 1 2 3 4
  5: -----------
  4: | | |N|NE| |
  3: | |*|*|*|*|
  2: | |*| |*|*|
  1: |W|W| |*| |
  0: |*|*|*|*|SE|
 -1: -----------

Change number: 34
New plant * has grown at (3,4)
 y\x  0 1 2 3 4
  5: -----------
  4: | | |N|NE| |
  3: | |*|*|*|*|
  2: | |*| |*|*|
  1: |W|W| |*| |
  0: |*|*|*|*|SE|
 -1: -----------

Change number: 35
New plant * has grown at (4,1)
 y\x  0 1 2 3 4
  5: -----------
  4: | | |N|NE| |
  3: | |*|*|*|*|
  2: | |*| |*|*|
  1: |W|W| |*|*|
  0: |*|*|*|*|SE|
 -1: -----------

Change number: 36
Animal was moved from (4,0)  to (4,0)
 y\x  0 1 2 3 4
  5: -----------
  4: | | |N|NE| |
  3: | |*|*|*|*|
  2: | |*| |*|*|
  1: |W|W| |*|*|
  0: |*|*|*|*|SE|
 -1: -----------

Change number: 37
Animal was moved from (2,4)  to (3,4)
 y\x  0 1 2 3 4
  5: -----------
  4: | | | |NE| |
  3: | |*|*|*|*|
  2: | |*| |*|*|
  1: |W|W| |*|*|
  0: |*|*|*|*|SE|
 -1: -----------

Change number: 38
Animal was moved from (0,1)  to (1,1)
 y\x  0 1 2 3 4
  5: -----------
  4: | | | |NE| |
  3: | |*|*|*|*|
  2: | |*| |*|*|
  1: | |E| |*|*|
  0: |*|*|*|*|SE|
 -1: -----------

Change number: 39
Animal was moved from (1,1)  to (2,2)
 y\x  0 1 2 3 4
  5: -----------
  4: | | | |NE| |
  3: | |*|*|*|*|
  2: | |*|NE|*|*|
  1: | |E| |*|*|
  0: |*|*|*|*|SE|
 -1: -----------

Change number: 40
Animal was moved from (3,4)  to (3,4)
 y\x  0 1 2 3 4
  5: -----------
  4: | | | |NE| |
  3: | |*|*|*|*|
  2: | |*|NE|*|*|
  1: | |E| |*|*|
  0: |*|*|*|*|SE|
 -1: -----------

Change number: 41
Plant * has been eaten at (3,4)
 y\x  0 1 2 3 4
  5: -----------
  4: | | | |NE| |
  3: | |*|*|*|*|
  2: | |*|NE|*|*|
  1: | |E| |*|*|
  0: |*|*|*|*|SE|
 -1: -----------

Change number: 42
New animal has been born at (3,4)
 y\x  0 1 2 3 4
  5: -----------
  4: | | | |NE| |
  3: | |*|*|*|*|
  2: | |*|NE|*|*|
  1: | |E| |*|*|
  0: |*|*|*|*|SE|
 -1: -----------

Change number: 43
New plant * has grown at (1,4)
 y\x  0 1 2 3 4
  5: -----------
  4: | |*| |NE| |
  3: | |*|*|*|*|
  2: | |*|NE|*|*|
  1: | |E| |*|*|
  0: |*|*|*|*|SE|
 -1: -----------

Change number: 44
New plant * has grown at (3,4)
 y\x  0 1 2 3 4
  5: -----------
  4: | |*| |NE| |
  3: | |*|*|*|*|
  2: | |*|NE|*|*|
  1: | |E| |*|*|
  0: |*|*|*|*|SE|
 -1: -----------

Change number: 45
New plant * has grown at (2,4)
 y\x  0 1 2 3 4
  5: -----------
  4: | |*|*|NE| |
  3: | |*|*|*|*|
  2: | |*|NE|*|*|
  1: | |E| |*|*|
  0: |*|*|*|*|SE|
 -1: -----------

Change number: 46
New plant * has grown at (4,4)
 y\x  0 1 2 3 4
  5: -----------
  4: | |*|*|NE|*|
  3: | |*|*|*|*|
  2: | |*|NE|*|*|
  1: | |E| |*|*|
  0: |*|*|*|*|SE|
 -1: -----------

Change number: 47
New plant * has grown at (0,3)
 y\x  0 1 2 3 4
  5: -----------
  4: | |*|*|NE|*|
  3: |*|*|*|*|*|
  2: | |*|NE|*|*|
  1: | |E| |*|*|
  0: |*|*|*|*|SE|
 -1: -----------

Change number: 48
Animal was moved from (4,0)  to (3,0)
 y\x  0 1 2 3 4
  5: -----------
  4: | |*|*|NE|*|
  3: |*|*|*|*|*|
  2: | |*|NE|*|*|
  1: | |E| |*|*|
  0: |*|*|*|SW| |
 -1: -----------

Change number: 49
Animal was moved from (3,4)  to (4,4)
 y\x  0 1 2 3 4
  5: -----------
  4: | |*|*|N|E|
  3: |*|*|*|*|*|
  2: | |*|NE|*|*|
  1: | |E| |*|*|
  0: |*|*|*|SW| |
 -1: -----------

Change number: 50
Animal was moved from (1,1)  to (1,2)
 y\x  0 1 2 3 4
  5: -----------
  4: | |*|*|N|E|
  3: |*|*|*|*|*|
  2: | |N|NE|*|*|
  1: | | | |*|*|
  0: |*|*|*|SW| |
 -1: -----------

Change number: 51
Animal was moved from (2,2)  to (1,3)
 y\x  0 1 2 3 4
  5: -----------
  4: | |*|*|N|E|
  3: |*|NW|*|*|*|
  2: | |N| |*|*|
  1: | | | |*|*|
  0: |*|*|*|SW| |
 -1: -----------

Change number: 52
Animal was moved from (3,4)  to (3,4)
 y\x  0 1 2 3 4
  5: -----------
  4: | |*|*|N|E|
  3: |*|NW|*|*|*|
  2: | |N| |*|*|
  1: | | | |*|*|
  0: |*|*|*|SW| |
 -1: -----------

Change number: 53
Animal was moved from (3,4)  to (2,4)
 y\x  0 1 2 3 4
  5: -----------
  4: | |*|NW|N|E|
  3: |*|NW|*|*|*|
  2: | |N| |*|*|
  1: | | | |*|*|
  0: |*|*|*|SW| |
 -1: -----------

Change number: 54
Plant * has been eaten at (4,4)
 y\x  0 1 2 3 4
  5: -----------
  4: | |*|NW|N|E|
  3: |*|NW|*|*|*|
  2: | |N| |*|*|
  1: | | | |*|*|
  0: |*|*|*|SW| |
 -1: -----------

Change number: 55
Plant * has been eaten at (1,2)
 y\x  0 1 2 3 4
  5: -----------
  4: | |*|NW|N|E|
  3: |*|NW|*|*|*|
  2: | |N| |*|*|
  1: | | | |*|*|
  0: |*|*|*|SW| |
 -1: -----------

Change number: 56
Plant * has been eaten at (3,4)
 y\x  0 1 2 3 4
  5: -----------
  4: | |*|NW|N|E|
  3: |*|NW|*|*|*|
  2: | |N| |*|*|
  1: | | | |*|*|
  0: |*|*|*|SW| |
 -1: -----------

Change number: 57
Plant * has been eaten at (1,3)
 y\x  0 1 2 3 4
  5: -----------
  4: | |*|NW|N|E|
  3: |*|NW|*|*|*|
  2: | |N| |*|*|
  1: | | | |*|*|
  0: |*|*|*|SW| |
 -1: -----------

Change number: 58
Plant * has been eaten at (2,4)
 y\x  0 1 2 3 4
  5: -----------
  4: | |*|NW|N|E|
  3: |*|NW|*|*|*|
  2: | |N| |*|*|
  1: | | | |*|*|
  0: |*|*|*|SW| |
 -1: -----------

Change number: 59
Plant * has been eaten at (3,0)
 y\x  0 1 2 3 4
  5: -----------
  4: | |*|NW|N|E|
  3: |*|NW|*|*|*|
  2: | |N| |*|*|
  1: | | | |*|*|
  0: |*|*|*|SW| |
 -1: -----------

Change number: 60
New plant * has grown at (0,1)
 y\x  0 1 2 3 4
  5: -----------
  4: | |*|NW|N|E|
  3: |*|NW|*|*|*|
  2: | |N| |*|*|
  1: |*| | |*|*|
  0: |*|*|*|SW| |
 -1: -----------

Change number: 61
New plant * has grown at (2,2)
 y\x  0 1 2 3 4
  5: -----------
  4: | |*|NW|N|E|
  3: |*|NW|*|*|*|
  2: | |N|*|*|*|
  1: |*| | |*|*|
  0: |*|*|*|SW| |
 -1: -----------

Change number: 62
New plant * has grown at (4,0)
 y\x  0 1 2 3 4
  5: -----------
  4: | |*|NW|N|E|
  3: |*|NW|*|*|*|
  2: | |N|*|*|*|
  1: |*| | |*|*|
  0: |*|*|*|SW|*|
 -1: -----------

Change number: 63
New plant * has grown at (1,1)
 y\x  0 1 2 3 4
  5: -----------
  4: | |*|NW|N|E|
  3: |*|NW|*|*|*|
  2: | |N|*|*|*|
  1: |*|*| |*|*|
  0: |*|*|*|SW|*|
 -1: -----------

Change number: 64
New plant * has grown at (1,2)
 y\x  0 1 2 3 4
  5: -----------
  4: | |*|NW|N|E|
  3: |*|NW|*|*|*|
  2: | |N|*|*|*|
  1: |*|*| |*|*|
  0: |*|*|*|SW|*|
 -1: -----------

Change number: 65
Animal was moved from (3,0)  to (4,0)
 y\x  0 1 2 3 4
  5: -----------
  4: | |*|NW|N|E|
  3: |*|NW|*|*|*|
  2: | |N|*|*|*|
  1: |*|*| |*|*|
  0: |*|*|*| |SE|
 -1: -----------

Change number: 66
Animal was moved from (4,4)  to (4,4)
 y\x  0 1 2 3 4
  5: -----------
  4: | |*|NW|N|E|
  3: |*|NW|*|*|*|
  2: | |N|*|*|*|
  1: |*|*| |*|*|
  0: |*|*|*| |SE|
 -1: -----------

Change number: 67
Animal was moved from (1,2)  to (0,3)
 y\x  0 1 2 3 4
  5: -----------
  4: | |*|NW|N|E|
  3: |NW|NW|*|*|*|
  2: | |*|*|*|*|
  1: |*|*| |*|*|
  0: |*|*|*| |SE|
 -1: -----------

Change number: 68
Animal was moved from (1,3)  to (2,3)
 y\x  0 1 2 3 4
  5: -----------
  4: | |*|NW|N|E|
  3: |NW| |E|*|*|
  2: | |*|*|*|*|
  1: |*|*| |*|*|
  0: |*|*|*| |SE|
 -1: -----------

Change number: 69
Animal was moved from (3,4)  to (3,4)
 y\x  0 1 2 3 4
  5: -----------
  4: | |*|NW|N|E|
  3: |NW| |E|*|*|
  2: | |*|*|*|*|
  1: |*|*| |*|*|
  0: |*|*|*| |SE|
 -1: -----------

Change number: 70
Animal was moved from (2,4)  to (3,3)
 y\x  0 1 2 3 4
  5: -----------
  4: | |*| |N|E|
  3: |NW| |E|SE|*|
  2: | |*|*|*|*|
  1: |*|*| |*|*|
  0: |*|*|*| |SE|
 -1: -----------

Change number: 71
Plant * has been eaten at (3,3)
 y\x  0 1 2 3 4
  5: -----------
  4: | |*| |N|E|
  3: |NW| |E|SE|*|
  2: | |*|*|*|*|
  1: |*|*| |*|*|
  0: |*|*|*| |SE|
 -1: -----------

Change number: 72
Plant * has been eaten at (2,3)
 y\x  0 1 2 3 4
  5: -----------
  4: | |*| |N|E|
  3: |NW| |E|SE|*|
  2: | |*|*|*|*|
  1: |*|*| |*|*|
  0: |*|*|*| |SE|
 -1: -----------

Change number: 73
Plant * has been eaten at (0,3)
 y\x  0 1 2 3 4
  5: -----------
  4: | |*| |N|E|
  3: |NW| |E|SE|*|
  2: | |*|*|*|*|
  1: |*|*| |*|*|
  0: |*|*|*| |SE|
 -1: -----------

Change number: 74
Plant * has been eaten at (4,0)
 y\x  0 1 2 3 4
  5: -----------
  4: | |*| |N|E|
  3: |NW| |E|SE|*|
  2: | |*|*|*|*|
  1: |*|*| |*|*|
  0: |*|*|*| |SE|
 -1: -----------

Change number: 75
New plant * has grown at (3,4)
 y\x  0 1 2 3 4
  5: -----------
  4: | |*| |N|E|
  3: |NW| |E|SE|*|
  2: | |*|*|*|*|
  1: |*|*| |*|*|
  0: |*|*|*| |SE|
 -1: -----------

Change number: 76
New plant * has grown at (0,3)
 y\x  0 1 2 3 4
  5: -----------
  4: | |*| |N|E|
  3: |NW| |E|SE|*|
  2: | |*|*|*|*|
  1: |*|*| |*|*|
  0: |*|*|*| |SE|
 -1: -----------

Change number: 77
New plant * has grown at (4,4)
 y\x  0 1 2 3 4
  5: -----------
  4: | |*| |N|E|
  3: |NW| |E|SE|*|
  2: | |*|*|*|*|
  1: |*|*| |*|*|
  0: |*|*|*| |SE|
 -1: -----------

Change number: 78
New plant * has grown at (1,3)
 y\x  0 1 2 3 4
  5: -----------
  4: | |*| |N|E|
  3: |NW|*|E|SE|*|
  2: | |*|*|*|*|
  1: |*|*| |*|*|
  0: |*|*|*| |SE|
 -1: -----------

Change number: 79
New plant * has grown at (0,2)
 y\x  0 1 2 3 4
  5: -----------
  4: | |*| |N|E|
  3: |NW|*|E|SE|*|
  2: |*|*|*|*|*|
  1: |*|*| |*|*|
  0: |*|*|*| |SE|
 -1: -----------

Change number: 80
Animal was moved from (4,0)  to (4,1)
 y\x  0 1 2 3 4
  5: -----------
  4: | |*| |N|E|
  3: |NW|*|E|SE|*|
  2: |*|*|*|*|*|
  1: |*|*| |*|N|
  0: |*|*|*| | |
 -1: -----------

Change number: 81
Animal was moved from (4,4)  to (3,4)
 y\x  0 1 2 3 4
  5: -----------
  4: | |*| |N|*|
  3: |NW|*|E|SE|*|
  2: |*|*|*|*|*|
  1: |*|*| |*|N|
  0: |*|*|*| | |
 -1: -----------

Change number: 82
Animal was moved from (0,3)  to (0,2)
 y\x  0 1 2 3 4
  5: -----------
  4: | |*| |N|*|
  3: |*|*|E|SE|*|
  2: |S|*|*|*|*|
  1: |*|*| |*|N|
  0: |*|*|*| | |
 -1: -----------

Change number: 83
Animal was moved from (2,3)  to (1,2)
 y\x  0 1 2 3 4
  5: -----------
  4: | |*| |N|*|
  3: |*|*| |SE|*|
  2: |S|SW|*|*|*|
  1: |*|*| |*|N|
  0: |*|*|*| | |
 -1: -----------

Change number: 84
Animal was moved from (3,4)  to (4,4)
 y\x  0 1 2 3 4
  5: -----------
  4: | |*| |NW|NE|
  3: |*|*| |SE|*|
  2: |S|SW|*|*|*|
  1: |*|*| |*|N|
  0: |*|*|*| | |
 -1: -----------

Change number: 85
Animal was moved from (3,3)  to (2,3)
 y\x  0 1 2 3 4
  5: -----------
  4: | |*| |NW|NE|
  3: |*|*|W| |*|
  2: |S|SW|*|*|*|
  1: |*|*| |*|N|
  0: |*|*|*| | |
 -1: -----------

Change number: 86
Plant * has been eaten at (4,4)
 y\x  0 1 2 3 4
  5: -----------
  4: | |*| |NW|NE|
  3: |*|*|W| |*|
  2: |S|SW|*|*|*|
  1: |*|*| |*|N|
  0: |*|*|*| | |
 -1: -----------

Change number: 87
Plant * has been eaten at (1,2)
 y\x  0 1 2 3 4
  5: -----------
  4: | |*| |NW|NE|
  3: |*|*|W| |*|
  2: |S|SW|*|*|*|
  1: |*|*| |*|N|
  0: |*|*|*| | |
 -1: -----------

Change number: 88
Plant * has been eaten at (3,4)
 y\x  0 1 2 3 4
  5: -----------
  4: | |*| |NW|NE|
  3: |*|*|W| |*|
  2: |S|SW|*|*|*|
  1: |*|*| |*|N|
  0: |*|*|*| | |
 -1: -----------

Change number: 89
Plant * has been eaten at (0,2)
 y\x  0 1 2 3 4
  5: -----------
  4: | |*| |NW|NE|
  3: |*|*|W| |*|
  2: |S|SW|*|*|*|
  1: |*|*| |*|N|
  0: |*|*|*| | |
 -1: -----------

Change number: 90
Plant * has been eaten at (4,1)
 y\x  0 1 2 3 4
  5: -----------
  4: | |*| |NW|NE|
  3: |*|*|W| |*|
  2: |S|SW|*|*|*|
  1: |*|*| |*|N|
  0: |*|*|*| | |
 -1: -----------

Change number: 91
New plant * has grown at (3,4)
 y\x  0 1 2 3 4
  5: -----------
  4: | |*| |NW|NE|
  3: |*|*|W| |*|
  2: |S|SW|*|*|*|
  1: |*|*| |*|N|
  0: |*|*|*| | |
 -1: -----------

Change number: 92
New plant * has grown at (1,2)
 y\x  0 1 2 3 4
  5: -----------
  4: | |*| |NW|NE|
  3: |*|*|W| |*|
  2: |S|SW|*|*|*|
  1: |*|*| |*|N|
  0: |*|*|*| | |
 -1: -----------

Change number: 93
New plant * has grown at (2,4)
 y\x  0 1 2 3 4
  5: -----------
  4: | |*|*|NW|NE|
  3: |*|*|W| |*|
  2: |S|SW|*|*|*|
  1: |*|*| |*|N|
  0: |*|*|*| | |
 -1: -----------

Change number: 94
New plant * has grown at (0,4)
 y\x  0 1 2 3 4
  5: -----------
  4: |*|*|*|NW|NE|
  3: |*|*|W| |*|
  2: |S|SW|*|*|*|
  1: |*|*| |*|N|
  0: |*|*|*| | |
 -1: -----------

Change number: 95
New plant * has grown at (3,0)
 y\x  0 1 2 3 4
  5: -----------
  4: |*|*|*|NW|NE|
  3: |*|*|W| |*|
  2: |S|SW|*|*|*|
  1: |*|*| |*|N|
  0: |*|*|*|*| |
 -1: -----------

Change number: 96
Animal was moved from (4,1)  to (4,1)
 y\x  0 1 2 3 4
  5: -----------
  4: |*|*|*|NW|NE|
  3: |*|*|W| |*|
  2: |S|SW|*|*|*|
  1: |*|*| |*|E|
  0: |*|*|*|*| |
 -1: -----------

Change number: 97
Animal was moved from (3,4)  to (4,3)
 y\x  0 1 2 3 4
  5: -----------
  4: |*|*|*|*|NE|
  3: |*|*|W| |SE|
  2: |S|SW|*|*|*|
  1: |*|*| |*|E|
  0: |*|*|*|*| |
 -1: -----------

Change number: 98
Animal was moved from (0,2)  to (0,3)
 y\x  0 1 2 3 4
  5: -----------
  4: |*|*|*|*|NE|
  3: |NW|*|W| |SE|
  2: | |SW|*|*|*|
  1: |*|*| |*|E|
  0: |*|*|*|*| |
 -1: -----------

Change number: 99
Animal was moved from (1,2)  to (2,1)
 y\x  0 1 2 3 4
  5: -----------
  4: |*|*|*|*|NE|
  3: |NW|*|W| |SE|
  2: | |*|*|*|*|
  1: |*|*|SE|*|E|
  0: |*|*|*|*| |
 -1: -----------

