Change number: 0
Animal was moved from (4,4)  to (5,5)
 y\x  0 1 2 3 4 5 6 7 8 9
 10: ---------------------
  9: | | | | | |*| | | | |
  8: | | | | | | | | | | |
  7: | | | | | | | | | | |
  6: | | | |W| | | | |E| |
  5: |*|*|*|*|*|NE| |*|*|*|
  4: | | | | | | | | | | |
  3: | | | | | | | | | | |
  2: | | | | | |NE| | | | |
  1: | | | | |SW| | | | | |
  0: | | | | | | | | | | |
 -1: ---------------------

Change number: 1
Animal was moved from (5,2)  to (4,1)
 y\x  0 1 2 3 4 5 6 7 8 9
 10: ---------------------
  9: | | | | | |*| | | | |
  8: | | | | | | | | | | |
  7: | | | | | | | | | | |
  6: | | | |W| | | | |E| |
  5: |*|*|*|*|*|NE| |*|*|*|
  4: | | | | | | | | | | |
  3: | | | | | | | | | | |
  2: | | | | | | | | | | |
  1: | | | | |SW| | | | | |
  0: | | | | | | | | | | |
 -1: ---------------------

Change number: 2
Animal was moved from (3,6)  to (4,6)
 y\x  0 1 2 3 4 5 6 7 8 9
 10: ---------------------
  9: | | | | | |*| | | | |
  8: | | | | | | | | | | |
  7: | | | | | | | | | | |
  6: | | | | |E| | | |E| |
  5: |*|*|*|*|*|NE| |*|*|*|
  4: | | | | | | | | | | |
  3: | | | | | | | | | | |
  2: | | | | | | | | | | |
  1: | | | | |SW| | | | | |
  0: | | | | | | | | | | |
 -1: ---------------------

Change number: 3
Animal was moved from (4,1)  to (3,2)
 y\x  0 1 2 3 4 5 6 7 8 9
 10: ---------------------
  9: | | | | | |*| | | | |
  8: | | | | | | | | | | |
  7: | | | | | | | | | | |
  6: | | | | |E| | | |E| |
  5: |*|*|*|*|*|NE| |*|*|*|
  4: | | | | | | | | | | |
  3: | | | | | | | | | | |
  2: | | | |NW| | | | | | |
  1: | | | | |SW| | | | | |
  0: | | | | | | | | | | |
 -1: ---------------------

Change number: 4
Animal was moved from (8,6)  to (8,7)
 y\x  0 1 2 3 4 5 6 7 8 9
 10: ---------------------
  9: | | | | | |*| | | | |
  8: | | | | | | | | | | |
  7: | | | | | | | | |N| |
  6: | | | | |E| | | | | |
  5: |*|*|*|*|*|NE| |*|*|*|
  4: | | | | | | | | | | |
  3: | | | | | | | | | | |
  2: | | | |NW| | | | | | |
  1: | | | | |SW| | | | | |
  0: | | | | | | | | | | |
 -1: ---------------------

Change number: 5
Plant * has been eaten at (5,5)
 y\x  0 1 2 3 4 5 6 7 8 9
 10: ---------------------
  9: | | | | | |*| | | | |
  8: | | | | | | | | | | |
  7: | | | | | | | | |N| |
  6: | | | | |E| | | | | |
  5: |*|*|*|*|*|NE| |*|*|*|
  4: | | | | | | | | | | |
  3: | | | | | | | | | | |
  2: | | | |NW| | | | | | |
  1: | | | | |SW| | | | | |
  0: | | | | | | | | | | |
 -1: ---------------------

Change number: 6
New plant * has grown at (0,7)
 y\x  0 1 2 3 4 5 6 7 8 9
 10: ---------------------
  9: | | | | | |*| | | | |
  8: | | | | | | | | | | |
  7: |*| | | | | | | |N| |
  6: | | | | |E| | | | | |
  5: |*|*|*|*|*|NE| |*|*|*|
  4: | | | | | | | | | | |
  3: | | | | | | | | | | |
  2: | | | |NW| | | | | | |
  1: | | | | |SW| | | | | |
  0: | | | | | | | | | | |
 -1: ---------------------

Change number: 7
New plant * has grown at (3,6)
 y\x  0 1 2 3 4 5 6 7 8 9
 10: ---------------------
  9: | | | | | |*| | | | |
  8: | | | | | | | | | | |
  7: |*| | | | | | | |N| |
  6: | | | |*|E| | | | | |
  5: |*|*|*|*|*|NE| |*|*|*|
  4: | | | | | | | | | | |
  3: | | | | | | | | | | |
  2: | | | |NW| | | | | | |
  1: | | | | |SW| | | | | |
  0: | | | | | | | | | | |
 -1: ---------------------

Change number: 8
New plant * has grown at (5,5)
 y\x  0 1 2 3 4 5 6 7 8 9
 10: ---------------------
  9: | | | | | |*| | | | |
  8: | | | | | | | | | | |
  7: |*| | | | | | | |N| |
  6: | | | |*|E| | | | | |
  5: |*|*|*|*|*|NE| |*|*|*|
  4: | | | | | | | | | | |
  3: | | | | | | | | | | |
  2: | | | |NW| | | | | | |
  1: | | | | |SW| | | | | |
  0: | | | | | | | | | | |
 -1: ---------------------

Change number: 9
New plant * has grown at (9,3)
 y\x  0 1 2 3 4 5 6 7 8 9
 10: ---------------------
  9: | | | | | |*| | | | |
  8: | | | | | | | | | | |
  7: |*| | | | | | | |N| |
  6: | | | |*|E| | | | | |
  5: |*|*|*|*|*|NE| |*|*|*|
  4: | | | | | | | | | | |
  3: | | | | | | | | | |*|
  2: | | | |NW| | | | | | |
  1: | | | | |SW| | | | | |
  0: | | | | | | | | | | |
 -1: ---------------------

Change number: 10
New plant * has grown at (3,7)
 y\x  0 1 2 3 4 5 6 7 8 9
 10: ---------------------
  9: | | | | | |*| | | | |
  8: | | | | | | | | | | |
  7: |*| | |*| | | | |N| |
  6: | | | |*|E| | | | | |
  5: |*|*|*|*|*|NE| |*|*|*|
  4: | | | | | | | | | | |
  3: | | | | | | | | | |*|
  2: | | | |NW| | | | | | |
  1: | | | | |SW| | | | | |
  0: | | | | | | | | | | |
 -1: ---------------------

Change number: 11
New plant * has grown at (9,8)
 y\x  0 1 2 3 4 5 6 7 8 9
 10: ---------------------
  9: | | | | | |*| | | | |
  8: | | | | | | | | | |*|
  7: |*| | |*| | | | |N| |
  6: | | | |*|E| | | | | |
  5: |*|*|*|*|*|NE| |*|*|*|
  4: | | | | | | | | | | |
  3: | | | | | | | | | |*|
  2: | | | |NW| | | | | | |
  1: | | | | |SW| | | | | |
  0: | | | | | | | | | | |
 -1: ---------------------

Change number: 12
New plant * has grown at (6,2)
 y\x  0 1 2 3 4 5 6 7 8 9
 10: ---------------------
  9: | | | | | |*| | | | |
  8: | | | | | | | | | |*|
  7: |*| | |*| | | | |N| |
  6: | | | |*|E| | | | | |
  5: |*|*|*|*|*|NE| |*|*|*|
  4: | | | | | | | | | | |
  3: | | | | | | | | | |*|
  2: | | | |NW| | |*| | | |
  1: | | | | |SW| | | | | |
  0: | | | | | | | | | | |
 -1: ---------------------

Change number: 13
New plant * has grown at (5,6)
 y\x  0 1 2 3 4 5 6 7 8 9
 10: ---------------------
  9: | | | | | |*| | | | |
  8: | | | | | | | | | |*|
  7: |*| | |*| | | | |N| |
  6: | | | |*|E|*| | | | |
  5: |*|*|*|*|*|NE| |*|*|*|
  4: | | | | | | | | | | |
  3: | | | | | | | | | |*|
  2: | | | |NW| | |*| | | |
  1: | | | | |SW| | | | | |
  0: | | | | | | | | | | |
 -1: ---------------------

Change number: 14
New plant * has grown at (4,1)
 y\x  0 1 2 3 4 5 6 7 8 9
 10: ---------------------
  9: | | | | | |*| | | | |
  8: | | | | | | | | | |*|
  7: |*| | |*| | | | |N| |
  6: | | | |*|E|*| | | | |
  5: |*|*|*|*|*|NE| |*|*|*|
  4: | | | | | | | | | | |
  3: | | | | | | | | | |*|
  2: | | | |NW| | |*| | | |
  1: | | | | |SW| | | | | |
  0: | | | | | | | | | | |
 -1: ---------------------

Change number: 15
New plant * has grown at (4,2)
 y\x  0 1 2 3 4 5 6 7 8 9
 10: ---------------------
  9: | | | | | |*| | | | |
  8: | | | | | | | | | |*|
  7: |*| | |*| | | | |N| |
  6: | | | |*|E|*| | | | |
  5: |*|*|*|*|*|NE| |*|*|*|
  4: | | | | | | | | | | |
  3: | | | | | | | | | |*|
  2: | | | |NW|*| |*| | | |
  1: | | | | |SW| | | | | |
  0: | | | | | | | | | | |
 -1: ---------------------

Change number: 16
Animal was moved from (5,5)  to (4,6)
 y\x  0 1 2 3 4 5 6 7 8 9
 10: ---------------------
  9: | | | | | |*| | | | |
  8: | | | | | | | | | |*|
  7: |*| | |*| | | | |N| |
  6: | | | |*|NW|*| | | | |
  5: |*|*|*|*|*|*| |*|*|*|
  4: | | | | | | | | | | |
  3: | | | | | | | | | |*|
  2: | | | |NW|*| |*| | | |
  1: | | | | |SW| | | | | |
  0: | | | | | | | | | | |
 -1: ---------------------

Change number: 17
Animal was moved from (4,1)  to (3,0)
 y\x  0 1 2 3 4 5 6 7 8 9
 10: ---------------------
  9: | | | | | |*| | | | |
  8: | | | | | | | | | |*|
  7: |*| | |*| | | | |N| |
  6: | | | |*|NW|*| | | | |
  5: |*|*|*|*|*|*| |*|*|*|
  4: | | | | | | | | | | |
  3: | | | | | | | | | |*|
  2: | | | |NW|*| |*| | | |
  1: | | | | |*| | | | | |
  0: | | | |SW| | | | | | |
 -1: ---------------------

Change number: 18
Animal was moved from (4,6)  to (4,7)
 y\x  0 1 2 3 4 5 6 7 8 9
 10: ---------------------
  9: | | | | | |*| | | | |
  8: | | | | | | | | | |*|
  7: |*| | |*|N| | | |N| |
  6: | | | |*|NW|*| | | | |
  5: |*|*|*|*|*|*| |*|*|*|
  4: | | | | | | | | | | |
  3: | | | | | | | | | |*|
  2: | | | |NW|*| |*| | | |
  1: | | | | |*| | | | | |
  0: | | | |SW| | | | | | |
 -1: ---------------------

Change number: 19
Animal was moved from (3,2)  to (2,3)
 y\x  0 1 2 3 4 5 6 7 8 9
 10: ---------------------
  9: | | | | | |*| | | | |
  8: | | | | | | | | | |*|
  7: |*| | |*|N| | | |N| |
  6: | | | |*|NW|*| | | | |
  5: |*|*|*|*|*|*| |*|*|*|
  4: | | | | | | | | | | |
  3: | | |NW| | | | | | |*|
  2: | | | | |*| |*| | | |
  1: | | | | |*| | | | | |
  0: | | | |SW| | | | | | |
 -1: ---------------------

Change number: 20
Animal was moved from (8,7)  to (7,6)
 y\x  0 1 2 3 4 5 6 7 8 9
 10: ---------------------
  9: | | | | | |*| | | | |
  8: | | | | | | | | | |*|
  7: |*| | |*|N| | | | | |
  6: | | | |*|NW|*| |SW| | |
  5: |*|*|*|*|*|*| |*|*|*|
  4: | | | | | | | | | | |
  3: | | |NW| | | | | | |*|
  2: | | | | |*| |*| | | |
  1: | | | | |*| | | | | |
  0: | | | |SW| | | | | | |
 -1: ---------------------

Change number: 21
New plant * has grown at (5,3)
 y\x  0 1 2 3 4 5 6 7 8 9
 10: ---------------------
  9: | | | | | |*| | | | |
  8: | | | | | | | | | |*|
  7: |*| | |*|N| | | | | |
  6: | | | |*|NW|*| |SW| | |
  5: |*|*|*|*|*|*| |*|*|*|
  4: | | | | | | | | | | |
  3: | | |NW| | |*| | | |*|
  2: | | | | |*| |*| | | |
  1: | | | | |*| | | | | |
  0: | | | |SW| | | | | | |
 -1: ---------------------

Change number: 22
New plant * has grown at (7,7)
 y\x  0 1 2 3 4 5 6 7 8 9
 10: ---------------------
  9: | | | | | |*| | | | |
  8: | | | | | | | | | |*|
  7: |*| | |*|N| | |*| | |
  6: | | | |*|NW|*| |SW| | |
  5: |*|*|*|*|*|*| |*|*|*|
  4: | | | | | | | | | | |
  3: | | |NW| | |*| | | |*|
  2: | | | | |*| |*| | | |
  1: | | | | |*| | | | | |
  0: | | | |SW| | | | | | |
 -1: ---------------------

Change number: 23
New plant * has grown at (3,2)
 y\x  0 1 2 3 4 5 6 7 8 9
 10: ---------------------
  9: | | | | | |*| | | | |
  8: | | | | | | | | | |*|
  7: |*| | |*|N| | |*| | |
  6: | | | |*|NW|*| |SW| | |
  5: |*|*|*|*|*|*| |*|*|*|
  4: | | | | | | | | | | |
  3: | | |NW| | |*| | | |*|
  2: | | | |*|*| |*| | | |
  1: | | | | |*| | | | | |
  0: | | | |SW| | | | | | |
 -1: ---------------------

Change number: 24
New plant * has grown at (0,3)
 y\x  0 1 2 3 4 5 6 7 8 9
 10: ---------------------
  9: | | | | | |*| | | | |
  8: | | | | | | | | | |*|
  7: |*| | |*|N| | |*| | |
  6: | | | |*|NW|*| |SW| | |
  5: |*|*|*|*|*|*| |*|*|*|
  4: | | | | | | | | | | |
  3: |*| |NW| | |*| | | |*|
  2: | | | |*|*| |*| | | |
  1: | | | | |*| | | | | |
  0: | | | |SW| | | | | | |
 -1: ---------------------

Change number: 25
New plant * has grown at (9,1)
 y\x  0 1 2 3 4 5 6 7 8 9
 10: ---------------------
  9: | | | | | |*| | | | |
  8: | | | | | | | | | |*|
  7: |*| | |*|N| | |*| | |
  6: | | | |*|NW|*| |SW| | |
  5: |*|*|*|*|*|*| |*|*|*|
  4: | | | | | | | | | | |
  3: |*| |NW| | |*| | | |*|
  2: | | | |*|*| |*| | | |
  1: | | | | |*| | | | |*|
  0: | | | |SW| | | | | | |
 -1: ---------------------

Change number: 26
New plant * has grown at (2,1)
 y\x  0 1 2 3 4 5 6 7 8 9
 10: ---------------------
  9: | | | | | |*| | | | |
  8: | | | | | | | | | |*|
  7: |*| | |*|N| | |*| | |
  6: | | | |*|NW|*| |SW| | |
  5: |*|*|*|*|*|*| |*|*|*|
  4: | | | | | | | | | | |
  3: |*| |NW| | |*| | | |*|
  2: | | | |*|*| |*| | | |
  1: | | |*| |*| | | | |*|
  0: | | | |SW| | | | | | |
 -1: ---------------------

Change number: 27
New plant * has grown at (0,1)
 y\x  0 1 2 3 4 5 6 7 8 9
 10: ---------------------
  9: | | | | | |*| | | | |
  8: | | | | | | | | | |*|
  7: |*| | |*|N| | |*| | |
  6: | | | |*|NW|*| |SW| | |
  5: |*|*|*|*|*|*| |*|*|*|
  4: | | | | | | | | | | |
  3: |*| |NW| | |*| | | |*|
  2: | | | |*|*| |*| | | |
  1: |*| |*| |*| | | | |*|
  0: | | | |SW| | | | | | |
 -1: ---------------------

Change number: 28
New plant * has grown at (3,9)
 y\x  0 1 2 3 4 5 6 7 8 9
 10: ---------------------
  9: | | | |*| |*| | | | |
  8: | | | | | | | | | |*|
  7: |*| | |*|N| | |*| | |
  6: | | | |*|NW|*| |SW| | |
  5: |*|*|*|*|*|*| |*|*|*|
  4: | | | | | | | | | | |
  3: |*| |NW| | |*| | | |*|
  2: | | | |*|*| |*| | | |
  1: |*| |*| |*| | | | |*|
  0: | | | |SW| | | | | | |
 -1: ---------------------

Change number: 29
New plant * has grown at (2,7)
 y\x  0 1 2 3 4 5 6 7 8 9
 10: ---------------------
  9: | | | |*| |*| | | | |
  8: | | | | | | | | | |*|
  7: |*| |*|*|N| | |*| | |
  6: | | | |*|NW|*| |SW| | |
  5: |*|*|*|*|*|*| |*|*|*|
  4: | | | | | | | | | | |
  3: |*| |NW| | |*| | | |*|
  2: | | | |*|*| |*| | | |
  1: |*| |*| |*| | | | |*|
  0: | | | |SW| | | | | | |
 -1: ---------------------

Change number: 30
New plant * has grown at (0,9)
 y\x  0 1 2 3 4 5 6 7 8 9
 10: ---------------------
  9: |*| | |*| |*| | | | |
  8: | | | | | | | | | |*|
  7: |*| |*|*|N| | |*| | |
  6: | | | |*|NW|*| |SW| | |
  5: |*|*|*|*|*|*| |*|*|*|
  4: | | | | | | | | | | |
  3: |*| |NW| | |*| | | |*|
  2: | | | |*|*| |*| | | |
  1: |*| |*| |*| | | | |*|
  0: | | | |SW| | | | | | |
 -1: ---------------------

Change number: 31
Animal was moved from (4,6)  to (5,7)
 y\x  0 1 2 3 4 5 6 7 8 9
 10: ---------------------
  9: |*| | |*| |*| | | | |
  8: | | | | | | | | | |*|
  7: |*| |*|*|N|NE| |*| | |
  6: | | | |*| |*| |SW| | |
  5: |*|*|*|*|*|*| |*|*|*|
  4: | | | | | | | | | | |
  3: |*| |NW| | |*| | | |*|
  2: | | | |*|*| |*| | | |
  1: |*| |*| |*| | | | |*|
  0: | | | |SW| | | | | | |
 -1: ---------------------

Change number: 32
Animal was moved from (3,0)  to (3,1)
 y\x  0 1 2 3 4 5 6 7 8 9
 10: ---------------------
  9: |*| | |*| |*| | | | |
  8: | | | | | | | | | |*|
  7: |*| |*|*|N|NE| |*| | |
  6: | | | |*| |*| |SW| | |
  5: |*|*|*|*|*|*| |*|*|*|
  4: | | | | | | | | | | |
  3: |*| |NW| | |*| | | |*|
  2: | | | |*|*| |*| | | |
  1: |*| |*|N|*| | | | |*|
  0: | | | | | | | | | | |
 -1: ---------------------

Change number: 33
Animal was moved from (4,7)  to (5,7)
 y\x  0 1 2 3 4 5 6 7 8 9
 10: ---------------------
  9: |*| | |*| |*| | | | |
  8: | | | | | | | | | |*|
  7: |*| |*|*| |NE| |*| | |
  6: | | | |*| |*| |SW| | |
  5: |*|*|*|*|*|*| |*|*|*|
  4: | | | | | | | | | | |
  3: |*| |NW| | |*| | | |*|
  2: | | | |*|*| |*| | | |
  1: |*| |*|N|*| | | | |*|
  0: | | | | | | | | | | |
 -1: ---------------------

Change number: 34
Animal was moved from (2,3)  to (1,4)
 y\x  0 1 2 3 4 5 6 7 8 9
 10: ---------------------
  9: |*| | |*| |*| | | | |
  8: | | | | | | | | | |*|
  7: |*| |*|*| |NE| |*| | |
  6: | | | |*| |*| |SW| | |
  5: |*|*|*|*|*|*| |*|*|*|
  4: | |NW| | | | | | | | |
  3: |*| | | | |*| | | |*|
  2: | | | |*|*| |*| | | |
  1: |*| |*|N|*| | | | |*|
  0: | | | | | | | | | | |
 -1: ---------------------

Change number: 35
Animal was moved from (7,6)  to (8,6)
 y\x  0 1 2 3 4 5 6 7 8 9
 10: ---------------------
  9: |*| | |*| |*| | | | |
  8: | | | | | | | | | |*|
  7: |*| |*|*| |NE| |*| | |
  6: | | | |*| |*| | |E| |
  5: |*|*|*|*|*|*| |*|*|*|
  4: | |NW| | | | | | | | |
  3: |*| | | | |*| | | |*|
  2: | | | |*|*| |*| | | |
  1: |*| |*|N|*| | | | |*|
  0: | | | | | | | | | | |
 -1: ---------------------

Change number: 36
New animal has been born at (5,7)
 y\x  0 1 2 3 4 5 6 7 8 9
 10: ---------------------
  9: |*| | |*| |*| | | | |
  8: | | | | | | | | | |*|
  7: |*| |*|*| |NE| |*| | |
  6: | | | |*| |*| | |E| |
  5: |*|*|*|*|*|*| |*|*|*|
  4: | |NW| | | | | | | | |
  3: |*| | | | |*| | | |*|
  2: | | | |*|*| |*| | | |
  1: |*| |*|N|*| | | | |*|
  0: | | | | | | | | | | |
 -1: ---------------------

Change number: 37
New plant * has grown at (3,3)
 y\x  0 1 2 3 4 5 6 7 8 9
 10: ---------------------
  9: |*| | |*| |*| | | | |
  8: | | | | | | | | | |*|
  7: |*| |*|*| |NE| |*| | |
  6: | | | |*| |*| | |E| |
  5: |*|*|*|*|*|*| |*|*|*|
  4: | |NW| | | | | | | | |
  3: |*| | |*| |*| | | |*|
  2: | | | |*|*| |*| | | |
  1: |*| |*|N|*| | | | |*|
  0: | | | | | | | | | | |
 -1: ---------------------

Change number: 38
New plant * has grown at (2,0)
 y\x  0 1 2 3 4 5 6 7 8 9
 10: ---------------------
  9: |*| | |*| |*| | | | |
  8: | | | | | | | | | |*|
  7: |*| |*|*| |NE| |*| | |
  6: | | | |*| |*| | |E| |
  5: |*|*|*|*|*|*| |*|*|*|
  4: | |NW| | | | | | | | |
  3: |*| | |*| |*| | | |*|
  2: | | | |*|*| |*| | | |
  1: |*| |*|N|*| | | | |*|
  0: | | |*| | | | | | | |
 -1: ---------------------

Change number: 39
New plant * has grown at (6,1)
 y\x  0 1 2 3 4 5 6 7 8 9
 10: ---------------------
  9: |*| | |*| |*| | | | |
  8: | | | | | | | | | |*|
  7: |*| |*|*| |NE| |*| | |
  6: | | | |*| |*| | |E| |
  5: |*|*|*|*|*|*| |*|*|*|
  4: | |NW| | | | | | | | |
  3: |*| | |*| |*| | | |*|
  2: | | | |*|*| |*| | | |
  1: |*| |*|N|*| |*| | |*|
  0: | | |*| | | | | | | |
 -1: ---------------------

Change number: 40
New plant * has grown at (4,4)
 y\x  0 1 2 3 4 5 6 7 8 9
 10: ---------------------
  9: |*| | |*| |*| | | | |
  8: | | | | | | | | | |*|
  7: |*| |*|*| |NE| |*| | |
  6: | | | |*| |*| | |E| |
  5: |*|*|*|*|*|*| |*|*|*|
  4: | |NW| | |*| | | | | |
  3: |*| | |*| |*| | | |*|
  2: | | | |*|*| |*| | | |
  1: |*| |*|N|*| |*| | |*|
  0: | | |*| | | | | | | |
 -1: ---------------------

Change number: 41
New plant * has grown at (5,0)
 y\x  0 1 2 3 4 5 6 7 8 9
 10: ---------------------
  9: |*| | |*| |*| | | | |
  8: | | | | | | | | | |*|
  7: |*| |*|*| |NE| |*| | |
  6: | | | |*| |*| | |E| |
  5: |*|*|*|*|*|*| |*|*|*|
  4: | |NW| | |*| | | | | |
  3: |*| | |*| |*| | | |*|
  2: | | | |*|*| |*| | | |
  1: |*| |*|N|*| |*| | |*|
  0: | | |*| | |*| | | | |
 -1: ---------------------

Change number: 42
New plant * has grown at (6,4)
 y\x  0 1 2 3 4 5 6 7 8 9
 10: ---------------------
  9: |*| | |*| |*| | | | |
  8: | | | | | | | | | |*|
  7: |*| |*|*| |NE| |*| | |
  6: | | | |*| |*| | |E| |
  5: |*|*|*|*|*|*| |*|*|*|
  4: | |NW| | |*| |*| | | |
  3: |*| | |*| |*| | | |*|
  2: | | | |*|*| |*| | | |
  1: |*| |*|N|*| |*| | |*|
  0: | | |*| | |*| | | | |
 -1: ---------------------

Change number: 43
New plant * has grown at (9,2)
 y\x  0 1 2 3 4 5 6 7 8 9
 10: ---------------------
  9: |*| | |*| |*| | | | |
  8: | | | | | | | | | |*|
  7: |*| |*|*| |NE| |*| | |
  6: | | | |*| |*| | |E| |
  5: |*|*|*|*|*|*| |*|*|*|
  4: | |NW| | |*| |*| | | |
  3: |*| | |*| |*| | | |*|
  2: | | | |*|*| |*| | |*|
  1: |*| |*|N|*| |*| | |*|
  0: | | |*| | |*| | | | |
 -1: ---------------------

Change number: 44
New plant * has grown at (2,6)
 y\x  0 1 2 3 4 5 6 7 8 9
 10: ---------------------
  9: |*| | |*| |*| | | | |
  8: | | | | | | | | | |*|
  7: |*| |*|*| |NE| |*| | |
  6: | | |*|*| |*| | |E| |
  5: |*|*|*|*|*|*| |*|*|*|
  4: | |NW| | |*| |*| | | |
  3: |*| | |*| |*| | | |*|
  2: | | | |*|*| |*| | |*|
  1: |*| |*|N|*| |*| | |*|
  0: | | |*| | |*| | | | |
 -1: ---------------------

Change number: 45
New plant * has grown at (1,4)
 y\x  0 1 2 3 4 5 6 7 8 9
 10: ---------------------
  9: |*| | |*| |*| | | | |
  8: | | | | | | | | | |*|
  7: |*| |*|*| |NE| |*| | |
  6: | | |*|*| |*| | |E| |
  5: |*|*|*|*|*|*| |*|*|*|
  4: | |NW| | |*| |*| | | |
  3: |*| | |*| |*| | | |*|
  2: | | | |*|*| |*| | |*|
  1: |*| |*|N|*| |*| | |*|
  0: | | |*| | |*| | | | |
 -1: ---------------------

Change number: 46
New plant * has grown at (0,4)
 y\x  0 1 2 3 4 5 6 7 8 9
 10: ---------------------
  9: |*| | |*| |*| | | | |
  8: | | | | | | | | | |*|
  7: |*| |*|*| |NE| |*| | |
  6: | | |*|*| |*| | |E| |
  5: |*|*|*|*|*|*| |*|*|*|
  4: |*|NW| | |*| |*| | | |
  3: |*| | |*| |*| | | |*|
  2: | | | |*|*| |*| | |*|
  1: |*| |*|N|*| |*| | |*|
  0: | | |*| | |*| | | | |
 -1: ---------------------

Change number: 47
Animal was moved from (5,7)  to (6,6)
 y\x  0 1 2 3 4 5 6 7 8 9
 10: ---------------------
  9: |*| | |*| |*| | | | |
  8: | | | | | | | | | |*|
  7: |*| |*|*| |E| |*| | |
  6: | | |*|*| |*|SE| |E| |
  5: |*|*|*|*|*|*| |*|*|*|
  4: |*|NW| | |*| |*| | | |
  3: |*| | |*| |*| | | |*|
  2: | | | |*|*| |*| | |*|
  1: |*| |*|N|*| |*| | |*|
  0: | | |*| | |*| | | | |
 -1: ---------------------

Change number: 48
Animal was moved from (3,1)  to (2,2)
 y\x  0 1 2 3 4 5 6 7 8 9
 10: ---------------------
  9: |*| | |*| |*| | | | |
  8: | | | | | | | | | |*|
  7: |*| |*|*| |E| |*| | |
  6: | | |*|*| |*|SE| |E| |
  5: |*|*|*|*|*|*| |*|*|*|
  4: |*|NW| | |*| |*| | | |
  3: |*| | |*| |*| | | |*|
  2: | | |NW|*|*| |*| | |*|
  1: |*| |*| |*| |*| | |*|
  0: | | |*| | |*| | | | |
 -1: ---------------------

Change number: 49
Animal was moved from (5,7)  to (5,6)
 y\x  0 1 2 3 4 5 6 7 8 9
 10: ---------------------
  9: |*| | |*| |*| | | | |
  8: | | | | | | | | | |*|
  7: |*| |*|*| | | |*| | |
  6: | | |*|*| |S|SE| |E| |
  5: |*|*|*|*|*|*| |*|*|*|
  4: |*|NW| | |*| |*| | | |
  3: |*| | |*| |*| | | |*|
  2: | | |NW|*|*| |*| | |*|
  1: |*| |*| |*| |*| | |*|
  0: | | |*| | |*| | | | |
 -1: ---------------------

Change number: 50
Animal was moved from (1,4)  to (2,4)
 y\x  0 1 2 3 4 5 6 7 8 9
 10: ---------------------
  9: |*| | |*| |*| | | | |
  8: | | | | | | | | | |*|
  7: |*| |*|*| | | |*| | |
  6: | | |*|*| |S|SE| |E| |
  5: |*|*|*|*|*|*| |*|*|*|
  4: |*|*|E| |*| |*| | | |
  3: |*| | |*| |*| | | |*|
  2: | | |NW|*|*| |*| | |*|
  1: |*| |*| |*| |*| | |*|
  0: | | |*| | |*| | | | |
 -1: ---------------------

Change number: 51
Animal was moved from (8,6)  to (7,5)
 y\x  0 1 2 3 4 5 6 7 8 9
 10: ---------------------
  9: |*| | |*| |*| | | | |
  8: | | | | | | | | | |*|
  7: |*| |*|*| | | |*| | |
  6: | | |*|*| |S|SE| | | |
  5: |*|*|*|*|*|*| |SW|*|*|
  4: |*|*|E| |*| |*| | | |
  3: |*| | |*| |*| | | |*|
  2: | | |NW|*|*| |*| | |*|
  1: |*| |*| |*| |*| | |*|
  0: | | |*| | |*| | | | |
 -1: ---------------------

Change number: 52
Animal was moved from (5,7)  to (4,7)
 y\x  0 1 2 3 4 5 6 7 8 9
 10: ---------------------
  9: |*| | |*| |*| | | | |
  8: | | | | | | | | | |*|
  7: |*| |*|*|W| | |*| | |
  6: | | |*|*| |S|SE| | | |
  5: |*|*|*|*|*|*| |SW|*|*|
  4: |*|*|E| |*| |*| | | |
  3: |*| | |*| |*| | | |*|
  2: | | |NW|*|*| |*| | |*|
  1: |*| |*| |*| |*| | |*|
  0: | | |*| | |*| | | | |
 -1: ---------------------

Change number: 53
Plant * has been eaten at (7,5)
 y\x  0 1 2 3 4 5 6 7 8 9
 10: ---------------------
  9: |*| | |*| |*| | | | |
  8: | | | | | | | | | |*|
  7: |*| |*|*|W| | |*| | |
  6: | | |*|*| |S|SE| | | |
  5: |*|*|*|*|*|*| |SW|*|*|
  4: |*|*|E| |*| |*| | | |
  3: |*| | |*| |*| | | |*|
  2: | | |NW|*|*| |*| | |*|
  1: |*| |*| |*| |*| | |*|
  0: | | |*| | |*| | | | |
 -1: ---------------------

Change number: 54
Plant * has been eaten at (5,6)
 y\x  0 1 2 3 4 5 6 7 8 9
 10: ---------------------
  9: |*| | |*| |*| | | | |
  8: | | | | | | | | | |*|
  7: |*| |*|*|W| | |*| | |
  6: | | |*|*| |S|SE| | | |
  5: |*|*|*|*|*|*| |SW|*|*|
  4: |*|*|E| |*| |*| | | |
  3: |*| | |*| |*| | | |*|
  2: | | |NW|*|*| |*| | |*|
  1: |*| |*| |*| |*| | |*|
  0: | | |*| | |*| | | | |
 -1: ---------------------

Change number: 55
New plant * has grown at (7,3)
 y\x  0 1 2 3 4 5 6 7 8 9
 10: ---------------------
  9: |*| | |*| |*| | | | |
  8: | | | | | | | | | |*|
  7: |*| |*|*|W| | |*| | |
  6: | | |*|*| |S|SE| | | |
  5: |*|*|*|*|*|*| |SW|*|*|
  4: |*|*|E| |*| |*| | | |
  3: |*| | |*| |*| |*| |*|
  2: | | |NW|*|*| |*| | |*|
  1: |*| |*| |*| |*| | |*|
  0: | | |*| | |*| | | | |
 -1: ---------------------

Change number: 56
New plant * has grown at (7,6)
 y\x  0 1 2 3 4 5 6 7 8 9
 10: ---------------------
  9: |*| | |*| |*| | | | |
  8: | | | | | | | | | |*|
  7: |*| |*|*|W| | |*| | |
  6: | | |*|*| |S|SE|*| | |
  5: |*|*|*|*|*|*| |SW|*|*|
  4: |*|*|E| |*| |*| | | |
  3: |*| | |*| |*| |*| |*|
  2: | | |NW|*|*| |*| | |*|
  1: |*| |*| |*| |*| | |*|
  0: | | |*| | |*| | | | |
 -1: ---------------------

Change number: 57
New plant * has grown at (2,4)
 y\x  0 1 2 3 4 5 6 7 8 9
 10: ---------------------
  9: |*| | |*| |*| | | | |
  8: | | | | | | | | | |*|
  7: |*| |*|*|W| | |*| | |
  6: | | |*|*| |S|SE|*| | |
  5: |*|*|*|*|*|*| |SW|*|*|
  4: |*|*|E| |*| |*| | | |
  3: |*| | |*| |*| |*| |*|
  2: | | |NW|*|*| |*| | |*|
  1: |*| |*| |*| |*| | |*|
  0: | | |*| | |*| | | | |
 -1: ---------------------

Change number: 58
New plant * has grown at (8,7)
 y\x  0 1 2 3 4 5 6 7 8 9
 10: ---------------------
  9: |*| | |*| |*| | | | |
  8: | | | | | | | | | |*|
  7: |*| |*|*|W| | |*|*| |
  6: | | |*|*| |S|SE|*| | |
  5: |*|*|*|*|*|*| |SW|*|*|
  4: |*|*|E| |*| |*| | | |
  3: |*| | |*| |*| |*| |*|
  2: | | |NW|*|*| |*| | |*|
  1: |*| |*| |*| |*| | |*|
  0: | | |*| | |*| | | | |
 -1: ---------------------

Change number: 59
New plant * has grown at (3,4)
 y\x  0 1 2 3 4 5 6 7 8 9
 10: ---------------------
  9: |*| | |*| |*| | | | |
  8: | | | | | | | | | |*|
  7: |*| |*|*|W| | |*|*| |
  6: | | |*|*| |S|SE|*| | |
  5: |*|*|*|*|*|*| |SW|*|*|
  4: |*|*|E|*|*| |*| | | |
  3: |*| | |*| |*| |*| |*|
  2: | | |NW|*|*| |*| | |*|
  1: |*| |*| |*| |*| | |*|
  0: | | |*| | |*| | | | |
 -1: ---------------------

Change number: 60
New plant * has grown at (7,9)
 y\x  0 1 2 3 4 5 6 7 8 9
 10: ---------------------
  9: |*| | |*| |*| |*| | |
  8: | | | | | | | | | |*|
  7: |*| |*|*|W| | |*|*| |
  6: | | |*|*| |S|SE|*| | |
  5: |*|*|*|*|*|*| |SW|*|*|
  4: |*|*|E|*|*| |*| | | |
  3: |*| | |*| |*| |*| |*|
  2: | | |NW|*|*| |*| | |*|
  1: |*| |*| |*| |*| | |*|
  0: | | |*| | |*| | | | |
 -1: ---------------------

Change number: 61
New plant * has grown at (8,6)
 y\x  0 1 2 3 4 5 6 7 8 9
 10: ---------------------
  9: |*| | |*| |*| |*| | |
  8: | | | | | | | | | |*|
  7: |*| |*|*|W| | |*|*| |
  6: | | |*|*| |S|SE|*|*| |
  5: |*|*|*|*|*|*| |SW|*|*|
  4: |*|*|E|*|*| |*| | | |
  3: |*| | |*| |*| |*| |*|
  2: | | |NW|*|*| |*| | |*|
  1: |*| |*| |*| |*| | |*|
  0: | | |*| | |*| | | | |
 -1: ---------------------

Change number: 62
New plant * has grown at (8,9)
 y\x  0 1 2 3 4 5 6 7 8 9
 10: ---------------------
  9: |*| | |*| |*| |*|*| |
  8: | | | | | | | | | |*|
  7: |*| |*|*|W| | |*|*| |
  6: | | |*|*| |S|SE|*|*| |
  5: |*|*|*|*|*|*| |SW|*|*|
  4: |*|*|E|*|*| |*| | | |
  3: |*| | |*| |*| |*| |*|
  2: | | |NW|*|*| |*| | |*|
  1: |*| |*| |*| |*| | |*|
  0: | | |*| | |*| | | | |
 -1: ---------------------

Change number: 63
New plant * has grown at (5,2)
 y\x  0 1 2 3 4 5 6 7 8 9
 10: ---------------------
  9: |*| | |*| |*| |*|*| |
  8: | | | | | | | | | |*|
  7: |*| |*|*|W| | |*|*| |
  6: | | |*|*| |S|SE|*|*| |
  5: |*|*|*|*|*|*| |SW|*|*|
  4: |*|*|E|*|*| |*| | | |
  3: |*| | |*| |*| |*| |*|
  2: | | |NW|*|*|*|*| | |*|
  1: |*| |*| |*| |*| | |*|
  0: | | |*| | |*| | | | |
 -1: ---------------------

Change number: 64
New plant * has grown at (6,7)
 y\x  0 1 2 3 4 5 6 7 8 9
 10: ---------------------
  9: |*| | |*| |*| |*|*| |
  8: | | | | | | | | | |*|
  7: |*| |*|*|W| |*|*|*| |
  6: | | |*|*| |S|SE|*|*| |
  5: |*|*|*|*|*|*| |SW|*|*|
  4: |*|*|E|*|*| |*| | | |
  3: |*| | |*| |*| |*| |*|
  2: | | |NW|*|*|*|*| | |*|
  1: |*| |*| |*| |*| | |*|
  0: | | |*| | |*| | | | |
 -1: ---------------------

Change number: 65
Animal was moved from (6,6)  to (7,5)
 y\x  0 1 2 3 4 5 6 7 8 9
 10: ---------------------
  9: |*| | |*| |*| |*|*| |
  8: | | | | | | | | | |*|
  7: |*| |*|*|W| |*|*|*| |
  6: | | |*|*| |S| |*|*| |
  5: |*|*|*|*|*|*| |SW|*|*|
  4: |*|*|E|*|*| |*| | | |
  3: |*| | |*| |*| |*| |*|
  2: | | |NW|*|*|*|*| | |*|
  1: |*| |*| |*| |*| | |*|
  0: | | |*| | |*| | | | |
 -1: ---------------------

Change number: 66
Animal was moved from (2,2)  to (1,3)
 y\x  0 1 2 3 4 5 6 7 8 9
 10: ---------------------
  9: |*| | |*| |*| |*|*| |
  8: | | | | | | | | | |*|
  7: |*| |*|*|W| |*|*|*| |
  6: | | |*|*| |S| |*|*| |
  5: |*|*|*|*|*|*| |SW|*|*|
  4: |*|*|E|*|*| |*| | | |
  3: |*|NW| |*| |*| |*| |*|
  2: | | | |*|*|*|*| | |*|
  1: |*| |*| |*| |*| | |*|
  0: | | |*| | |*| | | | |
 -1: ---------------------

Change number: 67
Animal was moved from (5,6)  to (5,7)
 y\x  0 1 2 3 4 5 6 7 8 9
 10: ---------------------
  9: |*| | |*| |*| |*|*| |
  8: | | | | | | | | | |*|
  7: |*| |*|*|W|N|*|*|*| |
  6: | | |*|*| | | |*|*| |
  5: |*|*|*|*|*|*| |SW|*|*|
  4: |*|*|E|*|*| |*| | | |
  3: |*|NW| |*| |*| |*| |*|
  2: | | | |*|*|*|*| | |*|
  1: |*| |*| |*| |*| | |*|
  0: | | |*| | |*| | | | |
 -1: ---------------------

Change number: 68
Animal was moved from (2,4)  to (1,5)
 y\x  0 1 2 3 4 5 6 7 8 9
 10: ---------------------
  9: |*| | |*| |*| |*|*| |
  8: | | | | | | | | | |*|
  7: |*| |*|*|W|N|*|*|*| |
  6: | | |*|*| | | |*|*| |
  5: |*|NW|*|*|*|*| |SW|*|*|
  4: |*|*|*|*|*| |*| | | |
  3: |*|NW| |*| |*| |*| |*|
  2: | | | |*|*|*|*| | |*|
  1: |*| |*| |*| |*| | |*|
  0: | | |*| | |*| | | | |
 -1: ---------------------

Change number: 69
Animal was moved from (7,5)  to (7,4)
 y\x  0 1 2 3 4 5 6 7 8 9
 10: ---------------------
  9: |*| | |*| |*| |*|*| |
  8: | | | | | | | | | |*|
  7: |*| |*|*|W|N|*|*|*| |
  6: | | |*|*| | | |*|*| |
  5: |*|NW|*|*|*|*| |SE|*|*|
  4: |*|*|*|*|*| |*|S| | |
  3: |*|NW| |*| |*| |*| |*|
  2: | | | |*|*|*|*| | |*|
  1: |*| |*| |*| |*| | |*|
  0: | | |*| | |*| | | | |
 -1: ---------------------

