Change number: 0
Animal was moved from (3,0)  to (3,0)
 y\x  0 1 2 3 4
  5: -----------
  4: | | |*| | |
  3: | | | | | |
  2: |NE|N| | |*|
  1: | | | | | |
  0: |N|NE| |S| |
 -1: -----------

Change number: 1
Animal was moved from (1,0)  to (2,0)
 y\x  0 1 2 3 4
  5: -----------
  4: | | |*| | |
  3: | | | | | |
  2: |NE|N| | |*|
  1: | | | | | |
  0: |N| |E|S| |
 -1: -----------

Change number: 2
Animal was moved from (1,2)  to (2,2)
 y\x  0 1 2 3 4
  5: -----------
  4: | | |*| | |
  3: | | | | | |
  2: |NE|*|E| |*|
  1: | | | | | |
  0: |N| |E|S| |
 -1: -----------

Change number: 3
Animal was moved from (0,2)  to (0,2)
 y\x  0 1 2 3 4
  5: -----------
  4: | | |*| | |
  3: | | | | | |
  2: |W|*|E| |*|
  1: | | | | | |
  0: |N| |E|S| |
 -1: -----------

Change number: 4
Animal was moved from (0,0)  to (0,0)
 y\x  0 1 2 3 4
  5: -----------
  4: | | |*| | |
  3: | | | | | |
  2: |W|*|E| |*|
  1: | | | | | |
  0: |W| |E|S| |
 -1: -----------

Change number: 5
Plant * has been eaten at (0,2)
 y\x  0 1 2 3 4
  5: -----------
  4: | | |*| | |
  3: | | | | | |
  2: |W|*|E| |*|
  1: | | | | | |
  0: |W| |E|S| |
 -1: -----------

Change number: 6
Plant * has been eaten at (3,0)
 y\x  0 1 2 3 4
  5: -----------
  4: | | |*| | |
  3: | | | | | |
  2: |W|*|E| |*|
  1: | | | | | |
  0: |W| |E|S| |
 -1: -----------

Change number: 7
New plant * has grown at (4,0)
 y\x  0 1 2 3 4
  5: -----------
  4: | | |*| | |
  3: | | | | | |
  2: |W|*|E| |*|
  1: | | | | | |
  0: |W| |E|S|*|
 -1: -----------

Change number: 8
New plant * has grown at (0,4)
 y\x  0 1 2 3 4
  5: -----------
  4: |*| |*| | |
  3: | | | | | |
  2: |W|*|E| |*|
  1: | | | | | |
  0: |W| |E|S|*|
 -1: -----------

Change number: 9
New plant * has grown at (3,0)
 y\x  0 1 2 3 4
  5: -----------
  4: |*| |*| | |
  3: | | | | | |
  2: |W|*|E| |*|
  1: | | | | | |
  0: |W| |E|S|*|
 -1: -----------

Change number: 10
New plant * has grown at (2,1)
 y\x  0 1 2 3 4
  5: -----------
  4: |*| |*| | |
  3: | | | | | |
  2: |W|*|E| |*|
  1: | | |*| | |
  0: |W| |E|S|*|
 -1: -----------

Change number: 11
New plant * has grown at (0,0)
 y\x  0 1 2 3 4
  5: -----------
  4: |*| |*| | |
  3: | | | | | |
  2: |W|*|E| |*|
  1: | | |*| | |
  0: |W| |E|S|*|
 -1: -----------

Change number: 12
Animal was moved from (3,0)  to (3,0)
 y\x  0 1 2 3 4
  5: -----------
  4: |*| |*| | |
  3: | | | | | |
  2: |W|*|E| |*|
  1: | | |*| | |
  0: |W| |E|S|*|
 -1: -----------

Change number: 13
Animal was moved from (2,0)  to (3,0)
 y\x  0 1 2 3 4
  5: -----------
  4: |*| |*| | |
  3: | | | | | |
  2: |W|*|E| |*|
  1: | | |*| | |
  0: |W| | |S|*|
 -1: -----------

Change number: 14
Animal was moved from (2,2)  to (1,2)
 y\x  0 1 2 3 4
  5: -----------
  4: |*| |*| | |
  3: | | | | | |
  2: |W|W| | |*|
  1: | | |*| | |
  0: |W| | |S|*|
 -1: -----------

Change number: 15
Animal was moved from (0,2)  to (0,3)
 y\x  0 1 2 3 4
  5: -----------
  4: |*| |*| | |
  3: |NW| | | | |
  2: | |W| | |*|
  1: | | |*| | |
  0: |W| | |S|*|
 -1: -----------

Change number: 16
Animal was moved from (0,0)  to (1,0)
 y\x  0 1 2 3 4
  5: -----------
  4: |*| |*| | |
  3: |NW| | | | |
  2: | |W| | |*|
  1: | | |*| | |
  0: |*|E| |S|*|
 -1: -----------

Change number: 17
Plant * has been eaten at (1,2)
 y\x  0 1 2 3 4
  5: -----------
  4: |*| |*| | |
  3: |NW| | | | |
  2: | |W| | |*|
  1: | | |*| | |
  0: |*|E| |S|*|
 -1: -----------

Change number: 18
Plant * has been eaten at (3,0)
 y\x  0 1 2 3 4
  5: -----------
  4: |*| |*| | |
  3: |NW| | | | |
  2: | |W| | |*|
  1: | | |*| | |
  0: |*|E| |S|*|
 -1: -----------

Change number: 19
New plant * has grown at (2,3)
 y\x  0 1 2 3 4
  5: -----------
  4: |*| |*| | |
  3: |NW| |*| | |
  2: | |W| | |*|
  1: | | |*| | |
  0: |*|E| |S|*|
 -1: -----------

Change number: 20
New plant * has grown at (3,1)
 y\x  0 1 2 3 4
  5: -----------
  4: |*| |*| | |
  3: |NW| |*| | |
  2: | |W| | |*|
  1: | | |*|*| |
  0: |*|E| |S|*|
 -1: -----------

Change number: 21
New plant * has grown at (1,4)
 y\x  0 1 2 3 4
  5: -----------
  4: |*|*|*| | |
  3: |NW| |*| | |
  2: | |W| | |*|
  1: | | |*|*| |
  0: |*|E| |S|*|
 -1: -----------

Change number: 22
New plant * has grown at (3,3)
 y\x  0 1 2 3 4
  5: -----------
  4: |*|*|*| | |
  3: |NW| |*|*| |
  2: | |W| | |*|
  1: | | |*|*| |
  0: |*|E| |S|*|
 -1: -----------

Change number: 23
New plant * has grown at (4,4)
 y\x  0 1 2 3 4
  5: -----------
  4: |*|*|*| |*|
  3: |NW| |*|*| |
  2: | |W| | |*|
  1: | | |*|*| |
  0: |*|E| |S|*|
 -1: -----------

Change number: 24
Animal was moved from (3,0)  to (2,0)
 y\x  0 1 2 3 4
  5: -----------
  4: |*|*|*| |*|
  3: |NW| |*|*| |
  2: | |W| | |*|
  1: | | |*|*| |
  0: |*|E|W|SE|*|
 -1: -----------

Change number: 25
Animal was moved from (3,0)  to (2,0)
 y\x  0 1 2 3 4
  5: -----------
  4: |*|*|*| |*|
  3: |NW| |*|*| |
  2: | |W| | |*|
  1: | | |*|*| |
  0: |*|E|W| |*|
 -1: -----------

Change number: 26
Animal was moved from (1,2)  to (2,3)
 y\x  0 1 2 3 4
  5: -----------
  4: |*|*|*| |*|
  3: |NW| |NE|*| |
  2: | | | | |*|
  1: | | |*|*| |
  0: |*|E|W| |*|
 -1: -----------

Change number: 27
Animal was moved from (0,3)  to (0,2)
 y\x  0 1 2 3 4
  5: -----------
  4: |*|*|*| |*|
  3: | | |NE|*| |
  2: |S| | | |*|
  1: | | |*|*| |
  0: |*|E|W| |*|
 -1: -----------

Change number: 28
Animal was moved from (1,0)  to (1,1)
 y\x  0 1 2 3 4
  5: -----------
  4: |*|*|*| |*|
  3: | | |NE|*| |
  2: |S| | | |*|
  1: | |N|*|*| |
  0: |*| |W| |*|
 -1: -----------

Change number: 29
Plant * has been eaten at (2,3)
 y\x  0 1 2 3 4
  5: -----------
  4: |*|*|*| |*|
  3: | | |NE|*| |
  2: |S| | | |*|
  1: | |N|*|*| |
  0: |*| |W| |*|
 -1: -----------

Change number: 30
New plant * has grown at (2,0)
 y\x  0 1 2 3 4
  5: -----------
  4: |*|*|*| |*|
  3: | | |NE|*| |
  2: |S| | | |*|
  1: | |N|*|*| |
  0: |*| |W| |*|
 -1: -----------

Change number: 31
New plant * has grown at (2,3)
 y\x  0 1 2 3 4
  5: -----------
  4: |*|*|*| |*|
  3: | | |NE|*| |
  2: |S| | | |*|
  1: | |N|*|*| |
  0: |*| |W| |*|
 -1: -----------

Change number: 32
New plant * has grown at (4,3)
 y\x  0 1 2 3 4
  5: -----------
  4: |*|*|*| |*|
  3: | | |NE|*|*|
  2: |S| | | |*|
  1: | |N|*|*| |
  0: |*| |W| |*|
 -1: -----------

Change number: 33
New plant * has grown at (0,3)
 y\x  0 1 2 3 4
  5: -----------
  4: |*|*|*| |*|
  3: |*| |NE|*|*|
  2: |S| | | |*|
  1: | |N|*|*| |
  0: |*| |W| |*|
 -1: -----------

Change number: 34
New plant * has grown at (0,1)
 y\x  0 1 2 3 4
  5: -----------
  4: |*|*|*| |*|
  3: |*| |NE|*|*|
  2: |S| | | |*|
  1: |*|N|*|*| |
  0: |*| |W| |*|
 -1: -----------

Change number: 35
Animal was moved from (2,0)  to (1,0)
 y\x  0 1 2 3 4
  5: -----------
  4: |*|*|*| |*|
  3: |*| |NE|*|*|
  2: |S| | | |*|
  1: |*|N|*|*| |
  0: |*|SW|SW| |*|
 -1: -----------

Change number: 36
Animal was moved from (2,0)  to (1,0)
 y\x  0 1 2 3 4
  5: -----------
  4: |*|*|*| |*|
  3: |*| |NE|*|*|
  2: |S| | | |*|
  1: |*|N|*|*| |
  0: |*|SW|*| |*|
 -1: -----------

Change number: 37
Animal was moved from (2,3)  to (1,3)
 y\x  0 1 2 3 4
  5: -----------
  4: |*|*|*| |*|
  3: |*|W|*|*|*|
  2: |S| | | |*|
  1: |*|N|*|*| |
  0: |*|SW|*| |*|
 -1: -----------

Change number: 38
Animal was moved from (0,2)  to (0,1)
 y\x  0 1 2 3 4
  5: -----------
  4: |*|*|*| |*|
  3: |*|W|*|*|*|
  2: | | | | |*|
  1: |SW|N|*|*| |
  0: |*|SW|*| |*|
 -1: -----------

Change number: 39
Animal was moved from (1,1)  to (0,0)
 y\x  0 1 2 3 4
  5: -----------
  4: |*|*|*| |*|
  3: |*|W|*|*|*|
  2: | | | | |*|
  1: |SW| |*|*| |
  0: |SW|SW|*| |*|
 -1: -----------

Change number: 40
Plant * has been eaten at (0,0)
 y\x  0 1 2 3 4
  5: -----------
  4: |*|*|*| |*|
  3: |*|W|*|*|*|
  2: | | | | |*|
  1: |SW| |*|*| |
  0: |SW|SW|*| |*|
 -1: -----------

Change number: 41
Plant * has been eaten at (0,1)
 y\x  0 1 2 3 4
  5: -----------
  4: |*|*|*| |*|
  3: |*|W|*|*|*|
  2: | | | | |*|
  1: |SW| |*|*| |
  0: |SW|SW|*| |*|
 -1: -----------

Change number: 42
New plant * has grown at (3,2)
 y\x  0 1 2 3 4
  5: -----------
  4: |*|*|*| |*|
  3: |*|W|*|*|*|
  2: | | | |*|*|
  1: |SW| |*|*| |
  0: |SW|SW|*| |*|
 -1: -----------

Change number: 43
New plant * has grown at (3,4)
 y\x  0 1 2 3 4
  5: -----------
  4: |*|*|*|*|*|
  3: |*|W|*|*|*|
  2: | | | |*|*|
  1: |SW| |*|*| |
  0: |SW|SW|*| |*|
 -1: -----------

Change number: 44
New plant * has grown at (4,1)
 y\x  0 1 2 3 4
  5: -----------
  4: |*|*|*|*|*|
  3: |*|W|*|*|*|
  2: | | | |*|*|
  1: |SW| |*|*|*|
  0: |SW|SW|*| |*|
 -1: -----------

Change number: 45
New plant * has grown at (1,0)
 y\x  0 1 2 3 4
  5: -----------
  4: |*|*|*|*|*|
  3: |*|W|*|*|*|
  2: | | | |*|*|
  1: |SW| |*|*|*|
  0: |SW|SW|*| |*|
 -1: -----------

Change number: 46
New plant * has grown at (0,2)
 y\x  0 1 2 3 4
  5: -----------
  4: |*|*|*|*|*|
  3: |*|W|*|*|*|
  2: |*| | |*|*|
  1: |SW| |*|*|*|
  0: |SW|SW|*| |*|
 -1: -----------

Change number: 47
Animal was moved from (1,0)  to (0,1)
 y\x  0 1 2 3 4
  5: -----------
  4: |*|*|*|*|*|
  3: |*|W|*|*|*|
  2: |*| | |*|*|
  1: |SW| |*|*|*|
  0: |SW|W|*| |*|
 -1: -----------

Change number: 48
Animal was moved from (1,0)  to (0,1)
 y\x  0 1 2 3 4
  5: -----------
  4: |*|*|*|*|*|
  3: |*|W|*|*|*|
  2: |*| | |*|*|
  1: |SW| |*|*|*|
  0: |SW|*|*| |*|
 -1: -----------

Change number: 49
Animal was moved from (1,3)  to (2,2)
 y\x  0 1 2 3 4
  5: -----------
  4: |*|*|*|*|*|
  3: |*| |*|*|*|
  2: |*| |SE|*|*|
  1: |SW| |*|*|*|
  0: |SW|*|*| |*|
 -1: -----------

Change number: 50
Animal was moved from (0,1)  to (1,2)
 y\x  0 1 2 3 4
  5: -----------
  4: |*|*|*|*|*|
  3: |*| |*|*|*|
  2: |*|NE|SE|*|*|
  1: |NW| |*|*|*|
  0: |SW|*|*| |*|
 -1: -----------

Change number: 51
Animal was moved from (0,0)  to (1,0)
 y\x  0 1 2 3 4
  5: -----------
  4: |*|*|*|*|*|
  3: |*| |*|*|*|
  2: |*|NE|SE|*|*|
  1: |NW| |*|*|*|
  0: | |SE|*| |*|
 -1: -----------

Change number: 52
Plant * has been eaten at (1,0)
 y\x  0 1 2 3 4
  5: -----------
  4: |*|*|*|*|*|
  3: |*| |*|*|*|
  2: |*|NE|SE|*|*|
  1: |NW| |*|*|*|
  0: | |SE|*| |*|
 -1: -----------

Change number: 53
New plant * has grown at (3,0)
 y\x  0 1 2 3 4
  5: -----------
  4: |*|*|*|*|*|
  3: |*| |*|*|*|
  2: |*|NE|SE|*|*|
  1: |NW| |*|*|*|
  0: | |SE|*|*|*|
 -1: -----------

Change number: 54
New plant * has grown at (1,1)
 y\x  0 1 2 3 4
  5: -----------
  4: |*|*|*|*|*|
  3: |*| |*|*|*|
  2: |*|NE|SE|*|*|
  1: |NW|*|*|*|*|
  0: | |SE|*|*|*|
 -1: -----------

Change number: 55
New plant * has grown at (1,3)
 y\x  0 1 2 3 4
  5: -----------
  4: |*|*|*|*|*|
  3: |*|*|*|*|*|
  2: |*|NE|SE|*|*|
  1: |NW|*|*|*|*|
  0: | |SE|*|*|*|
 -1: -----------

Change number: 56
New plant * has grown at (1,2)
 y\x  0 1 2 3 4
  5: -----------
  4: |*|*|*|*|*|
  3: |*|*|*|*|*|
  2: |*|NE|SE|*|*|
  1: |NW|*|*|*|*|
  0: | |SE|*|*|*|
 -1: -----------

Change number: 57
New plant * has grown at (2,2)
 y\x  0 1 2 3 4
  5: -----------
  4: |*|*|*|*|*|
  3: |*|*|*|*|*|
  2: |*|NE|SE|*|*|
  1: |NW|*|*|*|*|
  0: | |SE|*|*|*|
 -1: -----------

Change number: 58
Animal NW died at (0,1)
 y\x  0 1 2 3 4
  5: -----------
  4: |*|*|*|*|*|
  3: |*|*|*|*|*|
  2: |*|NE|SE|*|*|
  1: |NW|*|*|*|*|
  0: | |SE|*|*|*|
 -1: -----------

Change number: 59
Animal was moved from (0,1)  to (1,1)
 y\x  0 1 2 3 4
  5: -----------
  4: |*|*|*|*|*|
  3: |*|*|*|*|*|
  2: |*|NE|SE|*|*|
  1: | |E|*|*|*|
  0: | |SE|*|*|*|
 -1: -----------

Change number: 60
Animal was moved from (2,2)  to (1,1)
 y\x  0 1 2 3 4
  5: -----------
  4: |*|*|*|*|*|
  3: |*|*|*|*|*|
  2: |*|NE|*|*|*|
  1: | |E|*|*|*|
  0: | |SE|*|*|*|
 -1: -----------

Change number: 61
Animal was moved from (1,2)  to (0,2)
 y\x  0 1 2 3 4
  5: -----------
  4: |*|*|*|*|*|
  3: |*|*|*|*|*|
  2: |W|*|*|*|*|
  1: | |SW|*|*|*|
  0: | |SE|*|*|*|
 -1: -----------

Change number: 62
Animal was moved from (1,0)  to (2,1)
 y\x  0 1 2 3 4
  5: -----------
  4: |*|*|*|*|*|
  3: |*|*|*|*|*|
  2: |W|*|*|*|*|
  1: | |E|NE|*|*|
  0: | | |*|*|*|
 -1: -----------

Change number: 63
Plant * has been eaten at (2,1)
 y\x  0 1 2 3 4
  5: -----------
  4: |*|*|*|*|*|
  3: |*|*|*|*|*|
  2: |W|*|*|*|*|
  1: | |E|NE|*|*|
  0: | | |*|*|*|
 -1: -----------

Change number: 64
Plant * has been eaten at (1,1)
 y\x  0 1 2 3 4
  5: -----------
  4: |*|*|*|*|*|
  3: |*|*|*|*|*|
  2: |W|*|*|*|*|
  1: | |E|NE|*|*|
  0: | | |*|*|*|
 -1: -----------

Change number: 65
Plant * has been eaten at (0,2)
 y\x  0 1 2 3 4
  5: -----------
  4: |*|*|*|*|*|
  3: |*|*|*|*|*|
  2: |W|*|*|*|*|
  1: | |E|NE|*|*|
  0: | | |*|*|*|
 -1: -----------

Change number: 66
New animal has been born at (1,1)
 y\x  0 1 2 3 4
  5: -----------
  4: |*|*|*|*|*|
  3: |*|*|*|*|*|
  2: |W|*|*|*|*|
  1: | |E|NE|*|*|
  0: | | |*|*|*|
 -1: -----------

Change number: 67
New plant * has grown at (0,1)
 y\x  0 1 2 3 4
  5: -----------
  4: |*|*|*|*|*|
  3: |*|*|*|*|*|
  2: |W|*|*|*|*|
  1: |*|E|NE|*|*|
  0: | | |*|*|*|
 -1: -----------

Change number: 68
New plant * has grown at (1,0)
 y\x  0 1 2 3 4
  5: -----------
  4: |*|*|*|*|*|
  3: |*|*|*|*|*|
  2: |W|*|*|*|*|
  1: |*|E|NE|*|*|
  0: | |*|*|*|*|
 -1: -----------

Change number: 69
New plant * has grown at (0,0)
 y\x  0 1 2 3 4
  5: -----------
  4: |*|*|*|*|*|
  3: |*|*|*|*|*|
  2: |W|*|*|*|*|
  1: |*|E|NE|*|*|
  0: |*|*|*|*|*|
 -1: -----------

Change number: 70
New plant * has grown at (2,1)
 y\x  0 1 2 3 4
  5: -----------
  4: |*|*|*|*|*|
  3: |*|*|*|*|*|
  2: |W|*|*|*|*|
  1: |*|E|NE|*|*|
  0: |*|*|*|*|*|
 -1: -----------

Change number: 71
New plant * has grown at (0,2)
 y\x  0 1 2 3 4
  5: -----------
  4: |*|*|*|*|*|
  3: |*|*|*|*|*|
  2: |W|*|*|*|*|
  1: |*|E|NE|*|*|
  0: |*|*|*|*|*|
 -1: -----------

Change number: 72
Animal was moved from (1,1)  to (2,1)
 y\x  0 1 2 3 4
  5: -----------
  4: |*|*|*|*|*|
  3: |*|*|*|*|*|
  2: |W|*|*|*|*|
  1: |*|SW|NE|*|*|
  0: |*|*|*|*|*|
 -1: -----------

Change number: 73
Animal was moved from (1,1)  to (2,2)
 y\x  0 1 2 3 4
  5: -----------
  4: |*|*|*|*|*|
  3: |*|*|*|*|*|
  2: |W|*|NE|*|*|
  1: |*| |NE|*|*|
  0: |*|*|*|*|*|
 -1: -----------

Change number: 74
Animal was moved from (0,2)  to (0,3)
 y\x  0 1 2 3 4
  5: -----------
  4: |*|*|*|*|*|
  3: |NW|*|*|*|*|
  2: |*|*|NE|*|*|
  1: |*| |NE|*|*|
  0: |*|*|*|*|*|
 -1: -----------

Change number: 75
Animal was moved from (1,1)  to (2,0)
 y\x  0 1 2 3 4
  5: -----------
  4: |*|*|*|*|*|
  3: |NW|*|*|*|*|
  2: |*|*|NE|*|*|
  1: |*| |NE|*|*|
  0: |*|*|SE|*|*|
 -1: -----------

Change number: 76
Animal was moved from (2,1)  to (1,0)
 y\x  0 1 2 3 4
  5: -----------
  4: |*|*|*|*|*|
  3: |NW|*|*|*|*|
  2: |*|*|NE|*|*|
  1: |*| |E|*|*|
  0: |*|SW|SE|*|*|
 -1: -----------

Change number: 77
Plant * has been eaten at (2,1)
 y\x  0 1 2 3 4
  5: -----------
  4: |*|*|*|*|*|
  3: |NW|*|*|*|*|
  2: |*|*|NE|*|*|
  1: |*| |E|*|*|
  0: |*|SW|SE|*|*|
 -1: -----------

Change number: 78
Plant * has been eaten at (2,2)
 y\x  0 1 2 3 4
  5: -----------
  4: |*|*|*|*|*|
  3: |NW|*|*|*|*|
  2: |*|*|NE|*|*|
  1: |*| |E|*|*|
  0: |*|SW|SE|*|*|
 -1: -----------

Change number: 79
Plant * has been eaten at (0,3)
 y\x  0 1 2 3 4
  5: -----------
  4: |*|*|*|*|*|
  3: |NW|*|*|*|*|
  2: |*|*|NE|*|*|
  1: |*| |E|*|*|
  0: |*|SW|SE|*|*|
 -1: -----------

Change number: 80
Plant * has been eaten at (1,0)
 y\x  0 1 2 3 4
  5: -----------
  4: |*|*|*|*|*|
  3: |NW|*|*|*|*|
  2: |*|*|NE|*|*|
  1: |*| |E|*|*|
  0: |*|SW|SE|*|*|
 -1: -----------

Change number: 81
Plant * has been eaten at (2,0)
 y\x  0 1 2 3 4
  5: -----------
  4: |*|*|*|*|*|
  3: |NW|*|*|*|*|
  2: |*|*|NE|*|*|
  1: |*| |E|*|*|
  0: |*|SW|SE|*|*|
 -1: -----------

Change number: 82
New plant * has grown at (2,0)
 y\x  0 1 2 3 4
  5: -----------
  4: |*|*|*|*|*|
  3: |NW|*|*|*|*|
  2: |*|*|NE|*|*|
  1: |*| |E|*|*|
  0: |*|SW|SE|*|*|
 -1: -----------

Change number: 83
New plant * has grown at (1,1)
 y\x  0 1 2 3 4
  5: -----------
  4: |*|*|*|*|*|
  3: |NW|*|*|*|*|
  2: |*|*|NE|*|*|
  1: |*|*|E|*|*|
  0: |*|SW|SE|*|*|
 -1: -----------

Change number: 84
New plant * has grown at (2,2)
 y\x  0 1 2 3 4
  5: -----------
  4: |*|*|*|*|*|
  3: |NW|*|*|*|*|
  2: |*|*|NE|*|*|
  1: |*|*|E|*|*|
  0: |*|SW|SE|*|*|
 -1: -----------

Change number: 85
New plant * has grown at (0,3)
 y\x  0 1 2 3 4
  5: -----------
  4: |*|*|*|*|*|
  3: |NW|*|*|*|*|
  2: |*|*|NE|*|*|
  1: |*|*|E|*|*|
  0: |*|SW|SE|*|*|
 -1: -----------

Change number: 86
New plant * has grown at (1,0)
 y\x  0 1 2 3 4
  5: -----------
  4: |*|*|*|*|*|
  3: |NW|*|*|*|*|
  2: |*|*|NE|*|*|
  1: |*|*|E|*|*|
  0: |*|SW|SE|*|*|
 -1: -----------

Change number: 87
Animal was moved from (2,1)  to (2,0)
 y\x  0 1 2 3 4
  5: -----------
  4: |*|*|*|*|*|
  3: |NW|*|*|*|*|
  2: |*|*|NE|*|*|
  1: |*|*| |*|*|
  0: |*|SW|SE|*|*|
 -1: -----------

Change number: 88
Animal was moved from (2,2)  to (2,1)
 y\x  0 1 2 3 4
  5: -----------
  4: |*|*|*|*|*|
  3: |NW|*|*|*|*|
  2: |*|*|*|*|*|
  1: |*|*|S|*|*|
  0: |*|SW|SE|*|*|
 -1: -----------

Change number: 89
Animal was moved from (0,3)  to (0,2)
 y\x  0 1 2 3 4
  5: -----------
  4: |*|*|*|*|*|
  3: |*|*|*|*|*|
  2: |S|*|*|*|*|
  1: |*|*|S|*|*|
  0: |*|SW|SE|*|*|
 -1: -----------

